
=== Launch start 2025-12-17 19:35:37 ===
bash: cannot set terminal process group (6045): Inappropriate ioctl for device
bash: no job control in this shell
[INFO] [launch]: All log files can be found below /home/ray/.ros/log/2025-12-17-19-35-41-474368-ray-6047
[INFO] [launch]: Default logging verbosity is set to INFO
[INFO] [launch.user]: ðŸš€ å•Ÿå‹• YDLidar + éœæ…‹ TF
[37;1m2025-12-17 19:35:41.777 [31;1m[[37;1mRTPS_TRANSPORT_SHM[31;1m Error] [37mFailed init_port fastrtps_port14911: open_and_lock_file failed[34;1m -> Function [36mopen_port_internal[m
[37;1m2025-12-17 19:35:41.777 [31;1m[[37;1mRTPS_TRANSPORT_SHM[31;1m Error] [37mFailed init_port fastrtps_port14913: open_and_lock_file failed[34;1m -> Function [36mopen_port_internal[m
[37;1m2025-12-17 19:35:41.779 [31;1m[[37;1mRTPS_TRANSPORT_SHM[31;1m Error] [37mFailed init_port fastrtps_port14917: open_and_lock_file failed[34;1m -> Function [36mopen_port_internal[m
[37;1m2025-12-17 19:35:41.780 [31;1m[[37;1mRTPS_TRANSPORT_SHM[31;1m Error] [37mFailed init_port fastrtps_port14921: open_and_lock_file failed[34;1m -> Function [36mopen_port_internal[m
[37;1m2025-12-17 19:35:41.782 [31;1m[[37;1mRTPS_TRANSPORT_SHM[31;1m Error] [37mFailed init_port fastrtps_port14925: open_and_lock_file failed[34;1m -> Function [36mopen_port_internal[m
[37;1m2025-12-17 19:35:41.784 [31;1m[[37;1mRTPS_TRANSPORT_SHM[31;1m Error] [37mFailed init_port fastrtps_port14933: open_and_lock_file failed[34;1m -> Function [36mopen_port_internal[m
[INFO] [ydlidar_ros2_driver_node-1]: process started with pid [6125]
[INFO] [static_transform_publisher-2]: process started with pid [6127]
[static_transform_publisher-2] [WARN] [1766000142.037690016] []: Old-style arguments are deprecated; see --help for new-style arguments

=== Launch start 2025-12-17 19:39:04 ===
bash: cannot set terminal process group (6707): Inappropriate ioctl for device
bash: no job control in this shell
[INFO] [launch]: All log files can be found below /home/ray/.ros/log/2025-12-17-19-39-08-549683-ray-6709
[INFO] [launch]: Default logging verbosity is set to INFO
[INFO] [launch.user]: ðŸš€ å•Ÿå‹• YDLidar + éœæ…‹ TF
[37;1m2025-12-17 19:39:08.853 [31;1m[[37;1mRTPS_TRANSPORT_SHM[31;1m Error] [37mFailed init_port fastrtps_port14911: open_and_lock_file failed[34;1m -> Function [36mopen_port_internal[m
[37;1m2025-12-17 19:39:08.854 [31;1m[[37;1mRTPS_TRANSPORT_SHM[31;1m Error] [37mFailed init_port fastrtps_port14913: open_and_lock_file failed[34;1m -> Function [36mopen_port_internal[m
[37;1m2025-12-17 19:39:08.855 [31;1m[[37;1mRTPS_TRANSPORT_SHM[31;1m Error] [37mFailed init_port fastrtps_port14917: open_and_lock_file failed[34;1m -> Function [36mopen_port_internal[m
[37;1m2025-12-17 19:39:08.857 [31;1m[[37;1mRTPS_TRANSPORT_SHM[31;1m Error] [37mFailed init_port fastrtps_port14921: open_and_lock_file failed[34;1m -> Function [36mopen_port_internal[m
[37;1m2025-12-17 19:39:08.858 [31;1m[[37;1mRTPS_TRANSPORT_SHM[31;1m Error] [37mFailed init_port fastrtps_port14925: open_and_lock_file failed[34;1m -> Function [36mopen_port_internal[m
[37;1m2025-12-17 19:39:08.861 [31;1m[[37;1mRTPS_TRANSPORT_SHM[31;1m Error] [37mFailed init_port fastrtps_port14933: open_and_lock_file failed[34;1m -> Function [36mopen_port_internal[m
[37;1m2025-12-17 19:39:08.862 [31;1m[[37;1mRTPS_TRANSPORT_SHM[31;1m Error] [37mFailed init_port fastrtps_port14935: open_and_lock_file failed[34;1m -> Function [36mopen_port_internal[m
[INFO] [ydlidar_ros2_driver_node-1]: process started with pid [6784]
[INFO] [static_transform_publisher-2]: process started with pid [6786]
[ydlidar_ros2_driver_node-1] [37;1m2025-12-17 19:39:09.127 [31;1m[[37;1mRTPS_TRANSPORT_SHM[31;1m Error] [37mFailed init_port fastrtps_port14911: open_and_lock_file failed[34;1m -> Function [36mopen_port_internal[m
[ydlidar_ros2_driver_node-1] [37;1m2025-12-17 19:39:09.129 [31;1m[[37;1mRTPS_TRANSPORT_SHM[31;1m Error] [37mFailed init_port fastrtps_port14913: open_and_lock_file failed[34;1m -> Function [36mopen_port_internal[m
[static_transform_publisher-2] [WARN] [1766000349.131375636] []: Old-style arguments are deprecated; see --help for new-style arguments
[ydlidar_ros2_driver_node-1] [37;1m2025-12-17 19:39:09.131 [31;1m[[37;1mRTPS_TRANSPORT_SHM[31;1m Error] [37mFailed init_port fastrtps_port14917: open_and_lock_file failed[34;1m -> Function [36mopen_port_internal[m
[ydlidar_ros2_driver_node-1] [37;1m2025-12-17 19:39:09.134 [31;1m[[37;1mRTPS_TRANSPORT_SHM[31;1m Error] [37mFailed init_port fastrtps_port14921: open_and_lock_file failed[34;1m -> Function [36mopen_port_internal[m
[ydlidar_ros2_driver_node-1] [37;1m2025-12-17 19:39:09.143 [31;1m[[37;1mRTPS_TRANSPORT_SHM[31;1m Error] [37mFailed init_port fastrtps_port14925: open_and_lock_file failed[34;1m -> Function [36mopen_port_internal[m
[ydlidar_ros2_driver_node-1] [37;1m2025-12-17 19:39:09.153 [31;1m[[37;1mRTPS_TRANSPORT_SHM[31;1m Error] [37mFailed init_port fastrtps_port14933: open_and_lock_file failed[34;1m -> Function [36mopen_port_internal[m
[ydlidar_ros2_driver_node-1] [37;1m2025-12-17 19:39:09.156 [31;1m[[37;1mRTPS_TRANSPORT_SHM[31;1m Error] [37mFailed init_port fastrtps_port14935: open_and_lock_file failed[34;1m -> Function [36mopen_port_internal[m
[static_transform_publisher-2] [37;1m2025-12-17 19:39:09.155 [31;1m[[37;1mRTPS_TRANSPORT_SHM[31;1m Error] [37mFailed init_port fastrtps_port14911: open_and_lock_file failed[34;1m -> Function [36mopen_port_internal[m
[static_transform_publisher-2] [37;1m2025-12-17 19:39:09.156 [31;1m[[37;1mRTPS_TRANSPORT_SHM[31;1m Error] [37mFailed init_port fastrtps_port14913: open_and_lock_file failed[34;1m -> Function [36mopen_port_internal[m
[static_transform_publisher-2] [37;1m2025-12-17 19:39:09.158 [31;1m[[37;1mRTPS_TRANSPORT_SHM[31;1m Error] [37mFailed init_port fastrtps_port14917: open_and_lock_file failed[34;1m -> Function [36mopen_port_internal[m
[static_transform_publisher-2] [37;1m2025-12-17 19:39:09.160 [31;1m[[37;1mRTPS_TRANSPORT_SHM[31;1m Error] [37mFailed init_port fastrtps_port14921: open_and_lock_file failed[34;1m -> Function [36mopen_port_internal[m
[static_transform_publisher-2] [37;1m2025-12-17 19:39:09.163 [31;1m[[37;1mRTPS_TRANSPORT_SHM[31;1m Error] [37mFailed init_port fastrtps_port14925: open_and_lock_file failed[34;1m -> Function [36mopen_port_internal[m
[static_transform_publisher-2] [37;1m2025-12-17 19:39:09.168 [31;1m[[37;1mRTPS_TRANSPORT_SHM[31;1m Error] [37mFailed init_port fastrtps_port14933: open_and_lock_file failed[34;1m -> Function [36mopen_port_internal[m
[static_transform_publisher-2] [37;1m2025-12-17 19:39:09.170 [31;1m[[37;1mRTPS_TRANSPORT_SHM[31;1m Error] [37mFailed init_port fastrtps_port14935: open_and_lock_file failed[34;1m -> Function [36mopen_port_internal[m
[static_transform_publisher-2] [INFO] [1766000349.767366432] [static_tf_pub_laser]: Spinning until stopped - publishing transform
[static_transform_publisher-2] translation: ('0.000000', '0.000000', '0.020000')
[static_transform_publisher-2] rotation: ('0.000000', '0.000000', '0.000000', '1.000000')
[static_transform_publisher-2] from 'base_link' to 'laser_frame'
[ydlidar_ros2_driver_node-1] [0m[INFO] [1766000349.919605692] [ydlidar_ros2_driver_node]: [YDLIDAR INFO] Current ROS Driver Version: 1.0.1
[ydlidar_ros2_driver_node-1] [0m
[ydlidar_ros2_driver_node-1] [2025-12-17 19:39:09][info] SDK initializing
[ydlidar_ros2_driver_node-1] [2025-12-17 19:39:09][info] SDK has been initialized
[ydlidar_ros2_driver_node-1] [2025-12-17 19:39:09][info] SDK Version: 1.2.19
[ydlidar_ros2_driver_node-1] [2025-12-17 19:39:09][info] Connect elapsed time 29 ms
[ydlidar_ros2_driver_node-1] [2025-12-17 19:39:09][info] Lidar successfully connected [/dev/ttyUSB0:115200]
[ydlidar_ros2_driver_node-1] [2025-12-17 19:39:09][info] Lidar running correctly! The health status good
[ydlidar_ros2_driver_node-1] [0;31m[2025-12-17 19:39:09][error] Fail to get baseplate device information!
[ydlidar_ros2_driver_node-1] [0m[2025-12-17 19:39:09][info] Check status, Elapsed time 0 ms
[ydlidar_ros2_driver_node-1] [2025-12-17 19:39:09][info] Lidar init success, Elapsed time [29]ms
[ydlidar_ros2_driver_node-1] [2025-12-17 19:39:10][info] Start to getting intensity flag
[ydlidar_ros2_driver_node-1] [2025-12-17 19:39:10][info] Auto set intensity 0
[ydlidar_ros2_driver_node-1] [2025-12-17 19:39:10][info] [YDLIDAR] End to getting intensity flag
[ydlidar_ros2_driver_node-1] [2025-12-17 19:39:10][info] [YDLIDAR] Create thread 0x93FFE8E0
[ydlidar_ros2_driver_node-1] [2025-12-17 19:39:11][info] Successed to start scan mode, Elapsed time 1391 ms
[ydlidar_ros2_driver_node-1] [2025-12-17 19:39:11][info] Scan Frequency: 5.50Hz
[ydlidar_ros2_driver_node-1] [2025-12-17 19:39:11][info] Fixed Size: 720
[ydlidar_ros2_driver_node-1] [2025-12-17 19:39:11][info] Sample Rate: 3.00K
[ydlidar_ros2_driver_node-1] [2025-12-17 19:39:11][info] Scan Frequency: 5.50Hz
[ydlidar_ros2_driver_node-1] [2025-12-17 19:39:11][info] Fixed Size: 720
[ydlidar_ros2_driver_node-1] [2025-12-17 19:39:11][info] Sample Rate: 3.00K
[ydlidar_ros2_driver_node-1] [2025-12-17 19:39:11][info] Scan Frequency: 5.50Hz
[ydlidar_ros2_driver_node-1] [2025-12-17 19:39:11][info] Fixed Size: 720
[ydlidar_ros2_driver_node-1] [2025-12-17 19:39:11][info] Sample Rate: 3.00K
[ydlidar_ros2_driver_node-1] [2025-12-17 19:39:11][info] Single Fixed Size: 240
[ydlidar_ros2_driver_node-1] [2025-12-17 19:39:11][info] Sample Rate: 3.00K
[ydlidar_ros2_driver_node-1] [2025-12-17 19:39:11][info] Successed to check the lidar, Elapsed time 305 ms
[ydlidar_ros2_driver_node-1] [2025-12-17 19:39:11][info] Now lidar is scanning...
[ydlidar_ros2_driver_node-1] [0;33m[2025-12-17 19:39:11][warn] [YDLIDAR]: Real point count 245 > fixed point count 240
[ydlidar_ros2_driver_node-1] [0m[0;33m[2025-12-17 19:39:11][warn] [YDLIDAR]: Real point count 244 > fixed point count 240
[ydlidar_ros2_driver_node-1] [0m[0;33m[2025-12-17 19:39:11][warn] [YDLIDAR]: Real point count 245 > fixed point count 240
[ydlidar_ros2_driver_node-1] [0m[0;33m[2025-12-17 19:39:11][warn] [YDLIDAR]: Real point count 244 > fixed point count 240
[ydlidar_ros2_driver_node-1] [0m[0;33m[2025-12-17 19:39:12][warn] [YDLIDAR]: Real point count 244 > fixed point count 240
[ydlidar_ros2_driver_node-1] [0m[0;33m[2025-12-17 19:39:12][warn] [YDLIDAR]: Real point count 245 > fixed point count 240
[ydlidar_ros2_driver_node-1] [0m[0;33m[2025-12-17 19:39:12][warn] [YDLIDAR]: Real point count 244 > fixed point count 240
[ydlidar_ros2_driver_node-1] [0m[0;33m[2025-12-17 19:39:12][warn] [YDLIDAR]: Real point count 245 > fixed point count 240
[ydlidar_ros2_driver_node-1] [0m[0;33m[2025-12-17 19:39:12][warn] [YDLIDAR]: Real point count 244 > fixed point count 240
[ydlidar_ros2_driver_node-1] [0m[0;33m[2025-12-17 19:39:12][warn] [YDLIDAR]: Real point count 245 > fixed point count 240
[ydlidar_ros2_driver_node-1] [0m[0;33m[2025-12-17 19:39:12][warn] [YDLIDAR]: Real point count 244 > fixed point count 240
[ydlidar_ros2_driver_node-1] [0m[0;33m[2025-12-17 19:39:12][warn] [YDLIDAR]: Real point count 245 > fixed point count 240
[ydlidar_ros2_driver_node-1] [0m[0;33m[2025-12-17 19:39:12][warn] [YDLIDAR]: Real point count 244 > fixed point count 240
[ydlidar_ros2_driver_node-1] [0m[0;33m[2025-12-17 19:39:12][warn] [YDLIDAR]: Real point count 244 > fixed point count 240
[ydlidar_ros2_driver_node-1] [0m[0;33m[2025-12-17 19:39:12][warn] [YDLIDAR]: Real point count 245 > fixed point count 240
[ydlidar_ros2_driver_node-1] [0m[0;33m[2025-12-17 19:39:12][warn] [YDLIDAR]: Real point count 245 > fixed point count 240
[ydlidar_ros2_driver_node-1] [0m[0;33m[2025-12-17 19:39:13][warn] [YDLIDAR]: Real point count 244 > fixed point count 240
[ydlidar_ros2_driver_node-1] [0m[0;33m[2025-12-17 19:39:13][warn] [YDLIDAR]: Real point count 245 > fixed point count 240
[ydlidar_ros2_driver_node-1] [0m[0;33m[2025-12-17 19:39:13][warn] [YDLIDAR]: Real point count 244 > fixed point count 240
[ydlidar_ros2_driver_node-1] [0m[0;33m[2025-12-17 19:39:13][warn] [YDLIDAR]: Real point count 245 > fixed point count 240
[ydlidar_ros2_driver_node-1] [0m[0;33m[2025-12-17 19:39:13][warn] [YDLIDAR]: Real point count 244 > fixed point count 240
[ydlidar_ros2_driver_node-1] [0m[0;33m[2025-12-17 19:39:13][warn] [YDLIDAR]: Real point count 245 > fixed point count 240
[ydlidar_ros2_driver_node-1] [0m[0;33m[2025-12-17 19:39:13][warn] [YDLIDAR]: Real point count 245 > fixed point count 240
[ydlidar_ros2_driver_node-1] [0m[0;33m[2025-12-17 19:39:13][warn] [YDLIDAR]: Real point count 245 > fixed point count 240
[ydlidar_ros2_driver_node-1] [0m[0;33m[2025-12-17 19:39:13][warn] [YDLIDAR]: Real point count 244 > fixed point count 240
[ydlidar_ros2_driver_node-1] [0m[0;33m[2025-12-17 19:39:13][warn] [YDLIDAR]: Real point count 245 > fixed point count 240
[ydlidar_ros2_driver_node-1] [0m[0;33m[2025-12-17 19:39:13][warn] [YDLIDAR]: Real point count 245 > fixed point count 240
[ydlidar_ros2_driver_node-1] [0m[0;33m[2025-12-17 19:39:13][warn] [YDLIDAR]: Real point count 244 > fixed point count 240
[ydlidar_ros2_driver_node-1] [0m[0;33m[2025-12-17 19:39:14][warn] [YDLIDAR]: Real point count 245 > fixed point count 240

=== Launch start 2025-12-17 20:00:52 ===
bash: cannot set terminal process group (7262): Inappropriate ioctl for device
bash: no job control in this shell
[INFO] [launch]: All log files can be found below /home/ray/.ros/log/2025-12-17-20-00-56-625142-ray-7264
[INFO] [launch]: Default logging verbosity is set to INFO
[INFO] [launch.user]: ðŸš€ å•Ÿå‹• YDLidar + éœæ…‹ TF
[37;1m2025-12-17 20:00:56.935 [31;1m[[37;1mRTPS_TRANSPORT_SHM[31;1m Error] [37mFailed init_port fastrtps_port14911: open_and_lock_file failed[34;1m -> Function [36mopen_port_internal[m
[37;1m2025-12-17 20:00:56.936 [31;1m[[37;1mRTPS_TRANSPORT_SHM[31;1m Error] [37mFailed init_port fastrtps_port14913: open_and_lock_file failed[34;1m -> Function [36mopen_port_internal[m
[37;1m2025-12-17 20:00:56.938 [31;1m[[37;1mRTPS_TRANSPORT_SHM[31;1m Error] [37mFailed init_port fastrtps_port14917: open_and_lock_file failed[34;1m -> Function [36mopen_port_internal[m
[37;1m2025-12-17 20:00:56.939 [31;1m[[37;1mRTPS_TRANSPORT_SHM[31;1m Error] [37mFailed init_port fastrtps_port14921: open_and_lock_file failed[34;1m -> Function [36mopen_port_internal[m
[37;1m2025-12-17 20:00:56.941 [31;1m[[37;1mRTPS_TRANSPORT_SHM[31;1m Error] [37mFailed init_port fastrtps_port14925: open_and_lock_file failed[34;1m -> Function [36mopen_port_internal[m
[37;1m2025-12-17 20:00:56.943 [31;1m[[37;1mRTPS_TRANSPORT_SHM[31;1m Error] [37mFailed init_port fastrtps_port14933: open_and_lock_file failed[34;1m -> Function [36mopen_port_internal[m
[37;1m2025-12-17 20:00:56.945 [31;1m[[37;1mRTPS_TRANSPORT_SHM[31;1m Error] [37mFailed init_port fastrtps_port14935: open_and_lock_file failed[34;1m -> Function [36mopen_port_internal[m

=== Launch start 2025-12-17 20:15:27 ===
bash: cannot set terminal process group (7707): Inappropriate ioctl for device
bash: no job control in this shell
[INFO] [launch]: All log files can be found below /home/ray/.ros/log/2025-12-17-20-15-32-240877-ray-7709
[INFO] [launch]: Default logging verbosity is set to INFO
[INFO] [launch.user]: ðŸš€ å•Ÿå‹• YDLidar + éœæ…‹ TF
[37;1m2025-12-17 20:15:32.542 [31;1m[[37;1mRTPS_TRANSPORT_SHM[31;1m Error] [37mFailed init_port fastrtps_port14911: open_and_lock_file failed[34;1m -> Function [36mopen_port_internal[m
[37;1m2025-12-17 20:15:32.543 [31;1m[[37;1mRTPS_TRANSPORT_SHM[31;1m Error] [37mFailed init_port fastrtps_port14913: open_and_lock_file failed[34;1m -> Function [36mopen_port_internal[m
[37;1m2025-12-17 20:15:32.544 [31;1m[[37;1mRTPS_TRANSPORT_SHM[31;1m Error] [37mFailed init_port fastrtps_port14917: open_and_lock_file failed[34;1m -> Function [36mopen_port_internal[m
[37;1m2025-12-17 20:15:32.545 [31;1m[[37;1mRTPS_TRANSPORT_SHM[31;1m Error] [37mFailed init_port fastrtps_port14921: open_and_lock_file failed[34;1m -> Function [36mopen_port_internal[m
[37;1m2025-12-17 20:15:32.547 [31;1m[[37;1mRTPS_TRANSPORT_SHM[31;1m Error] [37mFailed init_port fastrtps_port14925: open_and_lock_file failed[34;1m -> Function [36mopen_port_internal[m
[37;1m2025-12-17 20:15:32.549 [31;1m[[37;1mRTPS_TRANSPORT_SHM[31;1m Error] [37mFailed init_port fastrtps_port14933: open_and_lock_file failed[34;1m -> Function [36mopen_port_internal[m
[37;1m2025-12-17 20:15:32.550 [31;1m[[37;1mRTPS_TRANSPORT_SHM[31;1m Error] [37mFailed init_port fastrtps_port14935: open_and_lock_file failed[34;1m -> Function [36mopen_port_internal[m
[37;1m2025-12-17 20:15:32.551 [31;1m[[37;1mRTPS_TRANSPORT_SHM[31;1m Error] [37mFailed init_port fastrtps_port14941: open_and_lock_file failed[34;1m -> Function [36mopen_port_internal[m

=== Launch start 2025-12-17 20:20:48 ===
bash: cannot set terminal process group (8214): Inappropriate ioctl for device
bash: no job control in this shell
[INFO] [launch]: All log files can be found below /home/ray/.ros/log/2025-12-17-20-20-52-577239-ray-8216
[INFO] [launch]: Default logging verbosity is set to INFO
[INFO] [launch.user]: ðŸš€ å•Ÿå‹• YDLidar + éœæ…‹ TF
[37;1m2025-12-17 20:20:52.891 [31;1m[[37;1mRTPS_TRANSPORT_SHM[31;1m Error] [37mFailed init_port fastrtps_port14911: open_and_lock_file failed[34;1m -> Function [36mopen_port_internal[m
[37;1m2025-12-17 20:20:52.892 [31;1m[[37;1mRTPS_TRANSPORT_SHM[31;1m Error] [37mFailed init_port fastrtps_port14913: open_and_lock_file failed[34;1m -> Function [36mopen_port_internal[m
[37;1m2025-12-17 20:20:52.894 [31;1m[[37;1mRTPS_TRANSPORT_SHM[31;1m Error] [37mFailed init_port fastrtps_port14917: open_and_lock_file failed[34;1m -> Function [36mopen_port_internal[m
[37;1m2025-12-17 20:20:52.895 [31;1m[[37;1mRTPS_TRANSPORT_SHM[31;1m Error] [37mFailed init_port fastrtps_port14921: open_and_lock_file failed[34;1m -> Function [36mopen_port_internal[m
[37;1m2025-12-17 20:20:52.897 [31;1m[[37;1mRTPS_TRANSPORT_SHM[31;1m Error] [37mFailed init_port fastrtps_port14925: open_and_lock_file failed[34;1m -> Function [36mopen_port_internal[m
[37;1m2025-12-17 20:20:52.900 [31;1m[[37;1mRTPS_TRANSPORT_SHM[31;1m Error] [37mFailed init_port fastrtps_port14933: open_and_lock_file failed[34;1m -> Function [36mopen_port_internal[m
[37;1m2025-12-17 20:20:52.901 [31;1m[[37;1mRTPS_TRANSPORT_SHM[31;1m Error] [37mFailed init_port fastrtps_port14935: open_and_lock_file failed[34;1m -> Function [36mopen_port_internal[m
[37;1m2025-12-17 20:20:52.903 [31;1m[[37;1mRTPS_TRANSPORT_SHM[31;1m Error] [37mFailed init_port fastrtps_port14941: open_and_lock_file failed[34;1m -> Function [36mopen_port_internal[m
[37;1m2025-12-17 20:20:52.904 [31;1m[[37;1mRTPS_TRANSPORT_SHM[31;1m Error] [37mFailed init_port fastrtps_port14943: open_and_lock_file failed[34;1m -> Function [36mopen_port_internal[m
[37;1m2025-12-17 20:20:52.906 [31;1m[[37;1mRTPS_TRANSPORT_SHM[31;1m Error] [37mFailed init_port fastrtps_port14947: open_and_lock_file failed[34;1m -> Function [36mopen_port_internal[m
[INFO] [ydlidar_ros2_driver_node-1]: process started with pid [8300]
[INFO] [static_transform_publisher-2]: process started with pid [8302]
[static_transform_publisher-2] [WARN] [1766002853.516268333] []: Old-style arguments are deprecated; see --help for new-style arguments
[static_transform_publisher-2] [37;1m2025-12-17 20:20:53.530 [31;1m[[37;1mRTPS_TRANSPORT_SHM[31;1m Error] [37mFailed init_port fastrtps_port14911: open_and_lock_file failed[34;1m -> Function [36mopen_port_internal[m
[static_transform_publisher-2] [37;1m2025-12-17 20:20:53.531 [31;1m[[37;1mRTPS_TRANSPORT_SHM[31;1m Error] [37mFailed init_port fastrtps_port14913: open_and_lock_file failed[34;1m -> Function [36mopen_port_internal[m
[static_transform_publisher-2] [37;1m2025-12-17 20:20:53.533 [31;1m[[37;1mRTPS_TRANSPORT_SHM[31;1m Error] [37mFailed init_port fastrtps_port14917: open_and_lock_file failed[34;1m -> Function [36mopen_port_internal[m
[static_transform_publisher-2] [37;1m2025-12-17 20:20:53.536 [31;1m[[37;1mRTPS_TRANSPORT_SHM[31;1m Error] [37mFailed init_port fastrtps_port14921: open_and_lock_file failed[34;1m -> Function [36mopen_port_internal[m
[static_transform_publisher-2] [37;1m2025-12-17 20:20:53.538 [31;1m[[37;1mRTPS_TRANSPORT_SHM[31;1m Error] [37mFailed init_port fastrtps_port14925: open_and_lock_file failed[34;1m -> Function [36mopen_port_internal[m
[static_transform_publisher-2] [37;1m2025-12-17 20:20:53.543 [31;1m[[37;1mRTPS_TRANSPORT_SHM[31;1m Error] [37mFailed init_port fastrtps_port14933: open_and_lock_file failed[34;1m -> Function [36mopen_port_internal[m
[static_transform_publisher-2] [37;1m2025-12-17 20:20:53.545 [31;1m[[37;1mRTPS_TRANSPORT_SHM[31;1m Error] [37mFailed init_port fastrtps_port14935: open_and_lock_file failed[34;1m -> Function [36mopen_port_internal[m
[static_transform_publisher-2] [37;1m2025-12-17 20:20:53.548 [31;1m[[37;1mRTPS_TRANSPORT_SHM[31;1m Error] [37mFailed init_port fastrtps_port14941: open_and_lock_file failed[34;1m -> Function [36mopen_port_internal[m
[static_transform_publisher-2] [37;1m2025-12-17 20:20:53.549 [31;1m[[37;1mRTPS_TRANSPORT_SHM[31;1m Error] [37mFailed init_port fastrtps_port14943: open_and_lock_file failed[34;1m -> Function [36mopen_port_internal[m
[static_transform_publisher-2] [37;1m2025-12-17 20:20:53.551 [31;1m[[37;1mRTPS_TRANSPORT_SHM[31;1m Error] [37mFailed init_port fastrtps_port14947: open_and_lock_file failed[34;1m -> Function [36mopen_port_internal[m
[ydlidar_ros2_driver_node-1] [37;1m2025-12-17 20:20:53.552 [31;1m[[37;1mRTPS_TRANSPORT_SHM[31;1m Error] [37mFailed init_port fastrtps_port14911: open_and_lock_file failed[34;1m -> Function [36mopen_port_internal[m
[ydlidar_ros2_driver_node-1] [37;1m2025-12-17 20:20:53.556 [31;1m[[37;1mRTPS_TRANSPORT_SHM[31;1m Error] [37mFailed init_port fastrtps_port14913: open_and_lock_file failed[34;1m -> Function [36mopen_port_internal[m
[ydlidar_ros2_driver_node-1] [37;1m2025-12-17 20:20:53.559 [31;1m[[37;1mRTPS_TRANSPORT_SHM[31;1m Error] [37mFailed init_port fastrtps_port14917: open_and_lock_file failed[34;1m -> Function [36mopen_port_internal[m
[ydlidar_ros2_driver_node-1] [37;1m2025-12-17 20:20:53.563 [31;1m[[37;1mRTPS_TRANSPORT_SHM[31;1m Error] [37mFailed init_port fastrtps_port14921: open_and_lock_file failed[34;1m -> Function [36mopen_port_internal[m
[ydlidar_ros2_driver_node-1] [37;1m2025-12-17 20:20:53.596 [31;1m[[37;1mRTPS_TRANSPORT_SHM[31;1m Error] [37mFailed init_port fastrtps_port14925: open_and_lock_file failed[34;1m -> Function [36mopen_port_internal[m
[ydlidar_ros2_driver_node-1] [37;1m2025-12-17 20:20:53.602 [31;1m[[37;1mRTPS_TRANSPORT_SHM[31;1m Error] [37mFailed init_port fastrtps_port14933: open_and_lock_file failed[34;1m -> Function [36mopen_port_internal[m
[ydlidar_ros2_driver_node-1] [37;1m2025-12-17 20:20:53.604 [31;1m[[37;1mRTPS_TRANSPORT_SHM[31;1m Error] [37mFailed init_port fastrtps_port14935: open_and_lock_file failed[34;1m -> Function [36mopen_port_internal[m
[ydlidar_ros2_driver_node-1] [37;1m2025-12-17 20:20:53.608 [31;1m[[37;1mRTPS_TRANSPORT_SHM[31;1m Error] [37mFailed init_port fastrtps_port14941: open_and_lock_file failed[34;1m -> Function [36mopen_port_internal[m
[ydlidar_ros2_driver_node-1] [37;1m2025-12-17 20:20:53.610 [31;1m[[37;1mRTPS_TRANSPORT_SHM[31;1m Error] [37mFailed init_port fastrtps_port14943: open_and_lock_file failed[34;1m -> Function [36mopen_port_internal[m
[ydlidar_ros2_driver_node-1] [37;1m2025-12-17 20:20:53.612 [31;1m[[37;1mRTPS_TRANSPORT_SHM[31;1m Error] [37mFailed init_port fastrtps_port14947: open_and_lock_file failed[34;1m -> Function [36mopen_port_internal[m
[ydlidar_ros2_driver_node-1] [0m[INFO] [1766002853.950869908] [ydlidar_ros2_driver_node]: [YDLIDAR INFO] Current ROS Driver Version: 1.0.1
[ydlidar_ros2_driver_node-1] [0m
[ydlidar_ros2_driver_node-1] [2025-12-17 20:20:53][info] SDK initializing
[ydlidar_ros2_driver_node-1] [2025-12-17 20:20:53][info] SDK has been initialized
[ydlidar_ros2_driver_node-1] [2025-12-17 20:20:53][info] SDK Version: 1.2.19
[static_transform_publisher-2] [INFO] [1766002854.038174840] [static_tf_pub_laser]: Spinning until stopped - publishing transform
[static_transform_publisher-2] translation: ('0.000000', '0.000000', '0.020000')
[static_transform_publisher-2] rotation: ('0.000000', '0.000000', '0.000000', '1.000000')
[static_transform_publisher-2] from 'base_link' to 'laser_frame'
[ydlidar_ros2_driver_node-1] [2025-12-17 20:20:54][info] Connect elapsed time 54 ms
[ydlidar_ros2_driver_node-1] [2025-12-17 20:20:54][info] Lidar successfully connected [/dev/ttyUSB0:115200]
[ydlidar_ros2_driver_node-1] [2025-12-17 20:20:54][info] Lidar running correctly! The health status good
[ydlidar_ros2_driver_node-1] [0;31m[2025-12-17 20:20:54][error] Fail to get baseplate device information!
[ydlidar_ros2_driver_node-1] [0m[2025-12-17 20:20:54][info] Check status, Elapsed time 0 ms
[ydlidar_ros2_driver_node-1] [2025-12-17 20:20:54][info] Lidar init success, Elapsed time [69]ms
[ydlidar_ros2_driver_node-1] [2025-12-17 20:20:54][info] Start to getting intensity flag
[ydlidar_ros2_driver_node-1] [2025-12-17 20:20:54][info] Auto set intensity 0
[ydlidar_ros2_driver_node-1] [2025-12-17 20:20:54][info] [YDLIDAR] End to getting intensity flag
[ydlidar_ros2_driver_node-1] [2025-12-17 20:20:54][info] [YDLIDAR] Create thread 0x8FFFE8E0
[ydlidar_ros2_driver_node-1] [2025-12-17 20:20:55][info] Successed to start scan mode, Elapsed time 1422 ms
[ydlidar_ros2_driver_node-1] [2025-12-17 20:20:55][info] Scan Frequency: 5.50Hz
[ydlidar_ros2_driver_node-1] [2025-12-17 20:20:55][info] Fixed Size: 720
[ydlidar_ros2_driver_node-1] [2025-12-17 20:20:55][info] Sample Rate: 3.00K
[ydlidar_ros2_driver_node-1] [2025-12-17 20:20:55][info] Scan Frequency: 5.50Hz
[ydlidar_ros2_driver_node-1] [2025-12-17 20:20:55][info] Fixed Size: 720
[ydlidar_ros2_driver_node-1] [2025-12-17 20:20:55][info] Sample Rate: 3.00K
[ydlidar_ros2_driver_node-1] [2025-12-17 20:20:55][info] Scan Frequency: 5.50Hz
[ydlidar_ros2_driver_node-1] [2025-12-17 20:20:55][info] Fixed Size: 720
[ydlidar_ros2_driver_node-1] [2025-12-17 20:20:55][info] Sample Rate: 3.00K
[ydlidar_ros2_driver_node-1] [2025-12-17 20:20:55][info] Single Fixed Size: 250
[ydlidar_ros2_driver_node-1] [2025-12-17 20:20:55][info] Sample Rate: 3.00K
[ydlidar_ros2_driver_node-1] [2025-12-17 20:20:55][info] Successed to check the lidar, Elapsed time 311 ms
[ydlidar_ros2_driver_node-1] [2025-12-17 20:20:55][info] Now lidar is scanning...

=== Launch start 2025-12-17 20:27:36 ===
bash: cannot set terminal process group (8671): Inappropriate ioctl for device
bash: no job control in this shell
[INFO] [launch]: All log files can be found below /home/ray/.ros/log/2025-12-17-20-27-41-461902-ray-8673
[INFO] [launch]: Default logging verbosity is set to INFO
[INFO] [launch.user]: ðŸš€ å•Ÿå‹• YDLidar + éœæ…‹ TF
[37;1m2025-12-17 20:27:41.763 [31;1m[[37;1mRTPS_TRANSPORT_SHM[31;1m Error] [37mFailed init_port fastrtps_port14911: open_and_lock_file failed[34;1m -> Function [36mopen_port_internal[m
[37;1m2025-12-17 20:27:41.765 [31;1m[[37;1mRTPS_TRANSPORT_SHM[31;1m Error] [37mFailed init_port fastrtps_port14913: open_and_lock_file failed[34;1m -> Function [36mopen_port_internal[m
[37;1m2025-12-17 20:27:41.766 [31;1m[[37;1mRTPS_TRANSPORT_SHM[31;1m Error] [37mFailed init_port fastrtps_port14917: open_and_lock_file failed[34;1m -> Function [36mopen_port_internal[m
[37;1m2025-12-17 20:27:41.768 [31;1m[[37;1mRTPS_TRANSPORT_SHM[31;1m Error] [37mFailed init_port fastrtps_port14921: open_and_lock_file failed[34;1m -> Function [36mopen_port_internal[m
[37;1m2025-12-17 20:27:41.769 [31;1m[[37;1mRTPS_TRANSPORT_SHM[31;1m Error] [37mFailed init_port fastrtps_port14925: open_and_lock_file failed[34;1m -> Function [36mopen_port_internal[m
[37;1m2025-12-17 20:27:41.772 [31;1m[[37;1mRTPS_TRANSPORT_SHM[31;1m Error] [37mFailed init_port fastrtps_port14933: open_and_lock_file failed[34;1m -> Function [36mopen_port_internal[m
[37;1m2025-12-17 20:27:41.773 [31;1m[[37;1mRTPS_TRANSPORT_SHM[31;1m Error] [37mFailed init_port fastrtps_port14935: open_and_lock_file failed[34;1m -> Function [36mopen_port_internal[m
[37;1m2025-12-17 20:27:41.775 [31;1m[[37;1mRTPS_TRANSPORT_SHM[31;1m Error] [37mFailed init_port fastrtps_port14941: open_and_lock_file failed[34;1m -> Function [36mopen_port_internal[m
[37;1m2025-12-17 20:27:41.776 [31;1m[[37;1mRTPS_TRANSPORT_SHM[31;1m Error] [37mFailed init_port fastrtps_port14943: open_and_lock_file failed[34;1m -> Function [36mopen_port_internal[m
[37;1m2025-12-17 20:27:41.778 [31;1m[[37;1mRTPS_TRANSPORT_SHM[31;1m Error] [37mFailed init_port fastrtps_port14947: open_and_lock_file failed[34;1m -> Function [36mopen_port_internal[m
[INFO] [ydlidar_ros2_driver_node-1]: process started with pid [8745]
[INFO] [static_transform_publisher-2]: process started with pid [8747]
[static_transform_publisher-2] [WARN] [1766003262.259958922] []: Old-style arguments are deprecated; see --help for new-style arguments
[ydlidar_ros2_driver_node-1] [37;1m2025-12-17 20:27:42.274 [31;1m[[37;1mRTPS_TRANSPORT_SHM[31;1m Error] [37mFailed init_port fastrtps_port14911: open_and_lock_file failed[34;1m -> Function [36mopen_port_internal[m
[ydlidar_ros2_driver_node-1] [37;1m2025-12-17 20:27:42.278 [31;1m[[37;1mRTPS_TRANSPORT_SHM[31;1m Error] [37mFailed init_port fastrtps_port14913: open_and_lock_file failed[34;1m -> Function [36mopen_port_internal[m
[ydlidar_ros2_driver_node-1] [37;1m2025-12-17 20:27:42.280 [31;1m[[37;1mRTPS_TRANSPORT_SHM[31;1m Error] [37mFailed init_port fastrtps_port14917: open_and_lock_file failed[34;1m -> Function [36mopen_port_internal[m
[ydlidar_ros2_driver_node-1] [37;1m2025-12-17 20:27:42.283 [31;1m[[37;1mRTPS_TRANSPORT_SHM[31;1m Error] [37mFailed init_port fastrtps_port14921: open_and_lock_file failed[34;1m -> Function [36mopen_port_internal[m
[ydlidar_ros2_driver_node-1] [37;1m2025-12-17 20:27:42.285 [31;1m[[37;1mRTPS_TRANSPORT_SHM[31;1m Error] [37mFailed init_port fastrtps_port14925: open_and_lock_file failed[34;1m -> Function [36mopen_port_internal[m
[ydlidar_ros2_driver_node-1] [37;1m2025-12-17 20:27:42.290 [31;1m[[37;1mRTPS_TRANSPORT_SHM[31;1m Error] [37mFailed init_port fastrtps_port14933: open_and_lock_file failed[34;1m -> Function [36mopen_port_internal[m
[ydlidar_ros2_driver_node-1] [37;1m2025-12-17 20:27:42.292 [31;1m[[37;1mRTPS_TRANSPORT_SHM[31;1m Error] [37mFailed init_port fastrtps_port14935: open_and_lock_file failed[34;1m -> Function [36mopen_port_internal[m
[ydlidar_ros2_driver_node-1] [37;1m2025-12-17 20:27:42.296 [31;1m[[37;1mRTPS_TRANSPORT_SHM[31;1m Error] [37mFailed init_port fastrtps_port14941: open_and_lock_file failed[34;1m -> Function [36mopen_port_internal[m
[ydlidar_ros2_driver_node-1] [37;1m2025-12-17 20:27:42.297 [31;1m[[37;1mRTPS_TRANSPORT_SHM[31;1m Error] [37mFailed init_port fastrtps_port14943: open_and_lock_file failed[34;1m -> Function [36mopen_port_internal[m
[ydlidar_ros2_driver_node-1] [37;1m2025-12-17 20:27:42.299 [31;1m[[37;1mRTPS_TRANSPORT_SHM[31;1m Error] [37mFailed init_port fastrtps_port14947: open_and_lock_file failed[34;1m -> Function [36mopen_port_internal[m
[ydlidar_ros2_driver_node-1] [37;1m2025-12-17 20:27:42.351 [31;1m[[37;1mRTPS_TRANSPORT_SHM[31;1m Error] [37mFailed init_port fastrtps_port14951: open_and_lock_file failed[34;1m -> Function [36mopen_port_internal[m
[static_transform_publisher-2] [37;1m2025-12-17 20:27:42.287 [31;1m[[37;1mRTPS_TRANSPORT_SHM[31;1m Error] [37mFailed init_port fastrtps_port14911: open_and_lock_file failed[34;1m -> Function [36mopen_port_internal[m
[static_transform_publisher-2] [37;1m2025-12-17 20:27:42.290 [31;1m[[37;1mRTPS_TRANSPORT_SHM[31;1m Error] [37mFailed init_port fastrtps_port14913: open_and_lock_file failed[34;1m -> Function [36mopen_port_internal[m
[static_transform_publisher-2] [37;1m2025-12-17 20:27:42.292 [31;1m[[37;1mRTPS_TRANSPORT_SHM[31;1m Error] [37mFailed init_port fastrtps_port14917: open_and_lock_file failed[34;1m -> Function [36mopen_port_internal[m
[static_transform_publisher-2] [37;1m2025-12-17 20:27:42.296 [31;1m[[37;1mRTPS_TRANSPORT_SHM[31;1m Error] [37mFailed init_port fastrtps_port14921: open_and_lock_file failed[34;1m -> Function [36mopen_port_internal[m
[static_transform_publisher-2] [37;1m2025-12-17 20:27:42.299 [31;1m[[37;1mRTPS_TRANSPORT_SHM[31;1m Error] [37mFailed init_port fastrtps_port14925: open_and_lock_file failed[34;1m -> Function [36mopen_port_internal[m
[static_transform_publisher-2] [37;1m2025-12-17 20:27:42.359 [31;1m[[37;1mRTPS_TRANSPORT_SHM[31;1m Error] [37mFailed init_port fastrtps_port14933: open_and_lock_file failed[34;1m -> Function [36mopen_port_internal[m
[static_transform_publisher-2] [37;1m2025-12-17 20:27:42.361 [31;1m[[37;1mRTPS_TRANSPORT_SHM[31;1m Error] [37mFailed init_port fastrtps_port14935: open_and_lock_file failed[34;1m -> Function [36mopen_port_internal[m
[static_transform_publisher-2] [37;1m2025-12-17 20:27:42.364 [31;1m[[37;1mRTPS_TRANSPORT_SHM[31;1m Error] [37mFailed init_port fastrtps_port14941: open_and_lock_file failed[34;1m -> Function [36mopen_port_internal[m
[static_transform_publisher-2] [37;1m2025-12-17 20:27:42.366 [31;1m[[37;1mRTPS_TRANSPORT_SHM[31;1m Error] [37mFailed init_port fastrtps_port14943: open_and_lock_file failed[34;1m -> Function [36mopen_port_internal[m
[static_transform_publisher-2] [37;1m2025-12-17 20:27:42.398 [31;1m[[37;1mRTPS_TRANSPORT_SHM[31;1m Error] [37mFailed init_port fastrtps_port14947: open_and_lock_file failed[34;1m -> Function [36mopen_port_internal[m
[static_transform_publisher-2] [37;1m2025-12-17 20:27:42.406 [31;1m[[37;1mRTPS_TRANSPORT_SHM[31;1m Error] [37mFailed init_port fastrtps_port14951: open_and_lock_file failed[34;1m -> Function [36mopen_port_internal[m
[ydlidar_ros2_driver_node-1] [0m[INFO] [1766003262.516274235] [ydlidar_ros2_driver_node]: [YDLIDAR INFO] Current ROS Driver Version: 1.0.1
[ydlidar_ros2_driver_node-1] [0m
[ydlidar_ros2_driver_node-1] [2025-12-17 20:27:42][info] SDK initializing
[ydlidar_ros2_driver_node-1] [2025-12-17 20:27:42][info] SDK has been initialized
[ydlidar_ros2_driver_node-1] [2025-12-17 20:27:42][info] SDK Version: 1.2.19
[ydlidar_ros2_driver_node-1] [2025-12-17 20:27:42][info] Connect elapsed time 16 ms
[ydlidar_ros2_driver_node-1] [2025-12-17 20:27:42][info] Lidar successfully connected [/dev/ttyUSB0:115200]
[ydlidar_ros2_driver_node-1] [2025-12-17 20:27:42][info] Lidar running correctly! The health status good
[ydlidar_ros2_driver_node-1] [0;31m[2025-12-17 20:27:42][error] Fail to get baseplate device information!
[ydlidar_ros2_driver_node-1] [0m[2025-12-17 20:27:42][info] Check status, Elapsed time 0 ms
[ydlidar_ros2_driver_node-1] [2025-12-17 20:27:42][info] Lidar init success, Elapsed time [19]ms
[static_transform_publisher-2] [INFO] [1766003262.675034831] [static_tf_pub_laser]: Spinning until stopped - publishing transform
[static_transform_publisher-2] translation: ('0.000000', '0.000000', '0.020000')
[static_transform_publisher-2] rotation: ('0.000000', '0.000000', '0.000000', '1.000000')
[static_transform_publisher-2] from 'base_link' to 'laser_frame'
[ydlidar_ros2_driver_node-1] [2025-12-17 20:27:43][info] Start to getting intensity flag
[ydlidar_ros2_driver_node-1] [2025-12-17 20:27:43][info] Auto set intensity 0
[ydlidar_ros2_driver_node-1] [2025-12-17 20:27:43][info] [YDLIDAR] End to getting intensity flag
[ydlidar_ros2_driver_node-1] [2025-12-17 20:27:43][info] [YDLIDAR] Create thread 0xA5E158E0
[ydlidar_ros2_driver_node-1] [2025-12-17 20:27:43][info] Successed to start scan mode, Elapsed time 1370 ms
[ydlidar_ros2_driver_node-1] [2025-12-17 20:27:44][info] Scan Frequency: 5.50Hz
[ydlidar_ros2_driver_node-1] [2025-12-17 20:27:44][info] Fixed Size: 720
[ydlidar_ros2_driver_node-1] [2025-12-17 20:27:44][info] Sample Rate: 3.00K
[ydlidar_ros2_driver_node-1] [2025-12-17 20:27:44][info] Scan Frequency: 5.50Hz
[ydlidar_ros2_driver_node-1] [2025-12-17 20:27:44][info] Fixed Size: 720
[ydlidar_ros2_driver_node-1] [2025-12-17 20:27:44][info] Sample Rate: 3.00K
[ydlidar_ros2_driver_node-1] [2025-12-17 20:27:44][info] Scan Frequency: 5.50Hz
[ydlidar_ros2_driver_node-1] [2025-12-17 20:27:44][info] Fixed Size: 720
[ydlidar_ros2_driver_node-1] [2025-12-17 20:27:44][info] Sample Rate: 3.00K
[ydlidar_ros2_driver_node-1] [2025-12-17 20:27:44][info] Single Fixed Size: 250
[ydlidar_ros2_driver_node-1] [2025-12-17 20:27:44][info] Sample Rate: 3.00K
[ydlidar_ros2_driver_node-1] [2025-12-17 20:27:44][info] Successed to check the lidar, Elapsed time 314 ms
[ydlidar_ros2_driver_node-1] [2025-12-17 20:27:44][info] Now lidar is scanning...

=== Launch start 2025-12-17 20:31:49 ===
bash: cannot set terminal process group (9179): Inappropriate ioctl for device
bash: no job control in this shell
[INFO] [launch]: All log files can be found below /home/ray/.ros/log/2025-12-17-20-31-54-006844-ray-9181
[INFO] [launch]: Default logging verbosity is set to INFO
[INFO] [launch.user]: ðŸš€ å•Ÿå‹• YDLidar + éœæ…‹ TF
[37;1m2025-12-17 20:31:54.316 [31;1m[[37;1mRTPS_TRANSPORT_SHM[31;1m Error] [37mFailed init_port fastrtps_port14911: open_and_lock_file failed[34;1m -> Function [36mopen_port_internal[m
[37;1m2025-12-17 20:31:54.317 [31;1m[[37;1mRTPS_TRANSPORT_SHM[31;1m Error] [37mFailed init_port fastrtps_port14913: open_and_lock_file failed[34;1m -> Function [36mopen_port_internal[m
[37;1m2025-12-17 20:31:54.319 [31;1m[[37;1mRTPS_TRANSPORT_SHM[31;1m Error] [37mFailed init_port fastrtps_port14917: open_and_lock_file failed[34;1m -> Function [36mopen_port_internal[m
[37;1m2025-12-17 20:31:54.320 [31;1m[[37;1mRTPS_TRANSPORT_SHM[31;1m Error] [37mFailed init_port fastrtps_port14921: open_and_lock_file failed[34;1m -> Function [36mopen_port_internal[m
[37;1m2025-12-17 20:31:54.322 [31;1m[[37;1mRTPS_TRANSPORT_SHM[31;1m Error] [37mFailed init_port fastrtps_port14925: open_and_lock_file failed[34;1m -> Function [36mopen_port_internal[m
[37;1m2025-12-17 20:31:54.325 [31;1m[[37;1mRTPS_TRANSPORT_SHM[31;1m Error] [37mFailed init_port fastrtps_port14933: open_and_lock_file failed[34;1m -> Function [36mopen_port_internal[m
[37;1m2025-12-17 20:31:54.326 [31;1m[[37;1mRTPS_TRANSPORT_SHM[31;1m Error] [37mFailed init_port fastrtps_port14935: open_and_lock_file failed[34;1m -> Function [36mopen_port_internal[m
[37;1m2025-12-17 20:31:54.328 [31;1m[[37;1mRTPS_TRANSPORT_SHM[31;1m Error] [37mFailed init_port fastrtps_port14941: open_and_lock_file failed[34;1m -> Function [36mopen_port_internal[m
[37;1m2025-12-17 20:31:54.329 [31;1m[[37;1mRTPS_TRANSPORT_SHM[31;1m Error] [37mFailed init_port fastrtps_port14943: open_and_lock_file failed[34;1m -> Function [36mopen_port_internal[m
[37;1m2025-12-17 20:31:54.331 [31;1m[[37;1mRTPS_TRANSPORT_SHM[31;1m Error] [37mFailed init_port fastrtps_port14947: open_and_lock_file failed[34;1m -> Function [36mopen_port_internal[m
[37;1m2025-12-17 20:31:54.332 [31;1m[[37;1mRTPS_TRANSPORT_SHM[31;1m Error] [37mFailed init_port fastrtps_port14951: open_and_lock_file failed[34;1m -> Function [36mopen_port_internal[m
[37;1m2025-12-17 20:31:54.335 [31;1m[[37;1mRTPS_TRANSPORT_SHM[31;1m Error] [37mFailed init_port fastrtps_port14957: open_and_lock_file failed[34;1m -> Function [36mopen_port_internal[m
[INFO] [ydlidar_ros2_driver_node-1]: process started with pid [9251]

=== Launch start 2025-12-17 20:53:50 ===
bash: cannot set terminal process group (9970): Inappropriate ioctl for device
bash: no job control in this shell
[INFO] [launch]: All log files can be found below /home/ray/.ros/log/2025-12-17-20-53-54-750186-ray-9972
[INFO] [launch]: Default logging verbosity is set to INFO
[INFO] [launch.user]: ðŸš€ å•Ÿå‹• YDLidar + éœæ…‹ TF
[37;1m2025-12-17 20:53:55.072 [31;1m[[37;1mRTPS_TRANSPORT_SHM[31;1m Error] [37mFailed init_port fastrtps_port14911: open_and_lock_file failed[34;1m -> Function [36mopen_port_internal[m
[37;1m2025-12-17 20:53:55.073 [31;1m[[37;1mRTPS_TRANSPORT_SHM[31;1m Error] [37mFailed init_port fastrtps_port14913: open_and_lock_file failed[34;1m -> Function [36mopen_port_internal[m
[37;1m2025-12-17 20:53:55.075 [31;1m[[37;1mRTPS_TRANSPORT_SHM[31;1m Error] [37mFailed init_port fastrtps_port14917: open_and_lock_file failed[34;1m -> Function [36mopen_port_internal[m
[37;1m2025-12-17 20:53:55.077 [31;1m[[37;1mRTPS_TRANSPORT_SHM[31;1m Error] [37mFailed init_port fastrtps_port14921: open_and_lock_file failed[34;1m -> Function [36mopen_port_internal[m
[37;1m2025-12-17 20:53:55.079 [31;1m[[37;1mRTPS_TRANSPORT_SHM[31;1m Error] [37mFailed init_port fastrtps_port14925: open_and_lock_file failed[34;1m -> Function [36mopen_port_internal[m
[37;1m2025-12-17 20:53:55.082 [31;1m[[37;1mRTPS_TRANSPORT_SHM[31;1m Error] [37mFailed init_port fastrtps_port14933: open_and_lock_file failed[34;1m -> Function [36mopen_port_internal[m
[37;1m2025-12-17 20:53:55.083 [31;1m[[37;1mRTPS_TRANSPORT_SHM[31;1m Error] [37mFailed init_port fastrtps_port14935: open_and_lock_file failed[34;1m -> Function [36mopen_port_internal[m
[37;1m2025-12-17 20:53:55.085 [31;1m[[37;1mRTPS_TRANSPORT_SHM[31;1m Error] [37mFailed init_port fastrtps_port14941: open_and_lock_file failed[34;1m -> Function [36mopen_port_internal[m
[37;1m2025-12-17 20:53:55.086 [31;1m[[37;1mRTPS_TRANSPORT_SHM[31;1m Error] [37mFailed init_port fastrtps_port14943: open_and_lock_file failed[34;1m -> Function [36mopen_port_internal[m
[37;1m2025-12-17 20:53:55.088 [31;1m[[37;1mRTPS_TRANSPORT_SHM[31;1m Error] [37mFailed init_port fastrtps_port14947: open_and_lock_file failed[34;1m -> Function [36mopen_port_internal[m
[37;1m2025-12-17 20:53:55.090 [31;1m[[37;1mRTPS_TRANSPORT_SHM[31;1m Error] [37mFailed init_port fastrtps_port14951: open_and_lock_file failed[34;1m -> Function [36mopen_port_internal[m
[37;1m2025-12-17 20:53:55.092 [31;1m[[37;1mRTPS_TRANSPORT_SHM[31;1m Error] [37mFailed init_port fastrtps_port14957: open_and_lock_file failed[34;1m -> Function [36mopen_port_internal[m
[37;1m2025-12-17 20:53:55.093 [31;1m[[37;1mRTPS_TRANSPORT_SHM[31;1m Error] [37mFailed init_port fastrtps_port14959: open_and_lock_file failed[34;1m -> Function [36mopen_port_internal[m
[INFO] [ydlidar_ros2_driver_node-1]: process started with pid [10056]
[INFO] [static_transform_publisher-2]: process started with pid [10058]
[static_transform_publisher-2] [WARN] [1766004835.349135839] []: Old-style arguments are deprecated; see --help for new-style arguments
[static_transform_publisher-2] [37;1m2025-12-17 20:53:55.370 [31;1m[[37;1mRTPS_TRANSPORT_SHM[31;1m Error] [37mFailed init_port fastrtps_port14911: open_and_lock_file failed[34;1m -> Function [36mopen_port_internal[m
[static_transform_publisher-2] [37;1m2025-12-17 20:53:55.373 [31;1m[[37;1mRTPS_TRANSPORT_SHM[31;1m Error] [37mFailed init_port fastrtps_port14913: open_and_lock_file failed[34;1m -> Function [36mopen_port_internal[m
[static_transform_publisher-2] [37;1m2025-12-17 20:53:55.376 [31;1m[[37;1mRTPS_TRANSPORT_SHM[31;1m Error] [37mFailed init_port fastrtps_port14917: open_and_lock_file failed[34;1m -> Function [36mopen_port_internal[m
[static_transform_publisher-2] [37;1m2025-12-17 20:53:55.379 [31;1m[[37;1mRTPS_TRANSPORT_SHM[31;1m Error] [37mFailed init_port fastrtps_port14921: open_and_lock_file failed[34;1m -> Function [36mopen_port_internal[m
[static_transform_publisher-2] [37;1m2025-12-17 20:53:55.383 [31;1m[[37;1mRTPS_TRANSPORT_SHM[31;1m Error] [37mFailed init_port fastrtps_port14925: open_and_lock_file failed[34;1m -> Function [36mopen_port_internal[m
[static_transform_publisher-2] [37;1m2025-12-17 20:53:55.387 [31;1m[[37;1mRTPS_TRANSPORT_SHM[31;1m Error] [37mFailed init_port fastrtps_port14933: open_and_lock_file failed[34;1m -> Function [36mopen_port_internal[m
[static_transform_publisher-2] [37;1m2025-12-17 20:53:55.389 [31;1m[[37;1mRTPS_TRANSPORT_SHM[31;1m Error] [37mFailed init_port fastrtps_port14935: open_and_lock_file failed[34;1m -> Function [36mopen_port_internal[m
[static_transform_publisher-2] [37;1m2025-12-17 20:53:55.392 [31;1m[[37;1mRTPS_TRANSPORT_SHM[31;1m Error] [37mFailed init_port fastrtps_port14941: open_and_lock_file failed[34;1m -> Function [36mopen_port_internal[m
[static_transform_publisher-2] [37;1m2025-12-17 20:53:55.394 [31;1m[[37;1mRTPS_TRANSPORT_SHM[31;1m Error] [37mFailed init_port fastrtps_port14943: open_and_lock_file failed[34;1m -> Function [36mopen_port_internal[m
[static_transform_publisher-2] [37;1m2025-12-17 20:53:55.397 [31;1m[[37;1mRTPS_TRANSPORT_SHM[31;1m Error] [37mFailed init_port fastrtps_port14947: open_and_lock_file failed[34;1m -> Function [36mopen_port_internal[m
[static_transform_publisher-2] [37;1m2025-12-17 20:53:55.400 [31;1m[[37;1mRTPS_TRANSPORT_SHM[31;1m Error] [37mFailed init_port fastrtps_port14951: open_and_lock_file failed[34;1m -> Function [36mopen_port_internal[m
[static_transform_publisher-2] [37;1m2025-12-17 20:53:55.404 [31;1m[[37;1mRTPS_TRANSPORT_SHM[31;1m Error] [37mFailed init_port fastrtps_port14957: open_and_lock_file failed[34;1m -> Function [36mopen_port_internal[m
[static_transform_publisher-2] [37;1m2025-12-17 20:53:55.405 [31;1m[[37;1mRTPS_TRANSPORT_SHM[31;1m Error] [37mFailed init_port fastrtps_port14959: open_and_lock_file failed[34;1m -> Function [36mopen_port_internal[m
[ydlidar_ros2_driver_node-1] [37;1m2025-12-17 20:53:55.422 [31;1m[[37;1mRTPS_TRANSPORT_SHM[31;1m Error] [37mFailed init_port fastrtps_port14911: open_and_lock_file failed[34;1m -> Function [36mopen_port_internal[m
[ydlidar_ros2_driver_node-1] [37;1m2025-12-17 20:53:55.425 [31;1m[[37;1mRTPS_TRANSPORT_SHM[31;1m Error] [37mFailed init_port fastrtps_port14913: open_and_lock_file failed[34;1m -> Function [36mopen_port_internal[m
[ydlidar_ros2_driver_node-1] [37;1m2025-12-17 20:53:55.435 [31;1m[[37;1mRTPS_TRANSPORT_SHM[31;1m Error] [37mFailed init_port fastrtps_port14917: open_and_lock_file failed[34;1m -> Function [36mopen_port_internal[m
[ydlidar_ros2_driver_node-1] [37;1m2025-12-17 20:53:55.447 [31;1m[[37;1mRTPS_TRANSPORT_SHM[31;1m Error] [37mFailed init_port fastrtps_port14921: open_and_lock_file failed[34;1m -> Function [36mopen_port_internal[m
[ydlidar_ros2_driver_node-1] [37;1m2025-12-17 20:53:55.456 [31;1m[[37;1mRTPS_TRANSPORT_SHM[31;1m Error] [37mFailed init_port fastrtps_port14925: open_and_lock_file failed[34;1m -> Function [36mopen_port_internal[m
[ydlidar_ros2_driver_node-1] [37;1m2025-12-17 20:53:55.467 [31;1m[[37;1mRTPS_TRANSPORT_SHM[31;1m Error] [37mFailed init_port fastrtps_port14933: open_and_lock_file failed[34;1m -> Function [36mopen_port_internal[m
[ydlidar_ros2_driver_node-1] [37;1m2025-12-17 20:53:55.474 [31;1m[[37;1mRTPS_TRANSPORT_SHM[31;1m Error] [37mFailed init_port fastrtps_port14935: open_and_lock_file failed[34;1m -> Function [36mopen_port_internal[m
[ydlidar_ros2_driver_node-1] [37;1m2025-12-17 20:53:55.516 [31;1m[[37;1mRTPS_TRANSPORT_SHM[31;1m Error] [37mFailed init_port fastrtps_port14941: open_and_lock_file failed[34;1m -> Function [36mopen_port_internal[m
[ydlidar_ros2_driver_node-1] [37;1m2025-12-17 20:53:55.518 [31;1m[[37;1mRTPS_TRANSPORT_SHM[31;1m Error] [37mFailed init_port fastrtps_port14943: open_and_lock_file failed[34;1m -> Function [36mopen_port_internal[m
[ydlidar_ros2_driver_node-1] [37;1m2025-12-17 20:53:55.521 [31;1m[[37;1mRTPS_TRANSPORT_SHM[31;1m Error] [37mFailed init_port fastrtps_port14947: open_and_lock_file failed[34;1m -> Function [36mopen_port_internal[m
[ydlidar_ros2_driver_node-1] [37;1m2025-12-17 20:53:55.546 [31;1m[[37;1mRTPS_TRANSPORT_SHM[31;1m Error] [37mFailed init_port fastrtps_port14951: open_and_lock_file failed[34;1m -> Function [36mopen_port_internal[m
[ydlidar_ros2_driver_node-1] [37;1m2025-12-17 20:53:55.617 [31;1m[[37;1mRTPS_TRANSPORT_SHM[31;1m Error] [37mFailed init_port fastrtps_port14957: open_and_lock_file failed[34;1m -> Function [36mopen_port_internal[m
[ydlidar_ros2_driver_node-1] [37;1m2025-12-17 20:53:55.621 [31;1m[[37;1mRTPS_TRANSPORT_SHM[31;1m Error] [37mFailed init_port fastrtps_port14959: open_and_lock_file failed[34;1m -> Function [36mopen_port_internal[m
[static_transform_publisher-2] [INFO] [1766004835.760145627] [static_tf_pub_laser]: Spinning until stopped - publishing transform
[static_transform_publisher-2] translation: ('0.000000', '0.000000', '0.020000')
[static_transform_publisher-2] rotation: ('0.000000', '0.000000', '0.000000', '1.000000')
[static_transform_publisher-2] from 'base_link' to 'laser_frame'
[ydlidar_ros2_driver_node-1] [0m[INFO] [1766004836.052717569] [ydlidar_ros2_driver_node]: [YDLIDAR INFO] Current ROS Driver Version: 1.0.1
[ydlidar_ros2_driver_node-1] [0m
[ydlidar_ros2_driver_node-1] [2025-12-17 20:53:56][info] SDK initializing
[ydlidar_ros2_driver_node-1] [2025-12-17 20:53:56][info] SDK has been initialized
[ydlidar_ros2_driver_node-1] [2025-12-17 20:53:56][info] SDK Version: 1.2.19
[ydlidar_ros2_driver_node-1] [2025-12-17 20:53:56][info] Connect elapsed time 15 ms
[ydlidar_ros2_driver_node-1] [2025-12-17 20:53:56][info] Lidar successfully connected [/dev/ttyUSB0:115200]
[ydlidar_ros2_driver_node-1] [2025-12-17 20:53:56][info] Lidar running correctly! The health status good
[ydlidar_ros2_driver_node-1] [0;31m[2025-12-17 20:53:56][error] Fail to get baseplate device information!
[ydlidar_ros2_driver_node-1] [0m[2025-12-17 20:53:56][info] Check status, Elapsed time 0 ms
[ydlidar_ros2_driver_node-1] [2025-12-17 20:53:56][info] Lidar init success, Elapsed time [19]ms
[ydlidar_ros2_driver_node-1] [2025-12-17 20:53:56][info] Start to getting intensity flag
[ydlidar_ros2_driver_node-1] [2025-12-17 20:53:56][info] Auto set intensity 0
[ydlidar_ros2_driver_node-1] [2025-12-17 20:53:57][info] [YDLIDAR] End to getting intensity flag
[ydlidar_ros2_driver_node-1] [2025-12-17 20:53:57][info] [YDLIDAR] Create thread 0x734948E0
[ydlidar_ros2_driver_node-1] [2025-12-17 20:53:57][info] Successed to start scan mode, Elapsed time 1439 ms
[ydlidar_ros2_driver_node-1] [2025-12-17 20:53:57][info] Scan Frequency: 5.50Hz
[ydlidar_ros2_driver_node-1] [2025-12-17 20:53:57][info] Fixed Size: 720
[ydlidar_ros2_driver_node-1] [2025-12-17 20:53:57][info] Sample Rate: 3.00K
[ydlidar_ros2_driver_node-1] [2025-12-17 20:53:57][info] Scan Frequency: 5.50Hz
[ydlidar_ros2_driver_node-1] [2025-12-17 20:53:57][info] Fixed Size: 720
[ydlidar_ros2_driver_node-1] [2025-12-17 20:53:57][info] Sample Rate: 3.00K
[ydlidar_ros2_driver_node-1] [2025-12-17 20:53:57][info] Scan Frequency: 5.50Hz
[ydlidar_ros2_driver_node-1] [2025-12-17 20:53:57][info] Fixed Size: 720
[ydlidar_ros2_driver_node-1] [2025-12-17 20:53:57][info] Sample Rate: 3.00K
[ydlidar_ros2_driver_node-1] [2025-12-17 20:53:57][info] Single Fixed Size: 260
[ydlidar_ros2_driver_node-1] [2025-12-17 20:53:57][info] Sample Rate: 3.00K
[ydlidar_ros2_driver_node-1] [2025-12-17 20:53:57][info] Successed to check the lidar, Elapsed time 331 ms
[ydlidar_ros2_driver_node-1] [2025-12-17 20:53:57][info] Now lidar is scanning...

=== Launch start 2025-12-17 21:08:43 ===
bash: cannot set terminal process group (11020): Inappropriate ioctl for device
bash: no job control in this shell
[INFO] [launch]: All log files can be found below /home/ray/.ros/log/2025-12-17-21-08-47-612958-ray-11022
[INFO] [launch]: Default logging verbosity is set to INFO
[INFO] [launch.user]: ðŸš€ å•Ÿå‹• YDLidar + éœæ…‹ TF
[37;1m2025-12-17 21:08:47.938 [31;1m[[37;1mRTPS_TRANSPORT_SHM[31;1m Error] [37mFailed init_port fastrtps_port14911: open_and_lock_file failed[34;1m -> Function [36mopen_port_internal[m
[37;1m2025-12-17 21:08:47.939 [31;1m[[37;1mRTPS_TRANSPORT_SHM[31;1m Error] [37mFailed init_port fastrtps_port14913: open_and_lock_file failed[34;1m -> Function [36mopen_port_internal[m
[37;1m2025-12-17 21:08:47.940 [31;1m[[37;1mRTPS_TRANSPORT_SHM[31;1m Error] [37mFailed init_port fastrtps_port14917: open_and_lock_file failed[34;1m -> Function [36mopen_port_internal[m
[37;1m2025-12-17 21:08:47.942 [31;1m[[37;1mRTPS_TRANSPORT_SHM[31;1m Error] [37mFailed init_port fastrtps_port14921: open_and_lock_file failed[34;1m -> Function [36mopen_port_internal[m
[37;1m2025-12-17 21:08:47.943 [31;1m[[37;1mRTPS_TRANSPORT_SHM[31;1m Error] [37mFailed init_port fastrtps_port14925: open_and_lock_file failed[34;1m -> Function [36mopen_port_internal[m
[37;1m2025-12-17 21:08:47.946 [31;1m[[37;1mRTPS_TRANSPORT_SHM[31;1m Error] [37mFailed init_port fastrtps_port14933: open_and_lock_file failed[34;1m -> Function [36mopen_port_internal[m
[37;1m2025-12-17 21:08:47.947 [31;1m[[37;1mRTPS_TRANSPORT_SHM[31;1m Error] [37mFailed init_port fastrtps_port14935: open_and_lock_file failed[34;1m -> Function [36mopen_port_internal[m
[37;1m2025-12-17 21:08:47.950 [31;1m[[37;1mRTPS_TRANSPORT_SHM[31;1m Error] [37mFailed init_port fastrtps_port14941: open_and_lock_file failed[34;1m -> Function [36mopen_port_internal[m
[37;1m2025-12-17 21:08:47.951 [31;1m[[37;1mRTPS_TRANSPORT_SHM[31;1m Error] [37mFailed init_port fastrtps_port14943: open_and_lock_file failed[34;1m -> Function [36mopen_port_internal[m
[37;1m2025-12-17 21:08:47.952 [31;1m[[37;1mRTPS_TRANSPORT_SHM[31;1m Error] [37mFailed init_port fastrtps_port14947: open_and_lock_file failed[34;1m -> Function [36mopen_port_internal[m
[37;1m2025-12-17 21:08:47.954 [31;1m[[37;1mRTPS_TRANSPORT_SHM[31;1m Error] [37mFailed init_port fastrtps_port14951: open_and_lock_file failed[34;1m -> Function [36mopen_port_internal[m
[37;1m2025-12-17 21:08:47.956 [31;1m[[37;1mRTPS_TRANSPORT_SHM[31;1m Error] [37mFailed init_port fastrtps_port14957: open_and_lock_file failed[34;1m -> Function [36mopen_port_internal[m
[37;1m2025-12-17 21:08:47.957 [31;1m[[37;1mRTPS_TRANSPORT_SHM[31;1m Error] [37mFailed init_port fastrtps_port14959: open_and_lock_file failed[34;1m -> Function [36mopen_port_internal[m
[37;1m2025-12-17 21:08:47.959 [31;1m[[37;1mRTPS_TRANSPORT_SHM[31;1m Error] [37mFailed init_port fastrtps_port14965: open_and_lock_file failed[34;1m -> Function [36mopen_port_internal[m
[INFO] [ydlidar_ros2_driver_node-1]: process started with pid [11106]
[INFO] [static_transform_publisher-2]: process started with pid [11108]
[static_transform_publisher-2] [WARN] [1766005728.300708800] []: Old-style arguments are deprecated; see --help for new-style arguments
[static_transform_publisher-2] [37;1m2025-12-17 21:08:48.322 [31;1m[[37;1mRTPS_TRANSPORT_SHM[31;1m Error] [37mFailed init_port fastrtps_port14911: open_and_lock_file failed[34;1m -> Function [36mopen_port_internal[m
[static_transform_publisher-2] [37;1m2025-12-17 21:08:48.324 [31;1m[[37;1mRTPS_TRANSPORT_SHM[31;1m Error] [37mFailed init_port fastrtps_port14913: open_and_lock_file failed[34;1m -> Function [36mopen_port_internal[m
[ydlidar_ros2_driver_node-1] [37;1m2025-12-17 21:08:48.327 [31;1m[[37;1mRTPS_TRANSPORT_SHM[31;1m Error] [37mFailed init_port fastrtps_port14911: open_and_lock_file failed[34;1m -> Function [36mopen_port_internal[m
[static_transform_publisher-2] [37;1m2025-12-17 21:08:48.328 [31;1m[[37;1mRTPS_TRANSPORT_SHM[31;1m Error] [37mFailed init_port fastrtps_port14917: open_and_lock_file failed[34;1m -> Function [36mopen_port_internal[m
[ydlidar_ros2_driver_node-1] [37;1m2025-12-17 21:08:48.332 [31;1m[[37;1mRTPS_TRANSPORT_SHM[31;1m Error] [37mFailed init_port fastrtps_port14913: open_and_lock_file failed[34;1m -> Function [36mopen_port_internal[m
[static_transform_publisher-2] [37;1m2025-12-17 21:08:48.333 [31;1m[[37;1mRTPS_TRANSPORT_SHM[31;1m Error] [37mFailed init_port fastrtps_port14921: open_and_lock_file failed[34;1m -> Function [36mopen_port_internal[m
[ydlidar_ros2_driver_node-1] [37;1m2025-12-17 21:08:48.334 [31;1m[[37;1mRTPS_TRANSPORT_SHM[31;1m Error] [37mFailed init_port fastrtps_port14917: open_and_lock_file failed[34;1m -> Function [36mopen_port_internal[m
[static_transform_publisher-2] [37;1m2025-12-17 21:08:48.336 [31;1m[[37;1mRTPS_TRANSPORT_SHM[31;1m Error] [37mFailed init_port fastrtps_port14925: open_and_lock_file failed[34;1m -> Function [36mopen_port_internal[m
[ydlidar_ros2_driver_node-1] [37;1m2025-12-17 21:08:48.339 [31;1m[[37;1mRTPS_TRANSPORT_SHM[31;1m Error] [37mFailed init_port fastrtps_port14921: open_and_lock_file failed[34;1m -> Function [36mopen_port_internal[m
[ydlidar_ros2_driver_node-1] [37;1m2025-12-17 21:08:48.341 [31;1m[[37;1mRTPS_TRANSPORT_SHM[31;1m Error] [37mFailed init_port fastrtps_port14925: open_and_lock_file failed[34;1m -> Function [36mopen_port_internal[m
[ydlidar_ros2_driver_node-1] [37;1m2025-12-17 21:08:48.344 [31;1m[[37;1mRTPS_TRANSPORT_SHM[31;1m Error] [37mFailed init_port fastrtps_port14933: open_and_lock_file failed[34;1m -> Function [36mopen_port_internal[m
[ydlidar_ros2_driver_node-1] [37;1m2025-12-17 21:08:48.345 [31;1m[[37;1mRTPS_TRANSPORT_SHM[31;1m Error] [37mFailed init_port fastrtps_port14935: open_and_lock_file failed[34;1m -> Function [36mopen_port_internal[m
[static_transform_publisher-2] [37;1m2025-12-17 21:08:48.341 [31;1m[[37;1mRTPS_TRANSPORT_SHM[31;1m Error] [37mFailed init_port fastrtps_port14933: open_and_lock_file failed[34;1m -> Function [36mopen_port_internal[m
[static_transform_publisher-2] [37;1m2025-12-17 21:08:48.343 [31;1m[[37;1mRTPS_TRANSPORT_SHM[31;1m Error] [37mFailed init_port fastrtps_port14935: open_and_lock_file failed[34;1m -> Function [36mopen_port_internal[m
[static_transform_publisher-2] [37;1m2025-12-17 21:08:48.346 [31;1m[[37;1mRTPS_TRANSPORT_SHM[31;1m Error] [37mFailed init_port fastrtps_port14941: open_and_lock_file failed[34;1m -> Function [36mopen_port_internal[m
[static_transform_publisher-2] [37;1m2025-12-17 21:08:48.347 [31;1m[[37;1mRTPS_TRANSPORT_SHM[31;1m Error] [37mFailed init_port fastrtps_port14943: open_and_lock_file failed[34;1m -> Function [36mopen_port_internal[m
[static_transform_publisher-2] [37;1m2025-12-17 21:08:48.351 [31;1m[[37;1mRTPS_TRANSPORT_SHM[31;1m Error] [37mFailed init_port fastrtps_port14947: open_and_lock_file failed[34;1m -> Function [36mopen_port_internal[m
[ydlidar_ros2_driver_node-1] [37;1m2025-12-17 21:08:48.353 [31;1m[[37;1mRTPS_TRANSPORT_SHM[31;1m Error] [37mFailed init_port fastrtps_port14941: open_and_lock_file failed[34;1m -> Function [36mopen_port_internal[m
[ydlidar_ros2_driver_node-1] [37;1m2025-12-17 21:08:48.354 [31;1m[[37;1mRTPS_TRANSPORT_SHM[31;1m Error] [37mFailed init_port fastrtps_port14943: open_and_lock_file failed[34;1m -> Function [36mopen_port_internal[m
[ydlidar_ros2_driver_node-1] [37;1m2025-12-17 21:08:48.360 [31;1m[[37;1mRTPS_TRANSPORT_SHM[31;1m Error] [37mFailed init_port fastrtps_port14947: open_and_lock_file failed[34;1m -> Function [36mopen_port_internal[m
[ydlidar_ros2_driver_node-1] [37;1m2025-12-17 21:08:48.362 [31;1m[[37;1mRTPS_TRANSPORT_SHM[31;1m Error] [37mFailed init_port fastrtps_port14951: open_and_lock_file failed[34;1m -> Function [36mopen_port_internal[m
[static_transform_publisher-2] [37;1m2025-12-17 21:08:48.354 [31;1m[[37;1mRTPS_TRANSPORT_SHM[31;1m Error] [37mFailed init_port fastrtps_port14951: open_and_lock_file failed[34;1m -> Function [36mopen_port_internal[m
[static_transform_publisher-2] [37;1m2025-12-17 21:08:48.360 [31;1m[[37;1mRTPS_TRANSPORT_SHM[31;1m Error] [37mFailed init_port fastrtps_port14957: open_and_lock_file failed[34;1m -> Function [36mopen_port_internal[m
[static_transform_publisher-2] [37;1m2025-12-17 21:08:48.361 [31;1m[[37;1mRTPS_TRANSPORT_SHM[31;1m Error] [37mFailed init_port fastrtps_port14959: open_and_lock_file failed[34;1m -> Function [36mopen_port_internal[m
[ydlidar_ros2_driver_node-1] [37;1m2025-12-17 21:08:48.368 [31;1m[[37;1mRTPS_TRANSPORT_SHM[31;1m Error] [37mFailed init_port fastrtps_port14957: open_and_lock_file failed[34;1m -> Function [36mopen_port_internal[m
[ydlidar_ros2_driver_node-1] [37;1m2025-12-17 21:08:48.370 [31;1m[[37;1mRTPS_TRANSPORT_SHM[31;1m Error] [37mFailed init_port fastrtps_port14959: open_and_lock_file failed[34;1m -> Function [36mopen_port_internal[m
[static_transform_publisher-2] [37;1m2025-12-17 21:08:48.367 [31;1m[[37;1mRTPS_TRANSPORT_SHM[31;1m Error] [37mFailed init_port fastrtps_port14965: open_and_lock_file failed[34;1m -> Function [36mopen_port_internal[m
[ydlidar_ros2_driver_node-1] [37;1m2025-12-17 21:08:48.377 [31;1m[[37;1mRTPS_TRANSPORT_SHM[31;1m Error] [37mFailed init_port fastrtps_port14965: open_and_lock_file failed[34;1m -> Function [36mopen_port_internal[m
[static_transform_publisher-2] [INFO] [1766005728.961194323] [static_tf_pub_laser]: Spinning until stopped - publishing transform
[static_transform_publisher-2] translation: ('0.000000', '0.000000', '0.020000')
[static_transform_publisher-2] rotation: ('0.000000', '0.000000', '0.000000', '1.000000')
[static_transform_publisher-2] from 'base_link' to 'laser_frame'
[ydlidar_ros2_driver_node-1] [0m[INFO] [1766005729.178725523] [ydlidar_ros2_driver_node]: [YDLIDAR INFO] Current ROS Driver Version: 1.0.1
[ydlidar_ros2_driver_node-1] [0m
[ydlidar_ros2_driver_node-1] [2025-12-17 21:08:49][info] SDK initializing
[ydlidar_ros2_driver_node-1] [2025-12-17 21:08:49][info] SDK has been initialized
[ydlidar_ros2_driver_node-1] [2025-12-17 21:08:49][info] SDK Version: 1.2.19
[ydlidar_ros2_driver_node-1] [2025-12-17 21:08:49][info] Connect elapsed time 19 ms
[ydlidar_ros2_driver_node-1] [2025-12-17 21:08:49][info] Lidar successfully connected [/dev/ttyUSB0:115200]
[ydlidar_ros2_driver_node-1] [2025-12-17 21:08:49][info] Lidar running correctly! The health status good
[ydlidar_ros2_driver_node-1] [0;31m[2025-12-17 21:08:49][error] Fail to get baseplate device information!
[ydlidar_ros2_driver_node-1] [0m[2025-12-17 21:08:49][info] Check status, Elapsed time 0 ms
[ydlidar_ros2_driver_node-1] [2025-12-17 21:08:49][info] Lidar init success, Elapsed time [19]ms
[ydlidar_ros2_driver_node-1] [2025-12-17 21:08:50][info] Start to getting intensity flag
[ydlidar_ros2_driver_node-1] [2025-12-17 21:08:50][info] Auto set intensity 0
[ydlidar_ros2_driver_node-1] [2025-12-17 21:08:50][info] [YDLIDAR] End to getting intensity flag
[ydlidar_ros2_driver_node-1] [2025-12-17 21:08:50][info] [YDLIDAR] Create thread 0x7D8428E0
[ydlidar_ros2_driver_node-1] [2025-12-17 21:08:50][info] Successed to start scan mode, Elapsed time 1294 ms
[ydlidar_ros2_driver_node-1] [2025-12-17 21:08:50][info] Scan Frequency: 5.50Hz
[ydlidar_ros2_driver_node-1] [2025-12-17 21:08:50][info] Fixed Size: 720
[ydlidar_ros2_driver_node-1] [2025-12-17 21:08:50][info] Sample Rate: 3.00K
[ydlidar_ros2_driver_node-1] [2025-12-17 21:08:51][info] Scan Frequency: 5.50Hz
[ydlidar_ros2_driver_node-1] [2025-12-17 21:08:51][info] Fixed Size: 720
[ydlidar_ros2_driver_node-1] [2025-12-17 21:08:51][info] Sample Rate: 3.00K
[ydlidar_ros2_driver_node-1] [2025-12-17 21:08:51][info] Scan Frequency: 5.50Hz
[ydlidar_ros2_driver_node-1] [2025-12-17 21:08:51][info] Fixed Size: 720
[ydlidar_ros2_driver_node-1] [2025-12-17 21:08:51][info] Sample Rate: 3.00K
[ydlidar_ros2_driver_node-1] [2025-12-17 21:08:51][info] Single Fixed Size: 250
[ydlidar_ros2_driver_node-1] [2025-12-17 21:08:51][info] Sample Rate: 3.00K
[ydlidar_ros2_driver_node-1] [2025-12-17 21:08:51][info] Successed to check the lidar, Elapsed time 325 ms
[ydlidar_ros2_driver_node-1] [2025-12-17 21:08:51][info] Now lidar is scanning...

=== Launch start 2025-12-17 21:18:24 ===
bash: cannot set terminal process group (11534): Inappropriate ioctl for device
bash: no job control in this shell
[INFO] [launch]: All log files can be found below /home/ray/.ros/log/2025-12-17-21-18-28-989746-ray-11536
[INFO] [launch]: Default logging verbosity is set to INFO
[INFO] [launch.user]: ðŸš€ å•Ÿå‹• YDLidar + éœæ…‹ TF
[37;1m2025-12-17 21:18:29.295 [31;1m[[37;1mRTPS_TRANSPORT_SHM[31;1m Error] [37mFailed init_port fastrtps_port14911: open_and_lock_file failed[34;1m -> Function [36mopen_port_internal[m
[37;1m2025-12-17 21:18:29.296 [31;1m[[37;1mRTPS_TRANSPORT_SHM[31;1m Error] [37mFailed init_port fastrtps_port14913: open_and_lock_file failed[34;1m -> Function [36mopen_port_internal[m
[37;1m2025-12-17 21:18:29.297 [31;1m[[37;1mRTPS_TRANSPORT_SHM[31;1m Error] [37mFailed init_port fastrtps_port14917: open_and_lock_file failed[34;1m -> Function [36mopen_port_internal[m
[37;1m2025-12-17 21:18:29.299 [31;1m[[37;1mRTPS_TRANSPORT_SHM[31;1m Error] [37mFailed init_port fastrtps_port14921: open_and_lock_file failed[34;1m -> Function [36mopen_port_internal[m
[37;1m2025-12-17 21:18:29.300 [31;1m[[37;1mRTPS_TRANSPORT_SHM[31;1m Error] [37mFailed init_port fastrtps_port14925: open_and_lock_file failed[34;1m -> Function [36mopen_port_internal[m
[37;1m2025-12-17 21:18:29.303 [31;1m[[37;1mRTPS_TRANSPORT_SHM[31;1m Error] [37mFailed init_port fastrtps_port14933: open_and_lock_file failed[34;1m -> Function [36mopen_port_internal[m
[37;1m2025-12-17 21:18:29.304 [31;1m[[37;1mRTPS_TRANSPORT_SHM[31;1m Error] [37mFailed init_port fastrtps_port14935: open_and_lock_file failed[34;1m -> Function [36mopen_port_internal[m
[37;1m2025-12-17 21:18:29.306 [31;1m[[37;1mRTPS_TRANSPORT_SHM[31;1m Error] [37mFailed init_port fastrtps_port14941: open_and_lock_file failed[34;1m -> Function [36mopen_port_internal[m
[37;1m2025-12-17 21:18:29.307 [31;1m[[37;1mRTPS_TRANSPORT_SHM[31;1m Error] [37mFailed init_port fastrtps_port14943: open_and_lock_file failed[34;1m -> Function [36mopen_port_internal[m
[37;1m2025-12-17 21:18:29.309 [31;1m[[37;1mRTPS_TRANSPORT_SHM[31;1m Error] [37mFailed init_port fastrtps_port14947: open_and_lock_file failed[34;1m -> Function [36mopen_port_internal[m
[37;1m2025-12-17 21:18:29.311 [31;1m[[37;1mRTPS_TRANSPORT_SHM[31;1m Error] [37mFailed init_port fastrtps_port14951: open_and_lock_file failed[34;1m -> Function [36mopen_port_internal[m
[37;1m2025-12-17 21:18:29.314 [31;1m[[37;1mRTPS_TRANSPORT_SHM[31;1m Error] [37mFailed init_port fastrtps_port14957: open_and_lock_file failed[34;1m -> Function [36mopen_port_internal[m
[37;1m2025-12-17 21:18:29.315 [31;1m[[37;1mRTPS_TRANSPORT_SHM[31;1m Error] [37mFailed init_port fastrtps_port14959: open_and_lock_file failed[34;1m -> Function [36mopen_port_internal[m
[37;1m2025-12-17 21:18:29.318 [31;1m[[37;1mRTPS_TRANSPORT_SHM[31;1m Error] [37mFailed init_port fastrtps_port14965: open_and_lock_file failed[34;1m -> Function [36mopen_port_internal[m

=== Launch start 2025-12-17 21:34:39 ===
bash: cannot set terminal process group (12821): Inappropriate ioctl for device
bash: no job control in this shell
[INFO] [launch]: All log files can be found below /home/ray/.ros/log/2025-12-17-21-34-43-547343-ray-12823
[INFO] [launch]: Default logging verbosity is set to INFO
[INFO] [launch.user]: ðŸš€ å•Ÿå‹• YDLidar + éœæ…‹ TF
[37;1m2025-12-17 21:34:43.856 [31;1m[[37;1mRTPS_TRANSPORT_SHM[31;1m Error] [37mFailed init_port fastrtps_port14911: open_and_lock_file failed[34;1m -> Function [36mopen_port_internal[m
[37;1m2025-12-17 21:34:43.857 [31;1m[[37;1mRTPS_TRANSPORT_SHM[31;1m Error] [37mFailed init_port fastrtps_port14913: open_and_lock_file failed[34;1m -> Function [36mopen_port_internal[m
[37;1m2025-12-17 21:34:43.859 [31;1m[[37;1mRTPS_TRANSPORT_SHM[31;1m Error] [37mFailed init_port fastrtps_port14917: open_and_lock_file failed[34;1m -> Function [36mopen_port_internal[m
[37;1m2025-12-17 21:34:43.860 [31;1m[[37;1mRTPS_TRANSPORT_SHM[31;1m Error] [37mFailed init_port fastrtps_port14921: open_and_lock_file failed[34;1m -> Function [36mopen_port_internal[m
[37;1m2025-12-17 21:34:43.862 [31;1m[[37;1mRTPS_TRANSPORT_SHM[31;1m Error] [37mFailed init_port fastrtps_port14925: open_and_lock_file failed[34;1m -> Function [36mopen_port_internal[m
[37;1m2025-12-17 21:34:43.865 [31;1m[[37;1mRTPS_TRANSPORT_SHM[31;1m Error] [37mFailed init_port fastrtps_port14933: open_and_lock_file failed[34;1m -> Function [36mopen_port_internal[m
[37;1m2025-12-17 21:34:43.866 [31;1m[[37;1mRTPS_TRANSPORT_SHM[31;1m Error] [37mFailed init_port fastrtps_port14935: open_and_lock_file failed[34;1m -> Function [36mopen_port_internal[m
[37;1m2025-12-17 21:34:43.868 [31;1m[[37;1mRTPS_TRANSPORT_SHM[31;1m Error] [37mFailed init_port fastrtps_port14941: open_and_lock_file failed[34;1m -> Function [36mopen_port_internal[m
[37;1m2025-12-17 21:34:43.869 [31;1m[[37;1mRTPS_TRANSPORT_SHM[31;1m Error] [37mFailed init_port fastrtps_port14943: open_and_lock_file failed[34;1m -> Function [36mopen_port_internal[m
[37;1m2025-12-17 21:34:43.870 [31;1m[[37;1mRTPS_TRANSPORT_SHM[31;1m Error] [37mFailed init_port fastrtps_port14947: open_and_lock_file failed[34;1m -> Function [36mopen_port_internal[m
[37;1m2025-12-17 21:34:43.872 [31;1m[[37;1mRTPS_TRANSPORT_SHM[31;1m Error] [37mFailed init_port fastrtps_port14951: open_and_lock_file failed[34;1m -> Function [36mopen_port_internal[m
[37;1m2025-12-17 21:34:43.874 [31;1m[[37;1mRTPS_TRANSPORT_SHM[31;1m Error] [37mFailed init_port fastrtps_port14957: open_and_lock_file failed[34;1m -> Function [36mopen_port_internal[m
[37;1m2025-12-17 21:34:43.875 [31;1m[[37;1mRTPS_TRANSPORT_SHM[31;1m Error] [37mFailed init_port fastrtps_port14959: open_and_lock_file failed[34;1m -> Function [36mopen_port_internal[m
[37;1m2025-12-17 21:34:43.877 [31;1m[[37;1mRTPS_TRANSPORT_SHM[31;1m Error] [37mFailed init_port fastrtps_port14965: open_and_lock_file failed[34;1m -> Function [36mopen_port_internal[m
[INFO] [ydlidar_ros2_driver_node-1]: process started with pid [12919]
[INFO] [static_transform_publisher-2]: process started with pid [12921]
[static_transform_publisher-2] [WARN] [1766007284.955963371] []: Old-style arguments are deprecated; see --help for new-style arguments
[static_transform_publisher-2] [37;1m2025-12-17 21:34:45.022 [31;1m[[37;1mRTPS_TRANSPORT_SHM[31;1m Error] [37mFailed init_port fastrtps_port14911: open_and_lock_file failed[34;1m -> Function [36mopen_port_internal[m
[static_transform_publisher-2] [37;1m2025-12-17 21:34:45.023 [31;1m[[37;1mRTPS_TRANSPORT_SHM[31;1m Error] [37mFailed init_port fastrtps_port14913: open_and_lock_file failed[34;1m -> Function [36mopen_port_internal[m
[ydlidar_ros2_driver_node-1] [37;1m2025-12-17 21:34:45.026 [31;1m[[37;1mRTPS_TRANSPORT_SHM[31;1m Error] [37mFailed init_port fastrtps_port14911: open_and_lock_file failed[34;1m -> Function [36mopen_port_internal[m
[static_transform_publisher-2] [37;1m2025-12-17 21:34:45.033 [31;1m[[37;1mRTPS_TRANSPORT_SHM[31;1m Error] [37mFailed init_port fastrtps_port14917: open_and_lock_file failed[34;1m -> Function [36mopen_port_internal[m
[ydlidar_ros2_driver_node-1] [37;1m2025-12-17 21:34:45.027 [31;1m[[37;1mRTPS_TRANSPORT_SHM[31;1m Error] [37mFailed init_port fastrtps_port14913: open_and_lock_file failed[34;1m -> Function [36mopen_port_internal[m
[ydlidar_ros2_driver_node-1] [37;1m2025-12-17 21:34:45.041 [31;1m[[37;1mRTPS_TRANSPORT_SHM[31;1m Error] [37mFailed init_port fastrtps_port14917: open_and_lock_file failed[34;1m -> Function [36mopen_port_internal[m
[static_transform_publisher-2] [37;1m2025-12-17 21:34:45.045 [31;1m[[37;1mRTPS_TRANSPORT_SHM[31;1m Error] [37mFailed init_port fastrtps_port14921: open_and_lock_file failed[34;1m -> Function [36mopen_port_internal[m
[ydlidar_ros2_driver_node-1] [37;1m2025-12-17 21:34:45.046 [31;1m[[37;1mRTPS_TRANSPORT_SHM[31;1m Error] [37mFailed init_port fastrtps_port14921: open_and_lock_file failed[34;1m -> Function [36mopen_port_internal[m
[ydlidar_ros2_driver_node-1] [37;1m2025-12-17 21:34:45.048 [31;1m[[37;1mRTPS_TRANSPORT_SHM[31;1m Error] [37mFailed init_port fastrtps_port14925: open_and_lock_file failed[34;1m -> Function [36mopen_port_internal[m
[static_transform_publisher-2] [37;1m2025-12-17 21:34:45.049 [31;1m[[37;1mRTPS_TRANSPORT_SHM[31;1m Error] [37mFailed init_port fastrtps_port14925: open_and_lock_file failed[34;1m -> Function [36mopen_port_internal[m
[ydlidar_ros2_driver_node-1] [37;1m2025-12-17 21:34:45.052 [31;1m[[37;1mRTPS_TRANSPORT_SHM[31;1m Error] [37mFailed init_port fastrtps_port14933: open_and_lock_file failed[34;1m -> Function [36mopen_port_internal[m
[ydlidar_ros2_driver_node-1] [37;1m2025-12-17 21:34:45.053 [31;1m[[37;1mRTPS_TRANSPORT_SHM[31;1m Error] [37mFailed init_port fastrtps_port14935: open_and_lock_file failed[34;1m -> Function [36mopen_port_internal[m
[ydlidar_ros2_driver_node-1] [37;1m2025-12-17 21:34:45.056 [31;1m[[37;1mRTPS_TRANSPORT_SHM[31;1m Error] [37mFailed init_port fastrtps_port14941: open_and_lock_file failed[34;1m -> Function [36mopen_port_internal[m
[ydlidar_ros2_driver_node-1] [37;1m2025-12-17 21:34:45.058 [31;1m[[37;1mRTPS_TRANSPORT_SHM[31;1m Error] [37mFailed init_port fastrtps_port14943: open_and_lock_file failed[34;1m -> Function [36mopen_port_internal[m
[static_transform_publisher-2] [37;1m2025-12-17 21:34:45.057 [31;1m[[37;1mRTPS_TRANSPORT_SHM[31;1m Error] [37mFailed init_port fastrtps_port14933: open_and_lock_file failed[34;1m -> Function [36mopen_port_internal[m
[static_transform_publisher-2] [37;1m2025-12-17 21:34:45.060 [31;1m[[37;1mRTPS_TRANSPORT_SHM[31;1m Error] [37mFailed init_port fastrtps_port14935: open_and_lock_file failed[34;1m -> Function [36mopen_port_internal[m
[ydlidar_ros2_driver_node-1] [37;1m2025-12-17 21:34:45.061 [31;1m[[37;1mRTPS_TRANSPORT_SHM[31;1m Error] [37mFailed init_port fastrtps_port14947: open_and_lock_file failed[34;1m -> Function [36mopen_port_internal[m
[ydlidar_ros2_driver_node-1] [37;1m2025-12-17 21:34:45.064 [31;1m[[37;1mRTPS_TRANSPORT_SHM[31;1m Error] [37mFailed init_port fastrtps_port14951: open_and_lock_file failed[34;1m -> Function [36mopen_port_internal[m
[ydlidar_ros2_driver_node-1] [37;1m2025-12-17 21:34:45.067 [31;1m[[37;1mRTPS_TRANSPORT_SHM[31;1m Error] [37mFailed init_port fastrtps_port14957: open_and_lock_file failed[34;1m -> Function [36mopen_port_internal[m
[ydlidar_ros2_driver_node-1] [37;1m2025-12-17 21:34:45.068 [31;1m[[37;1mRTPS_TRANSPORT_SHM[31;1m Error] [37mFailed init_port fastrtps_port14959: open_and_lock_file failed[34;1m -> Function [36mopen_port_internal[m
[static_transform_publisher-2] [37;1m2025-12-17 21:34:45.069 [31;1m[[37;1mRTPS_TRANSPORT_SHM[31;1m Error] [37mFailed init_port fastrtps_port14941: open_and_lock_file failed[34;1m -> Function [36mopen_port_internal[m
[static_transform_publisher-2] [37;1m2025-12-17 21:34:45.070 [31;1m[[37;1mRTPS_TRANSPORT_SHM[31;1m Error] [37mFailed init_port fastrtps_port14943: open_and_lock_file failed[34;1m -> Function [36mopen_port_internal[m
[ydlidar_ros2_driver_node-1] [37;1m2025-12-17 21:34:45.071 [31;1m[[37;1mRTPS_TRANSPORT_SHM[31;1m Error] [37mFailed init_port fastrtps_port14965: open_and_lock_file failed[34;1m -> Function [36mopen_port_internal[m
[ydlidar_ros2_driver_node-1] [37;1m2025-12-17 21:34:45.074 [31;1m[[37;1mRTPS_TRANSPORT_SHM[31;1m Error] [37mFailed init_port fastrtps_port14971: open_and_lock_file failed[34;1m -> Function [36mopen_port_internal[m
[ydlidar_ros2_driver_node-1] [37;1m2025-12-17 21:34:45.075 [31;1m[[37;1mRTPS_TRANSPORT_SHM[31;1m Error] [37mFailed init_port fastrtps_port14973: open_and_lock_file failed[34;1m -> Function [36mopen_port_internal[m
[static_transform_publisher-2] [37;1m2025-12-17 21:34:45.074 [31;1m[[37;1mRTPS_TRANSPORT_SHM[31;1m Error] [37mFailed init_port fastrtps_port14947: open_and_lock_file failed[34;1m -> Function [36mopen_port_internal[m
[static_transform_publisher-2] [37;1m2025-12-17 21:34:45.087 [31;1m[[37;1mRTPS_TRANSPORT_SHM[31;1m Error] [37mFailed init_port fastrtps_port14951: open_and_lock_file failed[34;1m -> Function [36mopen_port_internal[m
[static_transform_publisher-2] [37;1m2025-12-17 21:34:45.124 [31;1m[[37;1mRTPS_TRANSPORT_SHM[31;1m Error] [37mFailed init_port fastrtps_port14957: open_and_lock_file failed[34;1m -> Function [36mopen_port_internal[m
[static_transform_publisher-2] [37;1m2025-12-17 21:34:45.126 [31;1m[[37;1mRTPS_TRANSPORT_SHM[31;1m Error] [37mFailed init_port fastrtps_port14959: open_and_lock_file failed[34;1m -> Function [36mopen_port_internal[m
[static_transform_publisher-2] [37;1m2025-12-17 21:34:45.141 [31;1m[[37;1mRTPS_TRANSPORT_SHM[31;1m Error] [37mFailed init_port fastrtps_port14965: open_and_lock_file failed[34;1m -> Function [36mopen_port_internal[m
[static_transform_publisher-2] [37;1m2025-12-17 21:34:45.144 [31;1m[[37;1mRTPS_TRANSPORT_SHM[31;1m Error] [37mFailed init_port fastrtps_port14971: open_and_lock_file failed[34;1m -> Function [36mopen_port_internal[m
[static_transform_publisher-2] [37;1m2025-12-17 21:34:45.145 [31;1m[[37;1mRTPS_TRANSPORT_SHM[31;1m Error] [37mFailed init_port fastrtps_port14973: open_and_lock_file failed[34;1m -> Function [36mopen_port_internal[m
[ydlidar_ros2_driver_node-1] [0m[INFO] [1766007285.340696239] [ydlidar_ros2_driver_node]: [YDLIDAR INFO] Current ROS Driver Version: 1.0.1
[ydlidar_ros2_driver_node-1] [0m
[ydlidar_ros2_driver_node-1] [2025-12-17 21:34:45][info] SDK initializing
[ydlidar_ros2_driver_node-1] [2025-12-17 21:34:45][info] SDK has been initialized
[ydlidar_ros2_driver_node-1] [2025-12-17 21:34:45][info] SDK Version: 1.2.19
[ydlidar_ros2_driver_node-1] [2025-12-17 21:34:45][info] Connect elapsed time 13 ms
[ydlidar_ros2_driver_node-1] [2025-12-17 21:34:45][info] Lidar successfully connected [/dev/ttyUSB0:115200]
[ydlidar_ros2_driver_node-1] [2025-12-17 21:34:45][info] Lidar running correctly! The health status good
[ydlidar_ros2_driver_node-1] [0;31m[2025-12-17 21:34:45][error] Fail to get baseplate device information!
[ydlidar_ros2_driver_node-1] [0m[2025-12-17 21:34:45][info] Check status, Elapsed time 0 ms
[ydlidar_ros2_driver_node-1] [2025-12-17 21:34:45][info] Lidar init success, Elapsed time [15]ms
[static_transform_publisher-2] [INFO] [1766007285.466040821] [static_tf_pub_laser]: Spinning until stopped - publishing transform
[static_transform_publisher-2] translation: ('0.000000', '0.000000', '0.020000')
[static_transform_publisher-2] rotation: ('0.000000', '0.000000', '0.000000', '1.000000')
[static_transform_publisher-2] from 'base_link' to 'laser_frame'
[ydlidar_ros2_driver_node-1] [2025-12-17 21:34:45][info] Start to getting intensity flag
[ydlidar_ros2_driver_node-1] [2025-12-17 21:34:46][info] Auto set intensity 0
[ydlidar_ros2_driver_node-1] [2025-12-17 21:34:46][info] [YDLIDAR] End to getting intensity flag
[ydlidar_ros2_driver_node-1] [2025-12-17 21:34:46][info] [YDLIDAR] Create thread 0x95C0D8E0
[ydlidar_ros2_driver_node-1] [2025-12-17 21:34:46][info] Successed to start scan mode, Elapsed time 1362 ms
[ydlidar_ros2_driver_node-1] [2025-12-17 21:34:46][info] Scan Frequency: 5.50Hz
[ydlidar_ros2_driver_node-1] [2025-12-17 21:34:46][info] Fixed Size: 720
[ydlidar_ros2_driver_node-1] [2025-12-17 21:34:46][info] Sample Rate: 3.00K
[ydlidar_ros2_driver_node-1] [2025-12-17 21:34:46][info] Scan Frequency: 5.50Hz
[ydlidar_ros2_driver_node-1] [2025-12-17 21:34:46][info] Fixed Size: 720
[ydlidar_ros2_driver_node-1] [2025-12-17 21:34:46][info] Sample Rate: 3.00K
[ydlidar_ros2_driver_node-1] [2025-12-17 21:34:47][info] Scan Frequency: 5.50Hz
[ydlidar_ros2_driver_node-1] [2025-12-17 21:34:47][info] Fixed Size: 720
[ydlidar_ros2_driver_node-1] [2025-12-17 21:34:47][info] Sample Rate: 3.00K
[ydlidar_ros2_driver_node-1] [2025-12-17 21:34:47][info] Single Fixed Size: 240
[ydlidar_ros2_driver_node-1] [2025-12-17 21:34:47][info] Sample Rate: 3.00K
[ydlidar_ros2_driver_node-1] [2025-12-17 21:34:47][info] Successed to check the lidar, Elapsed time 294 ms
[ydlidar_ros2_driver_node-1] [2025-12-17 21:34:47][info] Now lidar is scanning...
[ydlidar_ros2_driver_node-1] [0;33m[2025-12-17 21:34:47][warn] [YDLIDAR]: Real point count 242 > fixed point count 240
[ydlidar_ros2_driver_node-1] [0m[0;33m[2025-12-17 21:34:47][warn] [YDLIDAR]: Real point count 241 > fixed point count 240
[ydlidar_ros2_driver_node-1] [0m[0;33m[2025-12-17 21:34:47][warn] [YDLIDAR]: Real point count 242 > fixed point count 240
[ydlidar_ros2_driver_node-1] [0m[0;33m[2025-12-17 21:34:47][warn] [YDLIDAR]: Real point count 242 > fixed point count 240
[ydlidar_ros2_driver_node-1] [0m[0;33m[2025-12-17 21:34:47][warn] [YDLIDAR]: Real point count 241 > fixed point count 240
[ydlidar_ros2_driver_node-1] [0m[0;33m[2025-12-17 21:34:48][warn] [YDLIDAR]: Real point count 242 > fixed point count 240
[ydlidar_ros2_driver_node-1] [0m[0;33m[2025-12-17 21:34:48][warn] [YDLIDAR]: Real point count 242 > fixed point count 240
[ydlidar_ros2_driver_node-1] [0m[0;33m[2025-12-17 21:34:48][warn] [YDLIDAR]: Real point count 242 > fixed point count 240
[ydlidar_ros2_driver_node-1] [0m[0;33m[2025-12-17 21:34:48][warn] [YDLIDAR]: Real point count 242 > fixed point count 240
[ydlidar_ros2_driver_node-1] [0m[0;33m[2025-12-17 21:34:48][warn] [YDLIDAR]: Real point count 242 > fixed point count 240
[ydlidar_ros2_driver_node-1] [0m[0;33m[2025-12-17 21:34:48][warn] [YDLIDAR]: Real point count 242 > fixed point count 240
[ydlidar_ros2_driver_node-1] [0m[0;33m[2025-12-17 21:34:48][warn] [YDLIDAR]: Real point count 242 > fixed point count 240
[ydlidar_ros2_driver_node-1] [0m[0;33m[2025-12-17 21:34:48][warn] [YDLIDAR]: Real point count 242 > fixed point count 240
[ydlidar_ros2_driver_node-1] [0m[0;33m[2025-12-17 21:34:48][warn] [YDLIDAR]: Real point count 243 > fixed point count 240
[ydlidar_ros2_driver_node-1] [0m[0;33m[2025-12-17 21:34:48][warn] [YDLIDAR]: Real point count 242 > fixed point count 240
[ydlidar_ros2_driver_node-1] [0m[0;33m[2025-12-17 21:34:48][warn] [YDLIDAR]: Real point count 242 > fixed point count 240
[ydlidar_ros2_driver_node-1] [0m[0;33m[2025-12-17 21:34:48][warn] [YDLIDAR]: Real point count 242 > fixed point count 240
[ydlidar_ros2_driver_node-1] [0m[0;33m[2025-12-17 21:34:49][warn] [YDLIDAR]: Real point count 242 > fixed point count 240
[ydlidar_ros2_driver_node-1] [0m[0;33m[2025-12-17 21:34:49][warn] [YDLIDAR]: Real point count 242 > fixed point count 240
[ydlidar_ros2_driver_node-1] [0m[0;33m[2025-12-17 21:34:49][warn] [YDLIDAR]: Real point count 242 > fixed point count 240
[ydlidar_ros2_driver_node-1] [0m[0;33m[2025-12-17 21:34:49][warn] [YDLIDAR]: Real point count 242 > fixed point count 240
[ydlidar_ros2_driver_node-1] [0m[0;33m[2025-12-17 21:34:49][warn] [YDLIDAR]: Real point count 241 > fixed point count 240
[ydlidar_ros2_driver_node-1] [0m[0;33m[2025-12-17 21:34:49][warn] [YDLIDAR]: Real point count 242 > fixed point count 240

=== Launch start 2025-12-17 22:04:33 ===
bash: cannot set terminal process group (14118): Inappropriate ioctl for device
bash: no job control in this shell
[INFO] [launch]: All log files can be found below /home/ray/.ros/log/2025-12-17-22-04-38-173636-ray-14120
[INFO] [launch]: Default logging verbosity is set to INFO
[INFO] [launch.user]: ðŸš€ å•Ÿå‹• YDLidar + éœæ…‹ TF
[37;1m2025-12-17 22:04:38.493 [31;1m[[37;1mRTPS_TRANSPORT_SHM[31;1m Error] [37mFailed init_port fastrtps_port14911: open_and_lock_file failed[34;1m -> Function [36mopen_port_internal[m
[37;1m2025-12-17 22:04:38.494 [31;1m[[37;1mRTPS_TRANSPORT_SHM[31;1m Error] [37mFailed init_port fastrtps_port14913: open_and_lock_file failed[34;1m -> Function [36mopen_port_internal[m
[37;1m2025-12-17 22:04:38.496 [31;1m[[37;1mRTPS_TRANSPORT_SHM[31;1m Error] [37mFailed init_port fastrtps_port14917: open_and_lock_file failed[34;1m -> Function [36mopen_port_internal[m
[37;1m2025-12-17 22:04:38.497 [31;1m[[37;1mRTPS_TRANSPORT_SHM[31;1m Error] [37mFailed init_port fastrtps_port14921: open_and_lock_file failed[34;1m -> Function [36mopen_port_internal[m
[37;1m2025-12-17 22:04:38.499 [31;1m[[37;1mRTPS_TRANSPORT_SHM[31;1m Error] [37mFailed init_port fastrtps_port14925: open_and_lock_file failed[34;1m -> Function [36mopen_port_internal[m
[37;1m2025-12-17 22:04:38.502 [31;1m[[37;1mRTPS_TRANSPORT_SHM[31;1m Error] [37mFailed init_port fastrtps_port14933: open_and_lock_file failed[34;1m -> Function [36mopen_port_internal[m
[37;1m2025-12-17 22:04:38.503 [31;1m[[37;1mRTPS_TRANSPORT_SHM[31;1m Error] [37mFailed init_port fastrtps_port14935: open_and_lock_file failed[34;1m -> Function [36mopen_port_internal[m
[37;1m2025-12-17 22:04:38.505 [31;1m[[37;1mRTPS_TRANSPORT_SHM[31;1m Error] [37mFailed init_port fastrtps_port14941: open_and_lock_file failed[34;1m -> Function [36mopen_port_internal[m
[37;1m2025-12-17 22:04:38.505 [31;1m[[37;1mRTPS_TRANSPORT_SHM[31;1m Error] [37mFailed init_port fastrtps_port14943: open_and_lock_file failed[34;1m -> Function [36mopen_port_internal[m
[37;1m2025-12-17 22:04:38.507 [31;1m[[37;1mRTPS_TRANSPORT_SHM[31;1m Error] [37mFailed init_port fastrtps_port14947: open_and_lock_file failed[34;1m -> Function [36mopen_port_internal[m
[37;1m2025-12-17 22:04:38.509 [31;1m[[37;1mRTPS_TRANSPORT_SHM[31;1m Error] [37mFailed init_port fastrtps_port14951: open_and_lock_file failed[34;1m -> Function [36mopen_port_internal[m
[37;1m2025-12-17 22:04:38.511 [31;1m[[37;1mRTPS_TRANSPORT_SHM[31;1m Error] [37mFailed init_port fastrtps_port14957: open_and_lock_file failed[34;1m -> Function [36mopen_port_internal[m
[37;1m2025-12-17 22:04:38.512 [31;1m[[37;1mRTPS_TRANSPORT_SHM[31;1m Error] [37mFailed init_port fastrtps_port14959: open_and_lock_file failed[34;1m -> Function [36mopen_port_internal[m
[37;1m2025-12-17 22:04:38.515 [31;1m[[37;1mRTPS_TRANSPORT_SHM[31;1m Error] [37mFailed init_port fastrtps_port14965: open_and_lock_file failed[34;1m -> Function [36mopen_port_internal[m
[37;1m2025-12-17 22:04:38.518 [31;1m[[37;1mRTPS_TRANSPORT_SHM[31;1m Error] [37mFailed init_port fastrtps_port14971: open_and_lock_file failed[34;1m -> Function [36mopen_port_internal[m
[37;1m2025-12-17 22:04:38.519 [31;1m[[37;1mRTPS_TRANSPORT_SHM[31;1m Error] [37mFailed init_port fastrtps_port14973: open_and_lock_file failed[34;1m -> Function [36mopen_port_internal[m
[INFO] [ydlidar_ros2_driver_node-1]: process started with pid [14205]
[INFO] [static_transform_publisher-2]: process started with pid [14207]
[static_transform_publisher-2] [WARN] [1766009078.881744755] []: Old-style arguments are deprecated; see --help for new-style arguments
[ydlidar_ros2_driver_node-1] [37;1m2025-12-17 22:04:38.889 [31;1m[[37;1mRTPS_TRANSPORT_SHM[31;1m Error] [37mFailed init_port fastrtps_port14911: open_and_lock_file failed[34;1m -> Function [36mopen_port_internal[m
[ydlidar_ros2_driver_node-1] [37;1m2025-12-17 22:04:38.891 [31;1m[[37;1mRTPS_TRANSPORT_SHM[31;1m Error] [37mFailed init_port fastrtps_port14913: open_and_lock_file failed[34;1m -> Function [36mopen_port_internal[m
[ydlidar_ros2_driver_node-1] [37;1m2025-12-17 22:04:38.893 [31;1m[[37;1mRTPS_TRANSPORT_SHM[31;1m Error] [37mFailed init_port fastrtps_port14917: open_and_lock_file failed[34;1m -> Function [36mopen_port_internal[m
[ydlidar_ros2_driver_node-1] [37;1m2025-12-17 22:04:38.896 [31;1m[[37;1mRTPS_TRANSPORT_SHM[31;1m Error] [37mFailed init_port fastrtps_port14921: open_and_lock_file failed[34;1m -> Function [36mopen_port_internal[m
[ydlidar_ros2_driver_node-1] [37;1m2025-12-17 22:04:38.901 [31;1m[[37;1mRTPS_TRANSPORT_SHM[31;1m Error] [37mFailed init_port fastrtps_port14925: open_and_lock_file failed[34;1m -> Function [36mopen_port_internal[m
[ydlidar_ros2_driver_node-1] [37;1m2025-12-17 22:04:38.908 [31;1m[[37;1mRTPS_TRANSPORT_SHM[31;1m Error] [37mFailed init_port fastrtps_port14933: open_and_lock_file failed[34;1m -> Function [36mopen_port_internal[m
[ydlidar_ros2_driver_node-1] [37;1m2025-12-17 22:04:38.910 [31;1m[[37;1mRTPS_TRANSPORT_SHM[31;1m Error] [37mFailed init_port fastrtps_port14935: open_and_lock_file failed[34;1m -> Function [36mopen_port_internal[m
[static_transform_publisher-2] [37;1m2025-12-17 22:04:38.903 [31;1m[[37;1mRTPS_TRANSPORT_SHM[31;1m Error] [37mFailed init_port fastrtps_port14911: open_and_lock_file failed[34;1m -> Function [36mopen_port_internal[m
[static_transform_publisher-2] [37;1m2025-12-17 22:04:38.905 [31;1m[[37;1mRTPS_TRANSPORT_SHM[31;1m Error] [37mFailed init_port fastrtps_port14913: open_and_lock_file failed[34;1m -> Function [36mopen_port_internal[m
[static_transform_publisher-2] [37;1m2025-12-17 22:04:38.910 [31;1m[[37;1mRTPS_TRANSPORT_SHM[31;1m Error] [37mFailed init_port fastrtps_port14917: open_and_lock_file failed[34;1m -> Function [36mopen_port_internal[m
[ydlidar_ros2_driver_node-1] [37;1m2025-12-17 22:04:38.914 [31;1m[[37;1mRTPS_TRANSPORT_SHM[31;1m Error] [37mFailed init_port fastrtps_port14941: open_and_lock_file failed[34;1m -> Function [36mopen_port_internal[m
[ydlidar_ros2_driver_node-1] [37;1m2025-12-17 22:04:38.915 [31;1m[[37;1mRTPS_TRANSPORT_SHM[31;1m Error] [37mFailed init_port fastrtps_port14943: open_and_lock_file failed[34;1m -> Function [36mopen_port_internal[m
[ydlidar_ros2_driver_node-1] [37;1m2025-12-17 22:04:38.918 [31;1m[[37;1mRTPS_TRANSPORT_SHM[31;1m Error] [37mFailed init_port fastrtps_port14947: open_and_lock_file failed[34;1m -> Function [36mopen_port_internal[m
[ydlidar_ros2_driver_node-1] [37;1m2025-12-17 22:04:38.922 [31;1m[[37;1mRTPS_TRANSPORT_SHM[31;1m Error] [37mFailed init_port fastrtps_port14951: open_and_lock_file failed[34;1m -> Function [36mopen_port_internal[m
[static_transform_publisher-2] [37;1m2025-12-17 22:04:38.913 [31;1m[[37;1mRTPS_TRANSPORT_SHM[31;1m Error] [37mFailed init_port fastrtps_port14921: open_and_lock_file failed[34;1m -> Function [36mopen_port_internal[m
[static_transform_publisher-2] [37;1m2025-12-17 22:04:38.915 [31;1m[[37;1mRTPS_TRANSPORT_SHM[31;1m Error] [37mFailed init_port fastrtps_port14925: open_and_lock_file failed[34;1m -> Function [36mopen_port_internal[m
[static_transform_publisher-2] [37;1m2025-12-17 22:04:38.919 [31;1m[[37;1mRTPS_TRANSPORT_SHM[31;1m Error] [37mFailed init_port fastrtps_port14933: open_and_lock_file failed[34;1m -> Function [36mopen_port_internal[m
[static_transform_publisher-2] [37;1m2025-12-17 22:04:38.923 [31;1m[[37;1mRTPS_TRANSPORT_SHM[31;1m Error] [37mFailed init_port fastrtps_port14935: open_and_lock_file failed[34;1m -> Function [36mopen_port_internal[m
[ydlidar_ros2_driver_node-1] [37;1m2025-12-17 22:04:38.927 [31;1m[[37;1mRTPS_TRANSPORT_SHM[31;1m Error] [37mFailed init_port fastrtps_port14957: open_and_lock_file failed[34;1m -> Function [36mopen_port_internal[m
[ydlidar_ros2_driver_node-1] [37;1m2025-12-17 22:04:38.929 [31;1m[[37;1mRTPS_TRANSPORT_SHM[31;1m Error] [37mFailed init_port fastrtps_port14959: open_and_lock_file failed[34;1m -> Function [36mopen_port_internal[m
[static_transform_publisher-2] [37;1m2025-12-17 22:04:38.929 [31;1m[[37;1mRTPS_TRANSPORT_SHM[31;1m Error] [37mFailed init_port fastrtps_port14941: open_and_lock_file failed[34;1m -> Function [36mopen_port_internal[m
[static_transform_publisher-2] [37;1m2025-12-17 22:04:38.930 [31;1m[[37;1mRTPS_TRANSPORT_SHM[31;1m Error] [37mFailed init_port fastrtps_port14943: open_and_lock_file failed[34;1m -> Function [36mopen_port_internal[m
[static_transform_publisher-2] [37;1m2025-12-17 22:04:38.933 [31;1m[[37;1mRTPS_TRANSPORT_SHM[31;1m Error] [37mFailed init_port fastrtps_port14947: open_and_lock_file failed[34;1m -> Function [36mopen_port_internal[m
[ydlidar_ros2_driver_node-1] [37;1m2025-12-17 22:04:38.932 [31;1m[[37;1mRTPS_TRANSPORT_SHM[31;1m Error] [37mFailed init_port fastrtps_port14965: open_and_lock_file failed[34;1m -> Function [36mopen_port_internal[m
[ydlidar_ros2_driver_node-1] [37;1m2025-12-17 22:04:38.933 [31;1m[[37;1mRTPS_TRANSPORT_SHM[31;1m Error] [37mFailed init_port fastrtps_port14969: open_and_lock_file failed[34;1m -> Function [36mopen_port_internal[m
[ydlidar_ros2_driver_node-1] [37;1m2025-12-17 22:04:38.935 [31;1m[[37;1mRTPS_TRANSPORT_SHM[31;1m Error] [37mFailed init_port fastrtps_port14971: open_and_lock_file failed[34;1m -> Function [36mopen_port_internal[m
[static_transform_publisher-2] [37;1m2025-12-17 22:04:38.935 [31;1m[[37;1mRTPS_TRANSPORT_SHM[31;1m Error] [37mFailed init_port fastrtps_port14951: open_and_lock_file failed[34;1m -> Function [36mopen_port_internal[m
[ydlidar_ros2_driver_node-1] [37;1m2025-12-17 22:04:38.939 [31;1m[[37;1mRTPS_TRANSPORT_SHM[31;1m Error] [37mFailed init_port fastrtps_port14973: open_and_lock_file failed[34;1m -> Function [36mopen_port_internal[m
[static_transform_publisher-2] [37;1m2025-12-17 22:04:38.942 [31;1m[[37;1mRTPS_TRANSPORT_SHM[31;1m Error] [37mFailed init_port fastrtps_port14957: open_and_lock_file failed[34;1m -> Function [36mopen_port_internal[m
[static_transform_publisher-2] [37;1m2025-12-17 22:04:38.947 [31;1m[[37;1mRTPS_TRANSPORT_SHM[31;1m Error] [37mFailed init_port fastrtps_port14959: open_and_lock_file failed[34;1m -> Function [36mopen_port_internal[m
[static_transform_publisher-2] [37;1m2025-12-17 22:04:38.951 [31;1m[[37;1mRTPS_TRANSPORT_SHM[31;1m Error] [37mFailed init_port fastrtps_port14965: open_and_lock_file failed[34;1m -> Function [36mopen_port_internal[m
[static_transform_publisher-2] [37;1m2025-12-17 22:04:38.954 [31;1m[[37;1mRTPS_TRANSPORT_SHM[31;1m Error] [37mFailed init_port fastrtps_port14969: open_and_lock_file failed[34;1m -> Function [36mopen_port_internal[m
[static_transform_publisher-2] [37;1m2025-12-17 22:04:39.055 [31;1m[[37;1mRTPS_TRANSPORT_SHM[31;1m Error] [37mFailed init_port fastrtps_port14971: open_and_lock_file failed[34;1m -> Function [36mopen_port_internal[m
[static_transform_publisher-2] [37;1m2025-12-17 22:04:39.084 [31;1m[[37;1mRTPS_TRANSPORT_SHM[31;1m Error] [37mFailed init_port fastrtps_port14973: open_and_lock_file failed[34;1m -> Function [36mopen_port_internal[m
[ydlidar_ros2_driver_node-1] [0m[INFO] [1766009079.294792028] [ydlidar_ros2_driver_node]: [YDLIDAR INFO] Current ROS Driver Version: 1.0.1
[ydlidar_ros2_driver_node-1] [0m
[ydlidar_ros2_driver_node-1] [2025-12-17 22:04:39][info] SDK initializing
[ydlidar_ros2_driver_node-1] [2025-12-17 22:04:39][info] SDK has been initialized
[ydlidar_ros2_driver_node-1] [2025-12-17 22:04:39][info] SDK Version: 1.2.19
[ydlidar_ros2_driver_node-1] [2025-12-17 22:04:39][info] Connect elapsed time 25 ms
[ydlidar_ros2_driver_node-1] [2025-12-17 22:04:39][info] Lidar successfully connected [/dev/ttyUSB0:115200]
[ydlidar_ros2_driver_node-1] [2025-12-17 22:04:39][info] Lidar running correctly! The health status good
[ydlidar_ros2_driver_node-1] [0;31m[2025-12-17 22:04:39][error] Fail to get baseplate device information!
[ydlidar_ros2_driver_node-1] [0m[2025-12-17 22:04:39][info] Check status, Elapsed time 0 ms
[ydlidar_ros2_driver_node-1] [2025-12-17 22:04:39][info] Lidar init success, Elapsed time [25]ms
[static_transform_publisher-2] [INFO] [1766009079.553671963] [static_tf_pub_laser]: Spinning until stopped - publishing transform
[static_transform_publisher-2] translation: ('0.000000', '0.000000', '0.020000')
[static_transform_publisher-2] rotation: ('0.000000', '0.000000', '0.000000', '1.000000')
[static_transform_publisher-2] from 'base_link' to 'laser_frame'
[ydlidar_ros2_driver_node-1] [2025-12-17 22:04:39][info] Start to getting intensity flag
[ydlidar_ros2_driver_node-1] [2025-12-17 22:04:40][info] Auto set intensity 0
[ydlidar_ros2_driver_node-1] [2025-12-17 22:04:40][info] [YDLIDAR] End to getting intensity flag
[ydlidar_ros2_driver_node-1] [2025-12-17 22:04:40][info] [YDLIDAR] Create thread 0x8A52B8E0
[ydlidar_ros2_driver_node-1] [2025-12-17 22:04:40][info] Successed to start scan mode, Elapsed time 1429 ms
[ydlidar_ros2_driver_node-1] [2025-12-17 22:04:40][info] Scan Frequency: 5.50Hz
[ydlidar_ros2_driver_node-1] [2025-12-17 22:04:40][info] Fixed Size: 720
[ydlidar_ros2_driver_node-1] [2025-12-17 22:04:40][info] Sample Rate: 3.00K
[ydlidar_ros2_driver_node-1] [2025-12-17 22:04:40][info] Scan Frequency: 5.50Hz
[ydlidar_ros2_driver_node-1] [2025-12-17 22:04:40][info] Fixed Size: 720
[ydlidar_ros2_driver_node-1] [2025-12-17 22:04:40][info] Sample Rate: 3.00K
[ydlidar_ros2_driver_node-1] [2025-12-17 22:04:41][info] Scan Frequency: 5.50Hz
[ydlidar_ros2_driver_node-1] [2025-12-17 22:04:41][info] Fixed Size: 720
[ydlidar_ros2_driver_node-1] [2025-12-17 22:04:41][info] Sample Rate: 3.00K
[ydlidar_ros2_driver_node-1] [2025-12-17 22:04:41][info] Single Fixed Size: 250
[ydlidar_ros2_driver_node-1] [2025-12-17 22:04:41][info] Sample Rate: 3.00K
[ydlidar_ros2_driver_node-1] [2025-12-17 22:04:41][info] Successed to check the lidar, Elapsed time 317 ms
[ydlidar_ros2_driver_node-1] [2025-12-17 22:04:41][info] Now lidar is scanning...
[ydlidar_ros2_driver_node-1] [0;33m[2025-12-17 22:04:42][warn] [YDLIDAR]: Real point count 256 > fixed point count 250
[ydlidar_ros2_driver_node-1] [0m[0;33m[2025-12-17 22:04:42][warn] [YDLIDAR]: Real point count 257 > fixed point count 250
[ydlidar_ros2_driver_node-1] [0m[0;33m[2025-12-17 22:04:42][warn] [YDLIDAR]: Real point count 257 > fixed point count 250
[ydlidar_ros2_driver_node-1] [0m[0;33m[2025-12-17 22:04:42][warn] [YDLIDAR]: Real point count 258 > fixed point count 250
[ydlidar_ros2_driver_node-1] [0m[0;33m[2025-12-17 22:04:43][warn] [YDLIDAR]: Real point count 257 > fixed point count 250
[ydlidar_ros2_driver_node-1] [0m[0;33m[2025-12-17 22:04:43][warn] [YDLIDAR]: Real point count 257 > fixed point count 250
[ydlidar_ros2_driver_node-1] [0m[0;33m[2025-12-17 22:04:43][warn] [YDLIDAR]: Real point count 257 > fixed point count 250
[ydlidar_ros2_driver_node-1] [0m[0;33m[2025-12-17 22:04:43][warn] [YDLIDAR]: Real point count 256 > fixed point count 250
[ydlidar_ros2_driver_node-1] [0m[0;33m[2025-12-17 22:04:43][warn] [YDLIDAR]: Real point count 257 > fixed point count 250
[ydlidar_ros2_driver_node-1] [0m[0;33m[2025-12-17 22:04:43][warn] [YDLIDAR]: Real point count 256 > fixed point count 250
