[0.060s] Invoking command in '/home/ray/ros2_ws/build/ydlidar_ros2_driver': CMAKE_PREFIX_PATH=/opt/ros/humble /usr/bin/cmake --build /home/ray/ros2_ws/build/ydlidar_ros2_driver -- -j4 -l4
[0.295s] [ 50%] Built target ydlidar_ros2_driver_client
[0.297s] [100%] Built target ydlidar_ros2_driver_node
[0.336s] Invoked command in '/home/ray/ros2_ws/build/ydlidar_ros2_driver' returned '0': CMAKE_PREFIX_PATH=/opt/ros/humble /usr/bin/cmake --build /home/ray/ros2_ws/build/ydlidar_ros2_driver -- -j4 -l4
[0.378s] Invoking command in '/home/ray/ros2_ws/build/ydlidar_ros2_driver': CMAKE_PREFIX_PATH=/opt/ros/humble /usr/bin/cmake --install /home/ray/ros2_ws/build/ydlidar_ros2_driver
[0.405s] -- Install configuration: ""
[0.407s] -- Execute custom install script
[0.408s] -- Up-to-date symlink: /home/ray/ros2_ws/install/ydlidar_ros2_driver/lib/ydlidar_ros2_driver/ydlidar_ros2_driver_node
[0.409s] -- Up-to-date symlink: /home/ray/ros2_ws/install/ydlidar_ros2_driver/lib/ydlidar_ros2_driver/ydlidar_ros2_driver_client
[0.411s] -- Up-to-date symlink: /home/ray/ros2_ws/install/ydlidar_ros2_driver/share/ydlidar_ros2_driver/launch/robot_control_launch.py
[0.412s] -- Up-to-date symlink: /home/ray/ros2_ws/install/ydlidar_ros2_driver/share/ydlidar_ros2_driver/launch/ydlidar.py
[0.412s] -- Up-to-date symlink: /home/ray/ros2_ws/install/ydlidar_ros2_driver/share/ydlidar_ros2_driver/launch/ydlidar_launch.py
[0.413s] -- Up-to-date symlink: /home/ray/ros2_ws/install/ydlidar_ros2_driver/share/ydlidar_ros2_driver/launch/ydlidar_launch_view.py
[0.415s] -- Up-to-date symlink: /home/ray/ros2_ws/install/ydlidar_ros2_driver/share/ydlidar_ros2_driver/params/G1.yaml
[0.416s] -- Up-to-date symlink: /home/ray/ros2_ws/install/ydlidar_ros2_driver/share/ydlidar_ros2_driver/params/G2.yaml
[0.416s] -- Up-to-date symlink: /home/ray/ros2_ws/install/ydlidar_ros2_driver/share/ydlidar_ros2_driver/params/G4.yaml
[0.417s] -- Up-to-date symlink: /home/ray/ros2_ws/install/ydlidar_ros2_driver/share/ydlidar_ros2_driver/params/G6.yaml
[0.418s] -- Up-to-date symlink: /home/ray/ros2_ws/install/ydlidar_ros2_driver/share/ydlidar_ros2_driver/params/GS2.yaml
[0.419s] -- Up-to-date symlink: /home/ray/ros2_ws/install/ydlidar_ros2_driver/share/ydlidar_ros2_driver/params/GS5.yaml
[0.419s] -- Up-to-date symlink: /home/ray/ros2_ws/install/ydlidar_ros2_driver/share/ydlidar_ros2_driver/params/TEA.yaml
[0.420s] -- Up-to-date symlink: /home/ray/ros2_ws/install/ydlidar_ros2_driver/share/ydlidar_ros2_driver/params/TG.yaml
[0.421s] -- Up-to-date symlink: /home/ray/ros2_ws/install/ydlidar_ros2_driver/share/ydlidar_ros2_driver/params/Tmini-Plus-SH.yaml
[0.421s] -- Up-to-date symlink: /home/ray/ros2_ws/install/ydlidar_ros2_driver/share/ydlidar_ros2_driver/params/Tmini.yaml
[0.422s] -- Up-to-date symlink: /home/ray/ros2_ws/install/ydlidar_ros2_driver/share/ydlidar_ros2_driver/params/X2.yaml
[0.423s] -- Up-to-date symlink: /home/ray/ros2_ws/install/ydlidar_ros2_driver/share/ydlidar_ros2_driver/params/X3.yaml
[0.424s] -- Up-to-date symlink: /home/ray/ros2_ws/install/ydlidar_ros2_driver/share/ydlidar_ros2_driver/params/X4-Pro.yaml
[0.425s] -- Up-to-date symlink: /home/ray/ros2_ws/install/ydlidar_ros2_driver/share/ydlidar_ros2_driver/params/X4.yaml
[0.426s] -- Up-to-date symlink: /home/ray/ros2_ws/install/ydlidar_ros2_driver/share/ydlidar_ros2_driver/params/sdm15.yaml
[0.427s] -- Up-to-date symlink: /home/ray/ros2_ws/install/ydlidar_ros2_driver/share/ydlidar_ros2_driver/params/ydlidar.yaml
[0.427s] -- Up-to-date symlink: /home/ray/ros2_ws/install/ydlidar_ros2_driver/share/ydlidar_ros2_driver/startup/initenv.sh
[0.429s] -- Up-to-date symlink: /home/ray/ros2_ws/install/ydlidar_ros2_driver/share/ydlidar_ros2_driver/config/ydlidar.rviz
[0.430s] -- Up-to-date symlink: /home/ray/ros2_ws/install/ydlidar_ros2_driver/share/ament_index/resource_index/package_run_dependencies/ydlidar_ros2_driver
[0.431s] -- Up-to-date symlink: /home/ray/ros2_ws/install/ydlidar_ros2_driver/share/ament_index/resource_index/parent_prefix_path/ydlidar_ros2_driver
[0.432s] -- Up-to-date symlink: /home/ray/ros2_ws/install/ydlidar_ros2_driver/share/ydlidar_ros2_driver/environment/ament_prefix_path.sh
[0.433s] -- Up-to-date symlink: /home/ray/ros2_ws/install/ydlidar_ros2_driver/share/ydlidar_ros2_driver/environment/ament_prefix_path.dsv
[0.434s] -- Up-to-date symlink: /home/ray/ros2_ws/install/ydlidar_ros2_driver/share/ydlidar_ros2_driver/environment/path.sh
[0.435s] -- Up-to-date symlink: /home/ray/ros2_ws/install/ydlidar_ros2_driver/share/ydlidar_ros2_driver/environment/path.dsv
[0.435s] -- Up-to-date symlink: /home/ray/ros2_ws/install/ydlidar_ros2_driver/share/ydlidar_ros2_driver/local_setup.bash
[0.436s] -- Up-to-date symlink: /home/ray/ros2_ws/install/ydlidar_ros2_driver/share/ydlidar_ros2_driver/local_setup.sh
[0.437s] -- Up-to-date symlink: /home/ray/ros2_ws/install/ydlidar_ros2_driver/share/ydlidar_ros2_driver/local_setup.zsh
[0.438s] -- Up-to-date symlink: /home/ray/ros2_ws/install/ydlidar_ros2_driver/share/ydlidar_ros2_driver/local_setup.dsv
[0.439s] -- Symlinking: /home/ray/ros2_ws/install/ydlidar_ros2_driver/share/ydlidar_ros2_driver/package.dsv
[0.469s] -- Up-to-date symlink: /home/ray/ros2_ws/install/ydlidar_ros2_driver/share/ament_index/resource_index/packages/ydlidar_ros2_driver
[0.470s] -- Up-to-date symlink: /home/ray/ros2_ws/install/ydlidar_ros2_driver/share/ydlidar_ros2_driver/cmake/ydlidar_ros2_driverConfig.cmake
[0.471s] -- Up-to-date symlink: /home/ray/ros2_ws/install/ydlidar_ros2_driver/share/ydlidar_ros2_driver/cmake/ydlidar_ros2_driverConfig-version.cmake
[0.472s] -- Up-to-date symlink: /home/ray/ros2_ws/install/ydlidar_ros2_driver/share/ydlidar_ros2_driver/package.xml
[0.479s] Invoked command in '/home/ray/ros2_ws/build/ydlidar_ros2_driver' returned '0': CMAKE_PREFIX_PATH=/opt/ros/humble /usr/bin/cmake --install /home/ray/ros2_ws/build/ydlidar_ros2_driver
