[1.040s] DEBUG:colcon:Command line arguments: ['/usr/bin/colcon', 'build']
[1.041s] DEBUG:colcon:Parsed command line arguments: Namespace(log_base=None, log_level=None, verb_name='build', build_base='build', install_base='install', merge_install=False, symlink_install=False, test_result_base=None, continue_on_error=False, executor='parallel', parallel_workers=4, event_handlers=None, ignore_user_meta=False, metas=['./colcon.meta'], base_paths=['.'], packages_ignore=None, packages_ignore_regex=None, paths=None, packages_up_to=None, packages_up_to_regex=None, packages_above=None, packages_above_and_dependencies=None, packages_above_depth=None, packages_select_by_dep=None, packages_skip_by_dep=None, packages_skip_up_to=None, packages_select_build_failed=False, packages_skip_build_finished=False, packages_select_test_failures=False, packages_skip_test_passed=False, packages_select=None, packages_skip=None, packages_select_regex=None, packages_skip_regex=None, packages_start=None, packages_end=None, allow_overriding=[], cmake_args=None, cmake_target=None, cmake_target_skip_unavailable=False, cmake_clean_cache=False, cmake_clean_first=False, cmake_force_configure=False, ament_cmake_args=None, catkin_cmake_args=None, catkin_skip_building_tests=False, verb_parser=<colcon_defaults.argument_parser.defaults.DefaultArgumentsDecorator object at 0xffffb0308100>, verb_extension=<colcon_core.verb.build.BuildVerb object at 0xffffb04a9570>, main=<bound method BuildVerb.main of <colcon_core.verb.build.BuildVerb object at 0xffffb04a9570>>)
[2.293s] Level 1:colcon.colcon_core.package_discovery:discover_packages(colcon_meta) check parameters
[2.294s] Level 1:colcon.colcon_core.package_discovery:discover_packages(recursive) check parameters
[2.294s] Level 1:colcon.colcon_core.package_discovery:discover_packages(ignore) check parameters
[2.294s] Level 1:colcon.colcon_core.package_discovery:discover_packages(path) check parameters
[2.295s] Level 1:colcon.colcon_core.package_discovery:discover_packages(colcon_meta) discover
[2.295s] Level 1:colcon.colcon_core.package_discovery:discover_packages(recursive) discover
[2.295s] INFO:colcon.colcon_core.package_discovery:Crawling recursively for packages in '/home/ray/ros2_ws'
[2.296s] Level 1:colcon.colcon_core.package_identification:_identify(.) by extensions ['ignore', 'ignore_ament_install']
[2.296s] Level 1:colcon.colcon_core.package_identification:_identify(.) by extension 'ignore'
[2.297s] Level 1:colcon.colcon_core.package_identification:_identify(.) by extension 'ignore_ament_install'
[2.297s] Level 1:colcon.colcon_core.package_identification:_identify(.) by extensions ['colcon_pkg']
[2.297s] Level 1:colcon.colcon_core.package_identification:_identify(.) by extension 'colcon_pkg'
[2.298s] Level 1:colcon.colcon_core.package_identification:_identify(.) by extensions ['colcon_meta']
[2.298s] Level 1:colcon.colcon_core.package_identification:_identify(.) by extension 'colcon_meta'
[2.298s] Level 1:colcon.colcon_core.package_identification:_identify(.) by extensions ['ros']
[2.298s] Level 1:colcon.colcon_core.package_identification:_identify(.) by extension 'ros'
[2.377s] Level 1:colcon.colcon_core.package_identification:_identify(.) by extensions ['cmake', 'python']
[2.378s] Level 1:colcon.colcon_core.package_identification:_identify(.) by extension 'cmake'
[2.378s] Level 1:colcon.colcon_core.package_identification:_identify(.) by extension 'python'
[2.378s] Level 1:colcon.colcon_core.package_identification:_identify(.) by extensions ['python_setup_py']
[2.378s] Level 1:colcon.colcon_core.package_identification:_identify(.) by extension 'python_setup_py'
[2.379s] Level 1:colcon.colcon_core.package_identification:_identify(build) by extensions ['ignore', 'ignore_ament_install']
[2.380s] Level 1:colcon.colcon_core.package_identification:_identify(build) by extension 'ignore'
[2.380s] Level 1:colcon.colcon_core.package_identification:_identify(build) ignored
[2.381s] Level 1:colcon.colcon_core.package_identification:_identify(install) by extensions ['ignore', 'ignore_ament_install']
[2.382s] Level 1:colcon.colcon_core.package_identification:_identify(install) by extension 'ignore'
[2.382s] Level 1:colcon.colcon_core.package_identification:_identify(install) ignored
[2.383s] Level 1:colcon.colcon_core.package_identification:_identify(log) by extensions ['ignore', 'ignore_ament_install']
[2.383s] Level 1:colcon.colcon_core.package_identification:_identify(log) by extension 'ignore'
[2.383s] Level 1:colcon.colcon_core.package_identification:_identify(log) ignored
[2.384s] Level 1:colcon.colcon_core.package_identification:_identify(robot_control) by extensions ['ignore', 'ignore_ament_install']
[2.384s] Level 1:colcon.colcon_core.package_identification:_identify(robot_control) by extension 'ignore'
[2.384s] Level 1:colcon.colcon_core.package_identification:_identify(robot_control) by extension 'ignore_ament_install'
[2.385s] Level 1:colcon.colcon_core.package_identification:_identify(robot_control) by extensions ['colcon_pkg']
[2.385s] Level 1:colcon.colcon_core.package_identification:_identify(robot_control) by extension 'colcon_pkg'
[2.385s] Level 1:colcon.colcon_core.package_identification:_identify(robot_control) by extensions ['colcon_meta']
[2.385s] Level 1:colcon.colcon_core.package_identification:_identify(robot_control) by extension 'colcon_meta'
[2.385s] Level 1:colcon.colcon_core.package_identification:_identify(robot_control) by extensions ['ros']
[2.385s] Level 1:colcon.colcon_core.package_identification:_identify(robot_control) by extension 'ros'
[2.386s] Level 1:colcon.colcon_core.package_identification:_identify(robot_control) by extensions ['cmake', 'python']
[2.386s] Level 1:colcon.colcon_core.package_identification:_identify(robot_control) by extension 'cmake'
[2.386s] Level 1:colcon.colcon_core.package_identification:_identify(robot_control) by extension 'python'
[2.386s] Level 1:colcon.colcon_core.package_identification:_identify(robot_control) by extensions ['python_setup_py']
[2.386s] Level 1:colcon.colcon_core.package_identification:_identify(robot_control) by extension 'python_setup_py'
[2.387s] Level 1:colcon.colcon_core.package_identification:_identify(src) by extensions ['ignore', 'ignore_ament_install']
[2.387s] Level 1:colcon.colcon_core.package_identification:_identify(src) by extension 'ignore'
[2.388s] Level 1:colcon.colcon_core.package_identification:_identify(src) by extension 'ignore_ament_install'
[2.388s] Level 1:colcon.colcon_core.package_identification:_identify(src) by extensions ['colcon_pkg']
[2.388s] Level 1:colcon.colcon_core.package_identification:_identify(src) by extension 'colcon_pkg'
[2.388s] Level 1:colcon.colcon_core.package_identification:_identify(src) by extensions ['colcon_meta']
[2.388s] Level 1:colcon.colcon_core.package_identification:_identify(src) by extension 'colcon_meta'
[2.388s] Level 1:colcon.colcon_core.package_identification:_identify(src) by extensions ['ros']
[2.389s] Level 1:colcon.colcon_core.package_identification:_identify(src) by extension 'ros'
[2.389s] Level 1:colcon.colcon_core.package_identification:_identify(src) by extensions ['cmake', 'python']
[2.389s] Level 1:colcon.colcon_core.package_identification:_identify(src) by extension 'cmake'
[2.389s] Level 1:colcon.colcon_core.package_identification:_identify(src) by extension 'python'
[2.389s] Level 1:colcon.colcon_core.package_identification:_identify(src) by extensions ['python_setup_py']
[2.389s] Level 1:colcon.colcon_core.package_identification:_identify(src) by extension 'python_setup_py'
[2.390s] Level 1:colcon.colcon_core.package_identification:_identify(src/ydlidar_ros2_driver) by extensions ['ignore', 'ignore_ament_install']
[2.390s] Level 1:colcon.colcon_core.package_identification:_identify(src/ydlidar_ros2_driver) by extension 'ignore'
[2.391s] Level 1:colcon.colcon_core.package_identification:_identify(src/ydlidar_ros2_driver) by extension 'ignore_ament_install'
[2.391s] Level 1:colcon.colcon_core.package_identification:_identify(src/ydlidar_ros2_driver) by extensions ['colcon_pkg']
[2.391s] Level 1:colcon.colcon_core.package_identification:_identify(src/ydlidar_ros2_driver) by extension 'colcon_pkg'
[2.391s] Level 1:colcon.colcon_core.package_identification:_identify(src/ydlidar_ros2_driver) by extensions ['colcon_meta']
[2.391s] Level 1:colcon.colcon_core.package_identification:_identify(src/ydlidar_ros2_driver) by extension 'colcon_meta'
[2.392s] Level 1:colcon.colcon_core.package_identification:_identify(src/ydlidar_ros2_driver) by extensions ['ros']
[2.392s] Level 1:colcon.colcon_core.package_identification:_identify(src/ydlidar_ros2_driver) by extension 'ros'
[2.406s] DEBUG:colcon.colcon_core.package_identification:Package 'src/ydlidar_ros2_driver' with type 'ros.ament_cmake' and name 'ydlidar_ros2_driver'
[2.406s] Level 1:colcon.colcon_core.package_discovery:discover_packages(recursive) using defaults
[2.406s] Level 1:colcon.colcon_core.package_discovery:discover_packages(ignore) discover
[2.406s] Level 1:colcon.colcon_core.package_discovery:discover_packages(ignore) using defaults
[2.407s] Level 1:colcon.colcon_core.package_discovery:discover_packages(path) discover
[2.407s] Level 1:colcon.colcon_core.package_discovery:discover_packages(path) using defaults
[2.525s] Level 1:colcon.colcon_core.package_discovery:discover_packages(prefix_path) check parameters
[2.525s] Level 1:colcon.colcon_core.package_discovery:discover_packages(prefix_path) discover
[2.586s] DEBUG:colcon.colcon_installed_package_information.package_discovery:Found 366 installed packages in /opt/ros/humble
[2.596s] Level 1:colcon.colcon_core.package_discovery:discover_packages(prefix_path) using defaults
[2.807s] Level 5:colcon.colcon_core.verb:set package 'ydlidar_ros2_driver' build argument 'cmake_args' from command line to 'None'
[2.807s] Level 5:colcon.colcon_core.verb:set package 'ydlidar_ros2_driver' build argument 'cmake_target' from command line to 'None'
[2.807s] Level 5:colcon.colcon_core.verb:set package 'ydlidar_ros2_driver' build argument 'cmake_target_skip_unavailable' from command line to 'False'
[2.807s] Level 5:colcon.colcon_core.verb:set package 'ydlidar_ros2_driver' build argument 'cmake_clean_cache' from command line to 'False'
[2.807s] Level 5:colcon.colcon_core.verb:set package 'ydlidar_ros2_driver' build argument 'cmake_clean_first' from command line to 'False'
[2.807s] Level 5:colcon.colcon_core.verb:set package 'ydlidar_ros2_driver' build argument 'cmake_force_configure' from command line to 'False'
[2.807s] Level 5:colcon.colcon_core.verb:set package 'ydlidar_ros2_driver' build argument 'ament_cmake_args' from command line to 'None'
[2.808s] Level 5:colcon.colcon_core.verb:set package 'ydlidar_ros2_driver' build argument 'catkin_cmake_args' from command line to 'None'
[2.808s] Level 5:colcon.colcon_core.verb:set package 'ydlidar_ros2_driver' build argument 'catkin_skip_building_tests' from command line to 'False'
[2.808s] DEBUG:colcon.colcon_core.verb:Building package 'ydlidar_ros2_driver' with the following arguments: {'ament_cmake_args': None, 'build_base': '/home/ray/ros2_ws/build/ydlidar_ros2_driver', 'catkin_cmake_args': None, 'catkin_skip_building_tests': False, 'cmake_args': None, 'cmake_clean_cache': False, 'cmake_clean_first': False, 'cmake_force_configure': False, 'cmake_target': None, 'cmake_target_skip_unavailable': False, 'install_base': '/home/ray/ros2_ws/install/ydlidar_ros2_driver', 'merge_install': False, 'path': '/home/ray/ros2_ws/src/ydlidar_ros2_driver', 'symlink_install': False, 'test_result_base': None}
[2.808s] INFO:colcon.colcon_core.executor:Executing jobs using 'parallel' executor
[2.812s] DEBUG:colcon.colcon_parallel_executor.executor.parallel:run_until_complete
[2.813s] INFO:colcon.colcon_ros.task.ament_cmake.build:Building ROS package in '/home/ray/ros2_ws/src/ydlidar_ros2_driver' with build type 'ament_cmake'
[2.813s] INFO:colcon.colcon_cmake.task.cmake.build:Building CMake package in '/home/ray/ros2_ws/src/ydlidar_ros2_driver'
[2.837s] INFO:colcon.colcon_core.plugin_system:Skipping extension 'colcon_core.shell.bat': Not used on non-Windows systems
[2.838s] INFO:colcon.colcon_core.shell:Skip shell extension 'powershell' for command environment: Not usable outside of PowerShell
[2.838s] DEBUG:colcon.colcon_core.shell:Skip shell extension 'dsv' for command environment
[2.884s] DEBUG:colcon.colcon_core.event_handler.log_command:Invoking command in '/home/ray/ros2_ws/build/ydlidar_ros2_driver': CMAKE_PREFIX_PATH=/opt/ros/humble /usr/bin/cmake /home/ray/ros2_ws/src/ydlidar_ros2_driver -DCMAKE_INSTALL_PREFIX=/home/ray/ros2_ws/install/ydlidar_ros2_driver
[7.004s] DEBUG:colcon.colcon_core.event_handler.log_command:Invoked command in '/home/ray/ros2_ws/build/ydlidar_ros2_driver' returned '0': CMAKE_PREFIX_PATH=/opt/ros/humble /usr/bin/cmake /home/ray/ros2_ws/src/ydlidar_ros2_driver -DCMAKE_INSTALL_PREFIX=/home/ray/ros2_ws/install/ydlidar_ros2_driver
[7.016s] DEBUG:colcon.colcon_core.event_handler.log_command:Invoking command in '/home/ray/ros2_ws/build/ydlidar_ros2_driver': CMAKE_PREFIX_PATH=/opt/ros/humble /usr/bin/cmake --build /home/ray/ros2_ws/build/ydlidar_ros2_driver -- -j4 -l4
[7.396s] DEBUG:colcon.colcon_core.event_handler.log_command:Invoked command in '/home/ray/ros2_ws/build/ydlidar_ros2_driver' returned '0': CMAKE_PREFIX_PATH=/opt/ros/humble /usr/bin/cmake --build /home/ray/ros2_ws/build/ydlidar_ros2_driver -- -j4 -l4
[7.437s] DEBUG:colcon.colcon_core.event_handler.log_command:Invoking command in '/home/ray/ros2_ws/build/ydlidar_ros2_driver': CMAKE_PREFIX_PATH=/opt/ros/humble /usr/bin/cmake --install /home/ray/ros2_ws/build/ydlidar_ros2_driver
[7.562s] Level 1:colcon.colcon_core.environment:create_environment_scripts_only(ydlidar_ros2_driver)
[7.564s] DEBUG:colcon.colcon_core.event_handler.log_command:Invoked command in '/home/ray/ros2_ws/build/ydlidar_ros2_driver' returned '0': CMAKE_PREFIX_PATH=/opt/ros/humble /usr/bin/cmake --install /home/ray/ros2_ws/build/ydlidar_ros2_driver
[7.589s] Level 1:colcon.colcon_core.environment:checking '/home/ray/ros2_ws/install/ydlidar_ros2_driver' for CMake module files
[7.592s] Level 1:colcon.colcon_core.environment:checking '/home/ray/ros2_ws/install/ydlidar_ros2_driver' for CMake config files
[7.594s] Level 1:colcon.colcon_core.shell:create_environment_hook('ydlidar_ros2_driver', 'cmake_prefix_path')
[7.596s] INFO:colcon.colcon_core.shell:Creating environment hook '/home/ray/ros2_ws/install/ydlidar_ros2_driver/share/ydlidar_ros2_driver/hook/cmake_prefix_path.ps1'
[7.602s] INFO:colcon.colcon_core.shell:Creating environment descriptor '/home/ray/ros2_ws/install/ydlidar_ros2_driver/share/ydlidar_ros2_driver/hook/cmake_prefix_path.dsv'
[7.604s] INFO:colcon.colcon_core.shell:Creating environment hook '/home/ray/ros2_ws/install/ydlidar_ros2_driver/share/ydlidar_ros2_driver/hook/cmake_prefix_path.sh'
[7.609s] Level 1:colcon.colcon_core.environment:checking '/home/ray/ros2_ws/install/ydlidar_ros2_driver/lib'
[7.610s] Level 1:colcon.colcon_core.environment:checking '/home/ray/ros2_ws/install/ydlidar_ros2_driver/bin'
[7.610s] Level 1:colcon.colcon_core.environment:checking '/home/ray/ros2_ws/install/ydlidar_ros2_driver/lib/pkgconfig/ydlidar_ros2_driver.pc'
[7.611s] Level 1:colcon.colcon_core.environment:checking '/home/ray/ros2_ws/install/ydlidar_ros2_driver/lib/python3.10/site-packages'
[7.613s] Level 1:colcon.colcon_core.environment:checking '/home/ray/ros2_ws/install/ydlidar_ros2_driver/bin'
[7.614s] INFO:colcon.colcon_core.shell:Creating package script '/home/ray/ros2_ws/install/ydlidar_ros2_driver/share/ydlidar_ros2_driver/package.ps1'
[7.618s] INFO:colcon.colcon_core.shell:Creating package descriptor '/home/ray/ros2_ws/install/ydlidar_ros2_driver/share/ydlidar_ros2_driver/package.dsv'
[7.621s] INFO:colcon.colcon_core.shell:Creating package script '/home/ray/ros2_ws/install/ydlidar_ros2_driver/share/ydlidar_ros2_driver/package.sh'
[7.624s] INFO:colcon.colcon_core.shell:Creating package script '/home/ray/ros2_ws/install/ydlidar_ros2_driver/share/ydlidar_ros2_driver/package.bash'
[7.629s] INFO:colcon.colcon_core.shell:Creating package script '/home/ray/ros2_ws/install/ydlidar_ros2_driver/share/ydlidar_ros2_driver/package.zsh'
[7.633s] Level 1:colcon.colcon_core.environment:create_file_with_runtime_dependencies(/home/ray/ros2_ws/install/ydlidar_ros2_driver/share/colcon-core/packages/ydlidar_ros2_driver)
[7.636s] Level 1:colcon.colcon_core.environment:create_environment_scripts_only(ydlidar_ros2_driver)
[7.637s] Level 1:colcon.colcon_core.environment:checking '/home/ray/ros2_ws/install/ydlidar_ros2_driver' for CMake module files
[7.641s] Level 1:colcon.colcon_core.environment:checking '/home/ray/ros2_ws/install/ydlidar_ros2_driver' for CMake config files
[7.643s] Level 1:colcon.colcon_core.shell:create_environment_hook('ydlidar_ros2_driver', 'cmake_prefix_path')
[7.644s] INFO:colcon.colcon_core.shell:Creating environment hook '/home/ray/ros2_ws/install/ydlidar_ros2_driver/share/ydlidar_ros2_driver/hook/cmake_prefix_path.ps1'
[7.646s] INFO:colcon.colcon_core.shell:Creating environment descriptor '/home/ray/ros2_ws/install/ydlidar_ros2_driver/share/ydlidar_ros2_driver/hook/cmake_prefix_path.dsv'
[7.648s] INFO:colcon.colcon_core.shell:Creating environment hook '/home/ray/ros2_ws/install/ydlidar_ros2_driver/share/ydlidar_ros2_driver/hook/cmake_prefix_path.sh'
[7.651s] Level 1:colcon.colcon_core.environment:checking '/home/ray/ros2_ws/install/ydlidar_ros2_driver/lib'
[7.652s] Level 1:colcon.colcon_core.environment:checking '/home/ray/ros2_ws/install/ydlidar_ros2_driver/bin'
[7.652s] Level 1:colcon.colcon_core.environment:checking '/home/ray/ros2_ws/install/ydlidar_ros2_driver/lib/pkgconfig/ydlidar_ros2_driver.pc'
[7.653s] Level 1:colcon.colcon_core.environment:checking '/home/ray/ros2_ws/install/ydlidar_ros2_driver/lib/python3.10/site-packages'
[7.654s] Level 1:colcon.colcon_core.environment:checking '/home/ray/ros2_ws/install/ydlidar_ros2_driver/bin'
[7.656s] INFO:colcon.colcon_core.shell:Creating package script '/home/ray/ros2_ws/install/ydlidar_ros2_driver/share/ydlidar_ros2_driver/package.ps1'
[7.658s] INFO:colcon.colcon_core.shell:Creating package descriptor '/home/ray/ros2_ws/install/ydlidar_ros2_driver/share/ydlidar_ros2_driver/package.dsv'
[7.660s] INFO:colcon.colcon_core.shell:Creating package script '/home/ray/ros2_ws/install/ydlidar_ros2_driver/share/ydlidar_ros2_driver/package.sh'
[7.663s] INFO:colcon.colcon_core.shell:Creating package script '/home/ray/ros2_ws/install/ydlidar_ros2_driver/share/ydlidar_ros2_driver/package.bash'
[7.665s] INFO:colcon.colcon_core.shell:Creating package script '/home/ray/ros2_ws/install/ydlidar_ros2_driver/share/ydlidar_ros2_driver/package.zsh'
[7.667s] Level 1:colcon.colcon_core.environment:create_file_with_runtime_dependencies(/home/ray/ros2_ws/install/ydlidar_ros2_driver/share/colcon-core/packages/ydlidar_ros2_driver)
[7.668s] DEBUG:colcon.colcon_parallel_executor.executor.parallel:closing loop
[7.669s] DEBUG:colcon.colcon_parallel_executor.executor.parallel:loop closed
[7.670s] DEBUG:colcon.colcon_parallel_executor.executor.parallel:run_until_complete finished with '0'
[7.670s] DEBUG:colcon.colcon_core.event_reactor:joining thread
[7.694s] INFO:colcon.colcon_core.plugin_system:Skipping extension 'colcon_notification.desktop_notification.notify_send': Could not find 'notify-send'
[7.695s] INFO:colcon.colcon_core.plugin_system:Skipping extension 'colcon_notification.desktop_notification.terminal_notifier': Not used on non-Darwin systems
[7.695s] INFO:colcon.colcon_core.plugin_system:Skipping extension 'colcon_notification.desktop_notification.win32': Not used on non-Windows systems
[7.695s] INFO:colcon.colcon_notification.desktop_notification:Sending desktop notification using 'notify2'
[7.755s] DEBUG:colcon.colcon_notification.desktop_notification.notify2:Failed to initialize notify2: org.freedesktop.DBus.Error.ServiceUnknown: The name org.freedesktop.Notifications was not provided by any .service files
[7.755s] DEBUG:colcon.colcon_core.event_reactor:joined thread
[7.756s] INFO:colcon.colcon_core.shell:Creating prefix script '/home/ray/ros2_ws/install/local_setup.ps1'
[7.761s] INFO:colcon.colcon_core.shell:Creating prefix util module '/home/ray/ros2_ws/install/_local_setup_util_ps1.py'
[7.772s] INFO:colcon.colcon_core.shell:Creating prefix chain script '/home/ray/ros2_ws/install/setup.ps1'
[7.777s] INFO:colcon.colcon_core.shell:Creating prefix script '/home/ray/ros2_ws/install/local_setup.sh'
[7.781s] INFO:colcon.colcon_core.shell:Creating prefix util module '/home/ray/ros2_ws/install/_local_setup_util_sh.py'
[7.783s] INFO:colcon.colcon_core.shell:Creating prefix chain script '/home/ray/ros2_ws/install/setup.sh'
[7.789s] INFO:colcon.colcon_core.shell:Creating prefix script '/home/ray/ros2_ws/install/local_setup.bash'
[7.792s] INFO:colcon.colcon_core.shell:Creating prefix chain script '/home/ray/ros2_ws/install/setup.bash'
[7.796s] INFO:colcon.colcon_core.shell:Creating prefix script '/home/ray/ros2_ws/install/local_setup.zsh'
[7.800s] INFO:colcon.colcon_core.shell:Creating prefix chain script '/home/ray/ros2_ws/install/setup.zsh'
