[0.428s] DEBUG:colcon:Command line arguments: ['/usr/bin/colcon', 'build']
[0.429s] DEBUG:colcon:Parsed command line arguments: Namespace(log_base=None, log_level=None, verb_name='build', build_base='build', install_base='install', merge_install=False, symlink_install=False, test_result_base=None, continue_on_error=False, executor='parallel', parallel_workers=4, event_handlers=None, ignore_user_meta=False, metas=['./colcon.meta'], base_paths=['.'], packages_ignore=None, packages_ignore_regex=None, paths=None, packages_up_to=None, packages_up_to_regex=None, packages_above=None, packages_above_and_dependencies=None, packages_above_depth=None, packages_select_by_dep=None, packages_skip_by_dep=None, packages_skip_up_to=None, packages_select_build_failed=False, packages_skip_build_finished=False, packages_select_test_failures=False, packages_skip_test_passed=False, packages_select=None, packages_skip=None, packages_select_regex=None, packages_skip_regex=None, packages_start=None, packages_end=None, allow_overriding=[], cmake_args=None, cmake_target=None, cmake_target_skip_unavailable=False, cmake_clean_cache=False, cmake_clean_first=False, cmake_force_configure=False, ament_cmake_args=None, catkin_cmake_args=None, catkin_skip_building_tests=False, verb_parser=<colcon_defaults.argument_parser.defaults.DefaultArgumentsDecorator object at 0xffff89010130>, verb_extension=<colcon_core.verb.build.BuildVerb object at 0xffff891a95a0>, main=<bound method BuildVerb.main of <colcon_core.verb.build.BuildVerb object at 0xffff891a95a0>>)
[1.243s] Level 1:colcon.colcon_core.package_discovery:discover_packages(colcon_meta) check parameters
[1.244s] Level 1:colcon.colcon_core.package_discovery:discover_packages(recursive) check parameters
[1.244s] Level 1:colcon.colcon_core.package_discovery:discover_packages(ignore) check parameters
[1.244s] Level 1:colcon.colcon_core.package_discovery:discover_packages(path) check parameters
[1.244s] Level 1:colcon.colcon_core.package_discovery:discover_packages(colcon_meta) discover
[1.244s] Level 1:colcon.colcon_core.package_discovery:discover_packages(recursive) discover
[1.245s] INFO:colcon.colcon_core.package_discovery:Crawling recursively for packages in '/home/ray/ros2_ws/ros2_PI'
[1.245s] Level 1:colcon.colcon_core.package_identification:_identify(.) by extensions ['ignore', 'ignore_ament_install']
[1.245s] Level 1:colcon.colcon_core.package_identification:_identify(.) by extension 'ignore'
[1.246s] Level 1:colcon.colcon_core.package_identification:_identify(.) by extension 'ignore_ament_install'
[1.246s] Level 1:colcon.colcon_core.package_identification:_identify(.) by extensions ['colcon_pkg']
[1.246s] Level 1:colcon.colcon_core.package_identification:_identify(.) by extension 'colcon_pkg'
[1.246s] Level 1:colcon.colcon_core.package_identification:_identify(.) by extensions ['colcon_meta']
[1.246s] Level 1:colcon.colcon_core.package_identification:_identify(.) by extension 'colcon_meta'
[1.246s] Level 1:colcon.colcon_core.package_identification:_identify(.) by extensions ['ros']
[1.246s] Level 1:colcon.colcon_core.package_identification:_identify(.) by extension 'ros'
[1.291s] Level 1:colcon.colcon_core.package_identification:_identify(.) by extensions ['cmake', 'python']
[1.291s] Level 1:colcon.colcon_core.package_identification:_identify(.) by extension 'cmake'
[1.292s] Level 1:colcon.colcon_core.package_identification:_identify(.) by extension 'python'
[1.292s] Level 1:colcon.colcon_core.package_identification:_identify(.) by extensions ['python_setup_py']
[1.292s] Level 1:colcon.colcon_core.package_identification:_identify(.) by extension 'python_setup_py'
[1.292s] Level 1:colcon.colcon_core.package_identification:_identify(build) by extensions ['ignore', 'ignore_ament_install']
[1.293s] Level 1:colcon.colcon_core.package_identification:_identify(build) by extension 'ignore'
[1.293s] Level 1:colcon.colcon_core.package_identification:_identify(build) ignored
[1.294s] Level 1:colcon.colcon_core.package_identification:_identify(install) by extensions ['ignore', 'ignore_ament_install']
[1.294s] Level 1:colcon.colcon_core.package_identification:_identify(install) by extension 'ignore'
[1.295s] Level 1:colcon.colcon_core.package_identification:_identify(install) ignored
[1.295s] Level 1:colcon.colcon_core.package_identification:_identify(log) by extensions ['ignore', 'ignore_ament_install']
[1.295s] Level 1:colcon.colcon_core.package_identification:_identify(log) by extension 'ignore'
[1.296s] Level 1:colcon.colcon_core.package_identification:_identify(log) ignored
[1.296s] Level 1:colcon.colcon_core.package_identification:_identify(robot_control) by extensions ['ignore', 'ignore_ament_install']
[1.296s] Level 1:colcon.colcon_core.package_identification:_identify(robot_control) by extension 'ignore'
[1.296s] Level 1:colcon.colcon_core.package_identification:_identify(robot_control) by extension 'ignore_ament_install'
[1.297s] Level 1:colcon.colcon_core.package_identification:_identify(robot_control) by extensions ['colcon_pkg']
[1.297s] Level 1:colcon.colcon_core.package_identification:_identify(robot_control) by extension 'colcon_pkg'
[1.297s] Level 1:colcon.colcon_core.package_identification:_identify(robot_control) by extensions ['colcon_meta']
[1.297s] Level 1:colcon.colcon_core.package_identification:_identify(robot_control) by extension 'colcon_meta'
[1.297s] Level 1:colcon.colcon_core.package_identification:_identify(robot_control) by extensions ['ros']
[1.297s] Level 1:colcon.colcon_core.package_identification:_identify(robot_control) by extension 'ros'
[1.298s] Level 1:colcon.colcon_core.package_identification:_identify(robot_control) by extensions ['cmake', 'python']
[1.298s] Level 1:colcon.colcon_core.package_identification:_identify(robot_control) by extension 'cmake'
[1.298s] Level 1:colcon.colcon_core.package_identification:_identify(robot_control) by extension 'python'
[1.298s] Level 1:colcon.colcon_core.package_identification:_identify(robot_control) by extensions ['python_setup_py']
[1.298s] Level 1:colcon.colcon_core.package_identification:_identify(robot_control) by extension 'python_setup_py'
[1.299s] Level 1:colcon.colcon_core.package_identification:_identify(robot_control/logs) by extensions ['ignore', 'ignore_ament_install']
[1.299s] Level 1:colcon.colcon_core.package_identification:_identify(robot_control/logs) by extension 'ignore'
[1.299s] Level 1:colcon.colcon_core.package_identification:_identify(robot_control/logs) by extension 'ignore_ament_install'
[1.299s] Level 1:colcon.colcon_core.package_identification:_identify(robot_control/logs) by extensions ['colcon_pkg']
[1.300s] Level 1:colcon.colcon_core.package_identification:_identify(robot_control/logs) by extension 'colcon_pkg'
[1.300s] Level 1:colcon.colcon_core.package_identification:_identify(robot_control/logs) by extensions ['colcon_meta']
[1.300s] Level 1:colcon.colcon_core.package_identification:_identify(robot_control/logs) by extension 'colcon_meta'
[1.300s] Level 1:colcon.colcon_core.package_identification:_identify(robot_control/logs) by extensions ['ros']
[1.300s] Level 1:colcon.colcon_core.package_identification:_identify(robot_control/logs) by extension 'ros'
[1.300s] Level 1:colcon.colcon_core.package_identification:_identify(robot_control/logs) by extensions ['cmake', 'python']
[1.301s] Level 1:colcon.colcon_core.package_identification:_identify(robot_control/logs) by extension 'cmake'
[1.301s] Level 1:colcon.colcon_core.package_identification:_identify(robot_control/logs) by extension 'python'
[1.301s] Level 1:colcon.colcon_core.package_identification:_identify(robot_control/logs) by extensions ['python_setup_py']
[1.301s] Level 1:colcon.colcon_core.package_identification:_identify(robot_control/logs) by extension 'python_setup_py'
[1.301s] Level 1:colcon.colcon_core.package_identification:_identify(src) by extensions ['ignore', 'ignore_ament_install']
[1.302s] Level 1:colcon.colcon_core.package_identification:_identify(src) by extension 'ignore'
[1.302s] Level 1:colcon.colcon_core.package_identification:_identify(src) by extension 'ignore_ament_install'
[1.302s] Level 1:colcon.colcon_core.package_identification:_identify(src) by extensions ['colcon_pkg']
[1.302s] Level 1:colcon.colcon_core.package_identification:_identify(src) by extension 'colcon_pkg'
[1.302s] Level 1:colcon.colcon_core.package_identification:_identify(src) by extensions ['colcon_meta']
[1.302s] Level 1:colcon.colcon_core.package_identification:_identify(src) by extension 'colcon_meta'
[1.303s] Level 1:colcon.colcon_core.package_identification:_identify(src) by extensions ['ros']
[1.303s] Level 1:colcon.colcon_core.package_identification:_identify(src) by extension 'ros'
[1.303s] Level 1:colcon.colcon_core.package_identification:_identify(src) by extensions ['cmake', 'python']
[1.303s] Level 1:colcon.colcon_core.package_identification:_identify(src) by extension 'cmake'
[1.303s] Level 1:colcon.colcon_core.package_identification:_identify(src) by extension 'python'
[1.304s] Level 1:colcon.colcon_core.package_identification:_identify(src) by extensions ['python_setup_py']
[1.304s] Level 1:colcon.colcon_core.package_identification:_identify(src) by extension 'python_setup_py'
[1.304s] Level 1:colcon.colcon_core.package_identification:_identify(src/ydlidar_ros2_driver) by extensions ['ignore', 'ignore_ament_install']
[1.304s] Level 1:colcon.colcon_core.package_identification:_identify(src/ydlidar_ros2_driver) by extension 'ignore'
[1.305s] Level 1:colcon.colcon_core.package_identification:_identify(src/ydlidar_ros2_driver) by extension 'ignore_ament_install'
[1.305s] Level 1:colcon.colcon_core.package_identification:_identify(src/ydlidar_ros2_driver) by extensions ['colcon_pkg']
[1.305s] Level 1:colcon.colcon_core.package_identification:_identify(src/ydlidar_ros2_driver) by extension 'colcon_pkg'
[1.305s] Level 1:colcon.colcon_core.package_identification:_identify(src/ydlidar_ros2_driver) by extensions ['colcon_meta']
[1.305s] Level 1:colcon.colcon_core.package_identification:_identify(src/ydlidar_ros2_driver) by extension 'colcon_meta'
[1.305s] Level 1:colcon.colcon_core.package_identification:_identify(src/ydlidar_ros2_driver) by extensions ['ros']
[1.306s] Level 1:colcon.colcon_core.package_identification:_identify(src/ydlidar_ros2_driver) by extension 'ros'
[1.314s] DEBUG:colcon.colcon_core.package_identification:Package 'src/ydlidar_ros2_driver' with type 'ros.ament_cmake' and name 'ydlidar_ros2_driver'
[1.314s] Level 1:colcon.colcon_core.package_discovery:discover_packages(recursive) using defaults
[1.315s] Level 1:colcon.colcon_core.package_discovery:discover_packages(ignore) discover
[1.315s] Level 1:colcon.colcon_core.package_discovery:discover_packages(ignore) using defaults
[1.315s] Level 1:colcon.colcon_core.package_discovery:discover_packages(path) discover
[1.315s] Level 1:colcon.colcon_core.package_discovery:discover_packages(path) using defaults
[1.391s] Level 1:colcon.colcon_core.package_discovery:discover_packages(prefix_path) check parameters
[1.391s] Level 1:colcon.colcon_core.package_discovery:discover_packages(prefix_path) discover
[1.442s] DEBUG:colcon.colcon_installed_package_information.package_discovery:Found 367 installed packages in /opt/ros/humble
[1.450s] Level 1:colcon.colcon_core.package_discovery:discover_packages(prefix_path) using defaults
[1.658s] Level 5:colcon.colcon_core.verb:set package 'ydlidar_ros2_driver' build argument 'cmake_args' from command line to 'None'
[1.658s] Level 5:colcon.colcon_core.verb:set package 'ydlidar_ros2_driver' build argument 'cmake_target' from command line to 'None'
[1.658s] Level 5:colcon.colcon_core.verb:set package 'ydlidar_ros2_driver' build argument 'cmake_target_skip_unavailable' from command line to 'False'
[1.659s] Level 5:colcon.colcon_core.verb:set package 'ydlidar_ros2_driver' build argument 'cmake_clean_cache' from command line to 'False'
[1.659s] Level 5:colcon.colcon_core.verb:set package 'ydlidar_ros2_driver' build argument 'cmake_clean_first' from command line to 'False'
[1.659s] Level 5:colcon.colcon_core.verb:set package 'ydlidar_ros2_driver' build argument 'cmake_force_configure' from command line to 'False'
[1.659s] Level 5:colcon.colcon_core.verb:set package 'ydlidar_ros2_driver' build argument 'ament_cmake_args' from command line to 'None'
[1.659s] Level 5:colcon.colcon_core.verb:set package 'ydlidar_ros2_driver' build argument 'catkin_cmake_args' from command line to 'None'
[1.659s] Level 5:colcon.colcon_core.verb:set package 'ydlidar_ros2_driver' build argument 'catkin_skip_building_tests' from command line to 'False'
[1.660s] DEBUG:colcon.colcon_core.verb:Building package 'ydlidar_ros2_driver' with the following arguments: {'ament_cmake_args': None, 'build_base': '/home/ray/ros2_ws/ros2_PI/build/ydlidar_ros2_driver', 'catkin_cmake_args': None, 'catkin_skip_building_tests': False, 'cmake_args': None, 'cmake_clean_cache': False, 'cmake_clean_first': False, 'cmake_force_configure': False, 'cmake_target': None, 'cmake_target_skip_unavailable': False, 'install_base': '/home/ray/ros2_ws/ros2_PI/install/ydlidar_ros2_driver', 'merge_install': False, 'path': '/home/ray/ros2_ws/ros2_PI/src/ydlidar_ros2_driver', 'symlink_install': False, 'test_result_base': None}
[1.661s] INFO:colcon.colcon_core.executor:Executing jobs using 'parallel' executor
[1.664s] DEBUG:colcon.colcon_parallel_executor.executor.parallel:run_until_complete
[1.665s] INFO:colcon.colcon_ros.task.ament_cmake.build:Building ROS package in '/home/ray/ros2_ws/ros2_PI/src/ydlidar_ros2_driver' with build type 'ament_cmake'
[1.666s] INFO:colcon.colcon_cmake.task.cmake.build:Building CMake package in '/home/ray/ros2_ws/ros2_PI/src/ydlidar_ros2_driver'
[1.677s] INFO:colcon.colcon_core.plugin_system:Skipping extension 'colcon_core.shell.bat': Not used on non-Windows systems
[1.679s] INFO:colcon.colcon_core.shell:Skip shell extension 'powershell' for command environment: Not usable outside of PowerShell
[1.679s] DEBUG:colcon.colcon_core.shell:Skip shell extension 'dsv' for command environment
[1.722s] DEBUG:colcon.colcon_core.event_handler.log_command:Invoking command in '/home/ray/ros2_ws/ros2_PI/build/ydlidar_ros2_driver': CMAKE_PREFIX_PATH=/opt/ros/humble /usr/bin/cmake /home/ray/ros2_ws/ros2_PI/src/ydlidar_ros2_driver -DCMAKE_INSTALL_PREFIX=/home/ray/ros2_ws/ros2_PI/install/ydlidar_ros2_driver
[8.973s] DEBUG:colcon.colcon_core.event_handler.log_command:Invoked command in '/home/ray/ros2_ws/ros2_PI/build/ydlidar_ros2_driver' returned '0': CMAKE_PREFIX_PATH=/opt/ros/humble /usr/bin/cmake /home/ray/ros2_ws/ros2_PI/src/ydlidar_ros2_driver -DCMAKE_INSTALL_PREFIX=/home/ray/ros2_ws/ros2_PI/install/ydlidar_ros2_driver
[8.981s] DEBUG:colcon.colcon_core.event_handler.log_command:Invoking command in '/home/ray/ros2_ws/ros2_PI/build/ydlidar_ros2_driver': CMAKE_PREFIX_PATH=/opt/ros/humble /usr/bin/cmake --build /home/ray/ros2_ws/ros2_PI/build/ydlidar_ros2_driver -- -j4 -l4
[46.234s] DEBUG:colcon.colcon_core.event_handler.log_command:Invoked command in '/home/ray/ros2_ws/ros2_PI/build/ydlidar_ros2_driver' returned '0': CMAKE_PREFIX_PATH=/opt/ros/humble /usr/bin/cmake --build /home/ray/ros2_ws/ros2_PI/build/ydlidar_ros2_driver -- -j4 -l4
[46.268s] DEBUG:colcon.colcon_core.event_handler.log_command:Invoking command in '/home/ray/ros2_ws/ros2_PI/build/ydlidar_ros2_driver': CMAKE_PREFIX_PATH=/opt/ros/humble /usr/bin/cmake --install /home/ray/ros2_ws/ros2_PI/build/ydlidar_ros2_driver
[46.390s] Level 1:colcon.colcon_core.environment:create_environment_scripts_only(ydlidar_ros2_driver)
[46.392s] DEBUG:colcon.colcon_core.event_handler.log_command:Invoked command in '/home/ray/ros2_ws/ros2_PI/build/ydlidar_ros2_driver' returned '0': CMAKE_PREFIX_PATH=/opt/ros/humble /usr/bin/cmake --install /home/ray/ros2_ws/ros2_PI/build/ydlidar_ros2_driver
[46.403s] Level 1:colcon.colcon_core.environment:checking '/home/ray/ros2_ws/ros2_PI/install/ydlidar_ros2_driver' for CMake module files
[46.407s] Level 1:colcon.colcon_core.environment:checking '/home/ray/ros2_ws/ros2_PI/install/ydlidar_ros2_driver' for CMake config files
[46.409s] Level 1:colcon.colcon_core.shell:create_environment_hook('ydlidar_ros2_driver', 'cmake_prefix_path')
[46.410s] INFO:colcon.colcon_core.shell:Creating environment hook '/home/ray/ros2_ws/ros2_PI/install/ydlidar_ros2_driver/share/ydlidar_ros2_driver/hook/cmake_prefix_path.ps1'
[46.412s] INFO:colcon.colcon_core.shell:Creating environment descriptor '/home/ray/ros2_ws/ros2_PI/install/ydlidar_ros2_driver/share/ydlidar_ros2_driver/hook/cmake_prefix_path.dsv'
[46.414s] INFO:colcon.colcon_core.shell:Creating environment hook '/home/ray/ros2_ws/ros2_PI/install/ydlidar_ros2_driver/share/ydlidar_ros2_driver/hook/cmake_prefix_path.sh'
[46.417s] Level 1:colcon.colcon_core.environment:checking '/home/ray/ros2_ws/ros2_PI/install/ydlidar_ros2_driver/lib'
[46.418s] Level 1:colcon.colcon_core.environment:checking '/home/ray/ros2_ws/ros2_PI/install/ydlidar_ros2_driver/bin'
[46.419s] Level 1:colcon.colcon_core.environment:checking '/home/ray/ros2_ws/ros2_PI/install/ydlidar_ros2_driver/lib/pkgconfig/ydlidar_ros2_driver.pc'
[46.419s] Level 1:colcon.colcon_core.environment:checking '/home/ray/ros2_ws/ros2_PI/install/ydlidar_ros2_driver/lib/python3.10/site-packages'
[46.421s] Level 1:colcon.colcon_core.environment:checking '/home/ray/ros2_ws/ros2_PI/install/ydlidar_ros2_driver/bin'
[46.422s] INFO:colcon.colcon_core.shell:Creating package script '/home/ray/ros2_ws/ros2_PI/install/ydlidar_ros2_driver/share/ydlidar_ros2_driver/package.ps1'
[46.425s] INFO:colcon.colcon_core.shell:Creating package descriptor '/home/ray/ros2_ws/ros2_PI/install/ydlidar_ros2_driver/share/ydlidar_ros2_driver/package.dsv'
[46.427s] INFO:colcon.colcon_core.shell:Creating package script '/home/ray/ros2_ws/ros2_PI/install/ydlidar_ros2_driver/share/ydlidar_ros2_driver/package.sh'
[46.431s] INFO:colcon.colcon_core.shell:Creating package script '/home/ray/ros2_ws/ros2_PI/install/ydlidar_ros2_driver/share/ydlidar_ros2_driver/package.bash'
[46.433s] INFO:colcon.colcon_core.shell:Creating package script '/home/ray/ros2_ws/ros2_PI/install/ydlidar_ros2_driver/share/ydlidar_ros2_driver/package.zsh'
[46.436s] Level 1:colcon.colcon_core.environment:create_file_with_runtime_dependencies(/home/ray/ros2_ws/ros2_PI/install/ydlidar_ros2_driver/share/colcon-core/packages/ydlidar_ros2_driver)
[46.439s] Level 1:colcon.colcon_core.environment:create_environment_scripts_only(ydlidar_ros2_driver)
[46.440s] Level 1:colcon.colcon_core.environment:checking '/home/ray/ros2_ws/ros2_PI/install/ydlidar_ros2_driver' for CMake module files
[46.443s] Level 1:colcon.colcon_core.environment:checking '/home/ray/ros2_ws/ros2_PI/install/ydlidar_ros2_driver' for CMake config files
[46.444s] Level 1:colcon.colcon_core.shell:create_environment_hook('ydlidar_ros2_driver', 'cmake_prefix_path')
[46.445s] INFO:colcon.colcon_core.shell:Creating environment hook '/home/ray/ros2_ws/ros2_PI/install/ydlidar_ros2_driver/share/ydlidar_ros2_driver/hook/cmake_prefix_path.ps1'
[46.447s] INFO:colcon.colcon_core.shell:Creating environment descriptor '/home/ray/ros2_ws/ros2_PI/install/ydlidar_ros2_driver/share/ydlidar_ros2_driver/hook/cmake_prefix_path.dsv'
[46.449s] INFO:colcon.colcon_core.shell:Creating environment hook '/home/ray/ros2_ws/ros2_PI/install/ydlidar_ros2_driver/share/ydlidar_ros2_driver/hook/cmake_prefix_path.sh'
[46.451s] Level 1:colcon.colcon_core.environment:checking '/home/ray/ros2_ws/ros2_PI/install/ydlidar_ros2_driver/lib'
[46.452s] Level 1:colcon.colcon_core.environment:checking '/home/ray/ros2_ws/ros2_PI/install/ydlidar_ros2_driver/bin'
[46.452s] Level 1:colcon.colcon_core.environment:checking '/home/ray/ros2_ws/ros2_PI/install/ydlidar_ros2_driver/lib/pkgconfig/ydlidar_ros2_driver.pc'
[46.453s] Level 1:colcon.colcon_core.environment:checking '/home/ray/ros2_ws/ros2_PI/install/ydlidar_ros2_driver/lib/python3.10/site-packages'
[46.454s] Level 1:colcon.colcon_core.environment:checking '/home/ray/ros2_ws/ros2_PI/install/ydlidar_ros2_driver/bin'
[46.456s] INFO:colcon.colcon_core.shell:Creating package script '/home/ray/ros2_ws/ros2_PI/install/ydlidar_ros2_driver/share/ydlidar_ros2_driver/package.ps1'
[46.458s] INFO:colcon.colcon_core.shell:Creating package descriptor '/home/ray/ros2_ws/ros2_PI/install/ydlidar_ros2_driver/share/ydlidar_ros2_driver/package.dsv'
[46.460s] INFO:colcon.colcon_core.shell:Creating package script '/home/ray/ros2_ws/ros2_PI/install/ydlidar_ros2_driver/share/ydlidar_ros2_driver/package.sh'
[46.462s] INFO:colcon.colcon_core.shell:Creating package script '/home/ray/ros2_ws/ros2_PI/install/ydlidar_ros2_driver/share/ydlidar_ros2_driver/package.bash'
[46.464s] INFO:colcon.colcon_core.shell:Creating package script '/home/ray/ros2_ws/ros2_PI/install/ydlidar_ros2_driver/share/ydlidar_ros2_driver/package.zsh'
[46.467s] Level 1:colcon.colcon_core.environment:create_file_with_runtime_dependencies(/home/ray/ros2_ws/ros2_PI/install/ydlidar_ros2_driver/share/colcon-core/packages/ydlidar_ros2_driver)
[46.468s] DEBUG:colcon.colcon_parallel_executor.executor.parallel:closing loop
[46.469s] DEBUG:colcon.colcon_parallel_executor.executor.parallel:loop closed
[46.470s] DEBUG:colcon.colcon_parallel_executor.executor.parallel:run_until_complete finished with '0'
[46.470s] DEBUG:colcon.colcon_core.event_reactor:joining thread
[46.490s] INFO:colcon.colcon_core.plugin_system:Skipping extension 'colcon_notification.desktop_notification.notify_send': Could not find 'notify-send'
[46.490s] INFO:colcon.colcon_core.plugin_system:Skipping extension 'colcon_notification.desktop_notification.terminal_notifier': Not used on non-Darwin systems
[46.491s] INFO:colcon.colcon_core.plugin_system:Skipping extension 'colcon_notification.desktop_notification.win32': Not used on non-Windows systems
[46.491s] INFO:colcon.colcon_notification.desktop_notification:Sending desktop notification using 'notify2'
[46.493s] DEBUG:colcon.colcon_notification.desktop_notification.notify2:Failed to initialize notify2: org.freedesktop.DBus.Error.ServiceUnknown: The name org.freedesktop.Notifications was not provided by any .service files
[46.494s] DEBUG:colcon.colcon_core.event_reactor:joined thread
[46.495s] INFO:colcon.colcon_core.shell:Creating prefix script '/home/ray/ros2_ws/ros2_PI/install/local_setup.ps1'
[46.498s] INFO:colcon.colcon_core.shell:Creating prefix util module '/home/ray/ros2_ws/ros2_PI/install/_local_setup_util_ps1.py'
[46.505s] INFO:colcon.colcon_core.shell:Creating prefix chain script '/home/ray/ros2_ws/ros2_PI/install/setup.ps1'
[46.510s] INFO:colcon.colcon_core.shell:Creating prefix script '/home/ray/ros2_ws/ros2_PI/install/local_setup.sh'
[46.513s] INFO:colcon.colcon_core.shell:Creating prefix util module '/home/ray/ros2_ws/ros2_PI/install/_local_setup_util_sh.py'
[46.516s] INFO:colcon.colcon_core.shell:Creating prefix chain script '/home/ray/ros2_ws/ros2_PI/install/setup.sh'
[46.520s] INFO:colcon.colcon_core.shell:Creating prefix script '/home/ray/ros2_ws/ros2_PI/install/local_setup.bash'
[46.522s] INFO:colcon.colcon_core.shell:Creating prefix chain script '/home/ray/ros2_ws/ros2_PI/install/setup.bash'
[46.527s] INFO:colcon.colcon_core.shell:Creating prefix script '/home/ray/ros2_ws/ros2_PI/install/local_setup.zsh'
[46.529s] INFO:colcon.colcon_core.shell:Creating prefix chain script '/home/ray/ros2_ws/ros2_PI/install/setup.zsh'
