[0.546s] Invoking command in '/home/ray/ros2_ws/robot_monitor': PYTHONPATH=/home/ray/ros2_ws/build/robot_monitor/prefix_override:/usr/lib/python3/dist-packages/colcon_core/task/python/colcon_distutils_commands:/home/ray/ros2_ws/install/robot_monitor/lib/python3.10/site-packages:${PYTHONPATH} /usr/bin/python3 -W ignore:setup.py install is deprecated -W ignore:easy_install command is deprecated setup.py egg_info --egg-base ../build/robot_monitor build --build-base /home/ray/ros2_ws/build/robot_monitor/build install --record /home/ray/ros2_ws/build/robot_monitor/install.log --single-version-externally-managed install_data
[0.734s] running egg_info
[0.734s] writing ../build/robot_monitor/robot_monitor.egg-info/PKG-INFO
[0.735s] writing dependency_links to ../build/robot_monitor/robot_monitor.egg-info/dependency_links.txt
[0.735s] writing entry points to ../build/robot_monitor/robot_monitor.egg-info/entry_points.txt
[0.735s] writing requirements to ../build/robot_monitor/robot_monitor.egg-info/requires.txt
[0.735s] writing top-level names to ../build/robot_monitor/robot_monitor.egg-info/top_level.txt
[0.736s] reading manifest file '../build/robot_monitor/robot_monitor.egg-info/SOURCES.txt'
[0.737s] writing manifest file '../build/robot_monitor/robot_monitor.egg-info/SOURCES.txt'
[0.737s] running build
[0.737s] running build_py
[0.737s] running install
[0.737s] running install_lib
[0.738s] running install_data
[0.739s] copying launch/pc_monitor_launch.py -> /home/ray/ros2_ws/install/robot_monitor/share/robot_monitor/launch
[0.739s] running install_egg_info
[0.741s] removing '/home/ray/ros2_ws/install/robot_monitor/lib/python3.10/site-packages/robot_monitor-0.0.0-py3.10.egg-info' (and everything under it)
[0.742s] Copying ../build/robot_monitor/robot_monitor.egg-info to /home/ray/ros2_ws/install/robot_monitor/lib/python3.10/site-packages/robot_monitor-0.0.0-py3.10.egg-info
[0.743s] running install_scripts
[0.762s] writing list of installed files to '/home/ray/ros2_ws/build/robot_monitor/install.log'
[0.787s] Invoked command in '/home/ray/ros2_ws/robot_monitor' returned '0': PYTHONPATH=/home/ray/ros2_ws/build/robot_monitor/prefix_override:/usr/lib/python3/dist-packages/colcon_core/task/python/colcon_distutils_commands:/home/ray/ros2_ws/install/robot_monitor/lib/python3.10/site-packages:${PYTHONPATH} /usr/bin/python3 -W ignore:setup.py install is deprecated -W ignore:easy_install command is deprecated setup.py egg_info --egg-base ../build/robot_monitor build --build-base /home/ray/ros2_ws/build/robot_monitor/build install --record /home/ray/ros2_ws/build/robot_monitor/install.log --single-version-externally-managed install_data
