
============================================================
Control nodes start 2025-12-16 03:18:57
============================================================

============================================================
Control nodes start 2025-12-16 03:21:47
============================================================
[å°èˆªé‚è¼¯] [37;1m2025-12-16 03:21:49.032 [31;1m[[37;1mRTPS_TRANSPORT_SHM[31;1m Error] [37mFailed init_port fastrtps_port14911: open_and_lock_file failed[34;1m -> Function [36mopen_port_internal[m
[å°èˆªé‚è¼¯] [37;1m2025-12-16 03:21:49.035 [31;1m[[37;1mRTPS_TRANSPORT_SHM[31;1m Error] [37mFailed init_port fastrtps_port14915: open_and_lock_file failed[34;1m -> Function [36mopen_port_internal[m
[å°èˆªé‚è¼¯] [37;1m2025-12-16 03:21:49.037 [31;1m[[37;1mRTPS_TRANSPORT_SHM[31;1m Error] [37mFailed init_port fastrtps_port14917: open_and_lock_file failed[34;1m -> Function [36mopen_port_internal[m
[å°èˆªé‚è¼¯] [37;1m2025-12-16 03:21:49.038 [31;1m[[37;1mRTPS_TRANSPORT_SHM[31;1m Error] [37mFailed init_port fastrtps_port14919: open_and_lock_file failed[34;1m -> Function [36mopen_port_internal[m
[å°èˆªé‚è¼¯] [37;1m2025-12-16 03:21:49.041 [31;1m[[37;1mRTPS_TRANSPORT_SHM[31;1m Error] [37mFailed init_port fastrtps_port14925: open_and_lock_file failed[34;1m -> Function [36mopen_port_internal[m
[å°èˆªé‚è¼¯] [37;1m2025-12-16 03:21:49.045 [31;1m[[37;1mRTPS_TRANSPORT_SHM[31;1m Error] [37mFailed init_port fastrtps_port14931: open_and_lock_file failed[34;1m -> Function [36mopen_port_internal[m
[å°èˆªé‚è¼¯] [37;1m2025-12-16 03:21:49.046 [31;1m[[37;1mRTPS_TRANSPORT_SHM[31;1m Error] [37mFailed init_port fastrtps_port14933: open_and_lock_file failed[34;1m -> Function [36mopen_port_internal[m
[ç·¨ç¢¼å™¨è®€å–] [37;1m2025-12-16 03:21:50.869 [31;1m[[37;1mRTPS_TRANSPORT_SHM[31;1m Error] [37mFailed init_port fastrtps_port14911: open_and_lock_file failed[34;1m -> Function [36mopen_port_internal[m
[ç·¨ç¢¼å™¨è®€å–] [37;1m2025-12-16 03:21:50.872 [31;1m[[37;1mRTPS_TRANSPORT_SHM[31;1m Error] [37mFailed init_port fastrtps_port14915: open_and_lock_file failed[34;1m -> Function [36mopen_port_internal[m
[ç·¨ç¢¼å™¨è®€å–] [37;1m2025-12-16 03:21:50.873 [31;1m[[37;1mRTPS_TRANSPORT_SHM[31;1m Error] [37mFailed init_port fastrtps_port14917: open_and_lock_file failed[34;1m -> Function [36mopen_port_internal[m
[ç·¨ç¢¼å™¨è®€å–] [37;1m2025-12-16 03:21:50.875 [31;1m[[37;1mRTPS_TRANSPORT_SHM[31;1m Error] [37mFailed init_port fastrtps_port14919: open_and_lock_file failed[34;1m -> Function [36mopen_port_internal[m
[ç·¨ç¢¼å™¨è®€å–] [37;1m2025-12-16 03:21:50.879 [31;1m[[37;1mRTPS_TRANSPORT_SHM[31;1m Error] [37mFailed init_port fastrtps_port14925: open_and_lock_file failed[34;1m -> Function [36mopen_port_internal[m
[ç·¨ç¢¼å™¨è®€å–] [37;1m2025-12-16 03:21:50.883 [31;1m[[37;1mRTPS_TRANSPORT_SHM[31;1m Error] [37mFailed init_port fastrtps_port14931: open_and_lock_file failed[34;1m -> Function [36mopen_port_internal[m
[å°èˆªé‚è¼¯] [INFO] [1765855311.070729120] [pi_navigation_logic]: å°èˆªé‚è¼¯ç¯€é»å•Ÿå‹•
[é¦¬é”é©…å‹•] [37;1m2025-12-16 03:21:51.417 [31;1m[[37;1mRTPS_TRANSPORT_SHM[31;1m Error] [37mFailed init_port fastrtps_port14911: open_and_lock_file failed[34;1m -> Function [36mopen_port_internal[m
[é¦¬é”é©…å‹•] [37;1m2025-12-16 03:21:51.591 [31;1m[[37;1mRTPS_TRANSPORT_SHM[31;1m Error] [37mFailed init_port fastrtps_port14915: open_and_lock_file failed[34;1m -> Function [36mopen_port_internal[m
[é¦¬é”é©…å‹•] [37;1m2025-12-16 03:21:51.592 [31;1m[[37;1mRTPS_TRANSPORT_SHM[31;1m Error] [37mFailed init_port fastrtps_port14917: open_and_lock_file failed[34;1m -> Function [36mopen_port_internal[m
[é¦¬é”é©…å‹•] [37;1m2025-12-16 03:21:51.594 [31;1m[[37;1mRTPS_TRANSPORT_SHM[31;1m Error] [37mFailed init_port fastrtps_port14919: open_and_lock_file failed[34;1m -> Function [36mopen_port_internal[m
[é¦¬é”é©…å‹•] [37;1m2025-12-16 03:21:51.606 [31;1m[[37;1mRTPS_TRANSPORT_SHM[31;1m Error] [37mFailed init_port fastrtps_port14925: open_and_lock_file failed[34;1m -> Function [36mopen_port_internal[m
[é¦¬é”é©…å‹•] [37;1m2025-12-16 03:21:51.610 [31;1m[[37;1mRTPS_TRANSPORT_SHM[31;1m Error] [37mFailed init_port fastrtps_port14931: open_and_lock_file failed[34;1m -> Function [36mopen_port_internal[m
[é¦¬é”é©…å‹•] [37;1m2025-12-16 03:21:51.611 [31;1m[[37;1mRTPS_TRANSPORT_SHM[31;1m Error] [37mFailed init_port fastrtps_port14933: open_and_lock_file failed[34;1m -> Function [36mopen_port_internal[m

============================================================
Control nodes start 2025-12-16 03:27:59
============================================================
[å°èˆªé‚è¼¯] [37;1m2025-12-16 03:28:00.747 [31;1m[[37;1mRTPS_TRANSPORT_SHM[31;1m Error] [37mFailed init_port fastrtps_port14911: open_and_lock_file failed[34;1m -> Function [36mopen_port_internal[m
[å°èˆªé‚è¼¯] [37;1m2025-12-16 03:28:00.749 [31;1m[[37;1mRTPS_TRANSPORT_SHM[31;1m Error] [37mFailed init_port fastrtps_port14915: open_and_lock_file failed[34;1m -> Function [36mopen_port_internal[m
[å°èˆªé‚è¼¯] [37;1m2025-12-16 03:28:00.751 [31;1m[[37;1mRTPS_TRANSPORT_SHM[31;1m Error] [37mFailed init_port fastrtps_port14917: open_and_lock_file failed[34;1m -> Function [36mopen_port_internal[m
[å°èˆªé‚è¼¯] [37;1m2025-12-16 03:28:00.752 [31;1m[[37;1mRTPS_TRANSPORT_SHM[31;1m Error] [37mFailed init_port fastrtps_port14919: open_and_lock_file failed[34;1m -> Function [36mopen_port_internal[m
[å°èˆªé‚è¼¯] [37;1m2025-12-16 03:28:00.756 [31;1m[[37;1mRTPS_TRANSPORT_SHM[31;1m Error] [37mFailed init_port fastrtps_port14925: open_and_lock_file failed[34;1m -> Function [36mopen_port_internal[m
[å°èˆªé‚è¼¯] [37;1m2025-12-16 03:28:00.759 [31;1m[[37;1mRTPS_TRANSPORT_SHM[31;1m Error] [37mFailed init_port fastrtps_port14931: open_and_lock_file failed[34;1m -> Function [36mopen_port_internal[m
[å°èˆªé‚è¼¯] [37;1m2025-12-16 03:28:00.768 [31;1m[[37;1mRTPS_TRANSPORT_SHM[31;1m Error] [37mFailed init_port fastrtps_port14933: open_and_lock_file failed[34;1m -> Function [36mopen_port_internal[m
[å°èˆªé‚è¼¯] [37;1m2025-12-16 03:28:00.776 [31;1m[[37;1mRTPS_TRANSPORT_SHM[31;1m Error] [37mFailed init_port fastrtps_port14939: open_and_lock_file failed[34;1m -> Function [36mopen_port_internal[m
[ç·¨ç¢¼å™¨è®€å–] [37;1m2025-12-16 03:28:01.759 [31;1m[[37;1mRTPS_TRANSPORT_SHM[31;1m Error] [37mFailed init_port fastrtps_port14911: open_and_lock_file failed[34;1m -> Function [36mopen_port_internal[m
[ç·¨ç¢¼å™¨è®€å–] [37;1m2025-12-16 03:28:01.762 [31;1m[[37;1mRTPS_TRANSPORT_SHM[31;1m Error] [37mFailed init_port fastrtps_port14915: open_and_lock_file failed[34;1m -> Function [36mopen_port_internal[m
[ç·¨ç¢¼å™¨è®€å–] [37;1m2025-12-16 03:28:01.763 [31;1m[[37;1mRTPS_TRANSPORT_SHM[31;1m Error] [37mFailed init_port fastrtps_port14917: open_and_lock_file failed[34;1m -> Function [36mopen_port_internal[m
[ç·¨ç¢¼å™¨è®€å–] [37;1m2025-12-16 03:28:01.764 [31;1m[[37;1mRTPS_TRANSPORT_SHM[31;1m Error] [37mFailed init_port fastrtps_port14919: open_and_lock_file failed[34;1m -> Function [36mopen_port_internal[m
[ç·¨ç¢¼å™¨è®€å–] [37;1m2025-12-16 03:28:01.791 [31;1m[[37;1mRTPS_TRANSPORT_SHM[31;1m Error] [37mFailed init_port fastrtps_port14925: open_and_lock_file failed[34;1m -> Function [36mopen_port_internal[m
[ç·¨ç¢¼å™¨è®€å–] [37;1m2025-12-16 03:28:01.794 [31;1m[[37;1mRTPS_TRANSPORT_SHM[31;1m Error] [37mFailed init_port fastrtps_port14931: open_and_lock_file failed[34;1m -> Function [36mopen_port_internal[m
[ç·¨ç¢¼å™¨è®€å–] [37;1m2025-12-16 03:28:01.797 [31;1m[[37;1mRTPS_TRANSPORT_SHM[31;1m Error] [37mFailed init_port fastrtps_port14933: open_and_lock_file failed[34;1m -> Function [36mopen_port_internal[m
[å°èˆªé‚è¼¯] [INFO] [1765855681.990836958] [pi_navigation_logic]: å°èˆªé‚è¼¯ç¯€é»å•Ÿå‹•
[é¦¬é”é©…å‹•] [37;1m2025-12-16 03:28:03.023 [31;1m[[37;1mRTPS_TRANSPORT_SHM[31;1m Error] [37mFailed init_port fastrtps_port14911: open_and_lock_file failed[34;1m -> Function [36mopen_port_internal[m
[é¦¬é”é©…å‹•] [37;1m2025-12-16 03:28:03.026 [31;1m[[37;1mRTPS_TRANSPORT_SHM[31;1m Error] [37mFailed init_port fastrtps_port14915: open_and_lock_file failed[34;1m -> Function [36mopen_port_internal[m
[é¦¬é”é©…å‹•] [37;1m2025-12-16 03:28:03.028 [31;1m[[37;1mRTPS_TRANSPORT_SHM[31;1m Error] [37mFailed init_port fastrtps_port14917: open_and_lock_file failed[34;1m -> Function [36mopen_port_internal[m
[é¦¬é”é©…å‹•] [37;1m2025-12-16 03:28:03.029 [31;1m[[37;1mRTPS_TRANSPORT_SHM[31;1m Error] [37mFailed init_port fastrtps_port14919: open_and_lock_file failed[34;1m -> Function [36mopen_port_internal[m
[é¦¬é”é©…å‹•] [37;1m2025-12-16 03:28:03.033 [31;1m[[37;1mRTPS_TRANSPORT_SHM[31;1m Error] [37mFailed init_port fastrtps_port14925: open_and_lock_file failed[34;1m -> Function [36mopen_port_internal[m
[é¦¬é”é©…å‹•] [37;1m2025-12-16 03:28:03.036 [31;1m[[37;1mRTPS_TRANSPORT_SHM[31;1m Error] [37mFailed init_port fastrtps_port14931: open_and_lock_file failed[34;1m -> Function [36mopen_port_internal[m
[é¦¬é”é©…å‹•] [37;1m2025-12-16 03:28:03.037 [31;1m[[37;1mRTPS_TRANSPORT_SHM[31;1m Error] [37mFailed init_port fastrtps_port14933: open_and_lock_file failed[34;1m -> Function [36mopen_port_internal[m
[é¦¬é”é©…å‹•] [37;1m2025-12-16 03:28:03.044 [31;1m[[37;1mRTPS_TRANSPORT_SHM[31;1m Error] [37mFailed init_port fastrtps_port14939: open_and_lock_file failed[34;1m -> Function [36mopen_port_internal[m

============================================================
Control nodes start 2025-12-16 03:31:20
============================================================
[å°èˆªé‚è¼¯] [37;1m2025-12-16 03:31:22.061 [31;1m[[37;1mRTPS_TRANSPORT_SHM[31;1m Error] [37mFailed init_port fastrtps_port14911: open_and_lock_file failed[34;1m -> Function [36mopen_port_internal[m
[å°èˆªé‚è¼¯] [37;1m2025-12-16 03:31:22.065 [31;1m[[37;1mRTPS_TRANSPORT_SHM[31;1m Error] [37mFailed init_port fastrtps_port14915: open_and_lock_file failed[34;1m -> Function [36mopen_port_internal[m
[å°èˆªé‚è¼¯] [37;1m2025-12-16 03:31:22.066 [31;1m[[37;1mRTPS_TRANSPORT_SHM[31;1m Error] [37mFailed init_port fastrtps_port14917: open_and_lock_file failed[34;1m -> Function [36mopen_port_internal[m
[å°èˆªé‚è¼¯] [37;1m2025-12-16 03:31:22.068 [31;1m[[37;1mRTPS_TRANSPORT_SHM[31;1m Error] [37mFailed init_port fastrtps_port14919: open_and_lock_file failed[34;1m -> Function [36mopen_port_internal[m
[å°èˆªé‚è¼¯] [37;1m2025-12-16 03:31:22.073 [31;1m[[37;1mRTPS_TRANSPORT_SHM[31;1m Error] [37mFailed init_port fastrtps_port14925: open_and_lock_file failed[34;1m -> Function [36mopen_port_internal[m
[å°èˆªé‚è¼¯] [37;1m2025-12-16 03:31:22.077 [31;1m[[37;1mRTPS_TRANSPORT_SHM[31;1m Error] [37mFailed init_port fastrtps_port14931: open_and_lock_file failed[34;1m -> Function [36mopen_port_internal[m
[å°èˆªé‚è¼¯] [37;1m2025-12-16 03:31:22.079 [31;1m[[37;1mRTPS_TRANSPORT_SHM[31;1m Error] [37mFailed init_port fastrtps_port14933: open_and_lock_file failed[34;1m -> Function [36mopen_port_internal[m
[å°èˆªé‚è¼¯] [37;1m2025-12-16 03:31:22.082 [31;1m[[37;1mRTPS_TRANSPORT_SHM[31;1m Error] [37mFailed init_port fastrtps_port14939: open_and_lock_file failed[34;1m -> Function [36mopen_port_internal[m
[å°èˆªé‚è¼¯] [37;1m2025-12-16 03:31:22.084 [31;1m[[37;1mRTPS_TRANSPORT_SHM[31;1m Error] [37mFailed init_port fastrtps_port14943: open_and_lock_file failed[34;1m -> Function [36mopen_port_internal[m
[å°èˆªé‚è¼¯] [INFO] [1765855883.348526130] [pi_navigation_logic]: å°èˆªé‚è¼¯ç¯€é»å•Ÿå‹•
[ç·¨ç¢¼å™¨è®€å–] [37;1m2025-12-16 03:31:23.517 [31;1m[[37;1mRTPS_TRANSPORT_SHM[31;1m Error] [37mFailed init_port fastrtps_port14911: open_and_lock_file failed[34;1m -> Function [36mopen_port_internal[m
[ç·¨ç¢¼å™¨è®€å–] [37;1m2025-12-16 03:31:23.526 [31;1m[[37;1mRTPS_TRANSPORT_SHM[31;1m Error] [37mFailed init_port fastrtps_port14915: open_and_lock_file failed[34;1m -> Function [36mopen_port_internal[m
[ç·¨ç¢¼å™¨è®€å–] [37;1m2025-12-16 03:31:23.527 [31;1m[[37;1mRTPS_TRANSPORT_SHM[31;1m Error] [37mFailed init_port fastrtps_port14917: open_and_lock_file failed[34;1m -> Function [36mopen_port_internal[m
[ç·¨ç¢¼å™¨è®€å–] [37;1m2025-12-16 03:31:23.529 [31;1m[[37;1mRTPS_TRANSPORT_SHM[31;1m Error] [37mFailed init_port fastrtps_port14919: open_and_lock_file failed[34;1m -> Function [36mopen_port_internal[m
[ç·¨ç¢¼å™¨è®€å–] [37;1m2025-12-16 03:31:23.533 [31;1m[[37;1mRTPS_TRANSPORT_SHM[31;1m Error] [37mFailed init_port fastrtps_port14925: open_and_lock_file failed[34;1m -> Function [36mopen_port_internal[m
[ç·¨ç¢¼å™¨è®€å–] [37;1m2025-12-16 03:31:23.537 [31;1m[[37;1mRTPS_TRANSPORT_SHM[31;1m Error] [37mFailed init_port fastrtps_port14931: open_and_lock_file failed[34;1m -> Function [36mopen_port_internal[m
[ç·¨ç¢¼å™¨è®€å–] [37;1m2025-12-16 03:31:23.539 [31;1m[[37;1mRTPS_TRANSPORT_SHM[31;1m Error] [37mFailed init_port fastrtps_port14933: open_and_lock_file failed[34;1m -> Function [36mopen_port_internal[m
[ç·¨ç¢¼å™¨è®€å–] [37;1m2025-12-16 03:31:23.545 [31;1m[[37;1mRTPS_TRANSPORT_SHM[31;1m Error] [37mFailed init_port fastrtps_port14939: open_and_lock_file failed[34;1m -> Function [36mopen_port_internal[m
[ç·¨ç¢¼å™¨è®€å–] [37;1m2025-12-16 03:31:23.550 [31;1m[[37;1mRTPS_TRANSPORT_SHM[31;1m Error] [37mFailed init_port fastrtps_port14943: open_and_lock_file failed[34;1m -> Function [36mopen_port_internal[m
[é¦¬é”é©…å‹•] [37;1m2025-12-16 03:31:24.074 [31;1m[[37;1mRTPS_TRANSPORT_SHM[31;1m Error] [37mFailed init_port fastrtps_port14911: open_and_lock_file failed[34;1m -> Function [36mopen_port_internal[m
[é¦¬é”é©…å‹•] [37;1m2025-12-16 03:31:24.076 [31;1m[[37;1mRTPS_TRANSPORT_SHM[31;1m Error] [37mFailed init_port fastrtps_port14915: open_and_lock_file failed[34;1m -> Function [36mopen_port_internal[m
[é¦¬é”é©…å‹•] [37;1m2025-12-16 03:31:24.078 [31;1m[[37;1mRTPS_TRANSPORT_SHM[31;1m Error] [37mFailed init_port fastrtps_port14917: open_and_lock_file failed[34;1m -> Function [36mopen_port_internal[m
[é¦¬é”é©…å‹•] [37;1m2025-12-16 03:31:24.079 [31;1m[[37;1mRTPS_TRANSPORT_SHM[31;1m Error] [37mFailed init_port fastrtps_port14919: open_and_lock_file failed[34;1m -> Function [36mopen_port_internal[m
[é¦¬é”é©…å‹•] [37;1m2025-12-16 03:31:24.083 [31;1m[[37;1mRTPS_TRANSPORT_SHM[31;1m Error] [37mFailed init_port fastrtps_port14925: open_and_lock_file failed[34;1m -> Function [36mopen_port_internal[m
[é¦¬é”é©…å‹•] [37;1m2025-12-16 03:31:24.086 [31;1m[[37;1mRTPS_TRANSPORT_SHM[31;1m Error] [37mFailed init_port fastrtps_port14931: open_and_lock_file failed[34;1m -> Function [36mopen_port_internal[m
[é¦¬é”é©…å‹•] [37;1m2025-12-16 03:31:24.088 [31;1m[[37;1mRTPS_TRANSPORT_SHM[31;1m Error] [37mFailed init_port fastrtps_port14933: open_and_lock_file failed[34;1m -> Function [36mopen_port_internal[m
[é¦¬é”é©…å‹•] [37;1m2025-12-16 03:31:24.091 [31;1m[[37;1mRTPS_TRANSPORT_SHM[31;1m Error] [37mFailed init_port fastrtps_port14939: open_and_lock_file failed[34;1m -> Function [36mopen_port_internal[m
[é¦¬é”é©…å‹•] [37;1m2025-12-16 03:31:24.093 [31;1m[[37;1mRTPS_TRANSPORT_SHM[31;1m Error] [37mFailed init_port fastrtps_port14943: open_and_lock_file failed[34;1m -> Function [36mopen_port_internal[m
[ç·¨ç¢¼å™¨è®€å–] [INFO] [1765855884.729636871] [pi_encoder_reader]: ç·¨ç¢¼å™¨è®€å–ç¯€é»å•Ÿå‹•
[ç·¨ç¢¼å™¨è®€å–] Traceback (most recent call last):
[ç·¨ç¢¼å™¨è®€å–]   File "/home/ray/ros2_ws/robot_control/encoder_reader.py", line 127, in <module>
