[0.069s] Invoking command in '/home/ray/ros2_ws/build/ydlidar_ros2_driver': CMAKE_PREFIX_PATH=/opt/ros/humble /usr/bin/cmake /home/ray/ros2_ws/src/ydlidar_ros2_driver -DCMAKE_INSTALL_PREFIX=/home/ray/ros2_ws/install/ydlidar_ros2_driver
[0.414s] -- Found ament_cmake: 1.3.12 (/opt/ros/humble/share/ament_cmake/cmake)
[1.038s] -- Override CMake install command with custom implementation using symlinks instead of copying resources
[1.123s] -- Found rclcpp: 16.0.15 (/opt/ros/humble/share/rclcpp/cmake)
[1.366s] -- Found rosidl_generator_c: 3.1.7 (/opt/ros/humble/share/rosidl_generator_c/cmake)
[1.384s] -- Found rosidl_adapter: 3.1.7 (/opt/ros/humble/share/rosidl_adapter/cmake)
[1.425s] -- Found rosidl_generator_cpp: 3.1.7 (/opt/ros/humble/share/rosidl_generator_cpp/cmake)
[1.491s] -- Using all available rosidl_typesupport_c: rosidl_typesupport_fastrtps_c;rosidl_typesupport_introspection_c
[1.563s] -- Using all available rosidl_typesupport_cpp: rosidl_typesupport_fastrtps_cpp;rosidl_typesupport_introspection_cpp
[1.772s] -- Found rmw_implementation_cmake: 6.1.2 (/opt/ros/humble/share/rmw_implementation_cmake/cmake)
[1.785s] -- Found rmw_fastrtps_cpp: 6.2.9 (/opt/ros/humble/share/rmw_fastrtps_cpp/cmake)
[2.802s] -- Using RMW implementation 'rmw_fastrtps_cpp' as default
[3.107s] -- Found sensor_msgs: 4.9.0 (/opt/ros/humble/share/sensor_msgs/cmake)
[3.262s] -- Found visualization_msgs: 4.9.0 (/opt/ros/humble/share/visualization_msgs/cmake)
[3.361s] -- Found std_srvs: 4.9.0 (/opt/ros/humble/share/std_srvs/cmake)
[3.438s] -- Found ament_lint_auto: 0.12.14 (/opt/ros/humble/share/ament_lint_auto/cmake)
[3.803s] -- Added test 'copyright' to check source files copyright and LICENSE
[3.848s] -- Added test 'cppcheck' to perform static code analysis on C / C++ code
[3.849s] -- Configured cppcheck include dirs: /home/ray/ros2_ws/src/ydlidar_ros2_driver/src
[3.850s] -- Configured cppcheck exclude dirs and/or files: 
[3.895s] -- Added test 'cpplint' to check C / C++ code against the Google style
[3.896s] -- Configured cpplint exclude dirs and/or files: 
[3.904s] -- Added test 'flake8' to check Python code syntax and style conventions
[3.918s] -- Added test 'lint_cmake' to check CMake code style
[3.927s] -- Added test 'pep257' to check Python code against some of the docstring style conventions in PEP 257
[3.972s] -- Added test 'uncrustify' to check C / C++ code style
[3.972s] -- Configured uncrustify additional arguments: 
[3.982s] -- Added test 'xmllint' to check XML markup files
[3.991s] -- Configuring done
[4.115s] -- Generating done
[4.142s] -- Build files have been written to: /home/ray/ros2_ws/build/ydlidar_ros2_driver
[4.190s] Invoked command in '/home/ray/ros2_ws/build/ydlidar_ros2_driver' returned '0': CMAKE_PREFIX_PATH=/opt/ros/humble /usr/bin/cmake /home/ray/ros2_ws/src/ydlidar_ros2_driver -DCMAKE_INSTALL_PREFIX=/home/ray/ros2_ws/install/ydlidar_ros2_driver
[4.202s] Invoking command in '/home/ray/ros2_ws/build/ydlidar_ros2_driver': CMAKE_PREFIX_PATH=/opt/ros/humble /usr/bin/cmake --build /home/ray/ros2_ws/build/ydlidar_ros2_driver -- -j4 -l4
[4.383s] [35m[1mConsolidate compiler generated dependencies of target ydlidar_ros2_driver_node[0m
[4.384s] [35m[1mConsolidate compiler generated dependencies of target ydlidar_ros2_driver_client[0m
[4.540s] [ 50%] Built target ydlidar_ros2_driver_client
[4.546s] [100%] Built target ydlidar_ros2_driver_node
[4.582s] Invoked command in '/home/ray/ros2_ws/build/ydlidar_ros2_driver' returned '0': CMAKE_PREFIX_PATH=/opt/ros/humble /usr/bin/cmake --build /home/ray/ros2_ws/build/ydlidar_ros2_driver -- -j4 -l4
[4.621s] Invoking command in '/home/ray/ros2_ws/build/ydlidar_ros2_driver': CMAKE_PREFIX_PATH=/opt/ros/humble /usr/bin/cmake --install /home/ray/ros2_ws/build/ydlidar_ros2_driver
[4.645s] -- Install configuration: ""
[4.648s] -- Execute custom install script
[4.649s] -- Up-to-date symlink: /home/ray/ros2_ws/install/ydlidar_ros2_driver/lib/ydlidar_ros2_driver/ydlidar_ros2_driver_node
[4.650s] -- Up-to-date symlink: /home/ray/ros2_ws/install/ydlidar_ros2_driver/lib/ydlidar_ros2_driver/ydlidar_ros2_driver_client
[4.651s] -- Symlinking: /home/ray/ros2_ws/install/ydlidar_ros2_driver/share/ydlidar_ros2_driver/launch/robot_control_launch.py
[4.683s] -- Up-to-date symlink: /home/ray/ros2_ws/install/ydlidar_ros2_driver/share/ydlidar_ros2_driver/launch/ydlidar.py
[4.684s] -- Up-to-date symlink: /home/ray/ros2_ws/install/ydlidar_ros2_driver/share/ydlidar_ros2_driver/launch/ydlidar_launch.py
[4.684s] -- Up-to-date symlink: /home/ray/ros2_ws/install/ydlidar_ros2_driver/share/ydlidar_ros2_driver/launch/ydlidar_launch_view.py
[4.686s] -- Up-to-date symlink: /home/ray/ros2_ws/install/ydlidar_ros2_driver/share/ydlidar_ros2_driver/params/G1.yaml
[4.687s] -- Up-to-date symlink: /home/ray/ros2_ws/install/ydlidar_ros2_driver/share/ydlidar_ros2_driver/params/G2.yaml
[4.688s] -- Up-to-date symlink: /home/ray/ros2_ws/install/ydlidar_ros2_driver/share/ydlidar_ros2_driver/params/G4.yaml
[4.688s] -- Up-to-date symlink: /home/ray/ros2_ws/install/ydlidar_ros2_driver/share/ydlidar_ros2_driver/params/G6.yaml
[4.689s] -- Up-to-date symlink: /home/ray/ros2_ws/install/ydlidar_ros2_driver/share/ydlidar_ros2_driver/params/GS2.yaml
[4.690s] -- Up-to-date symlink: /home/ray/ros2_ws/install/ydlidar_ros2_driver/share/ydlidar_ros2_driver/params/GS5.yaml
[4.691s] -- Up-to-date symlink: /home/ray/ros2_ws/install/ydlidar_ros2_driver/share/ydlidar_ros2_driver/params/TEA.yaml
[4.691s] -- Up-to-date symlink: /home/ray/ros2_ws/install/ydlidar_ros2_driver/share/ydlidar_ros2_driver/params/TG.yaml
[4.694s] -- Up-to-date symlink: /home/ray/ros2_ws/install/ydlidar_ros2_driver/share/ydlidar_ros2_driver/params/Tmini-Plus-SH.yaml
[4.694s] -- Up-to-date symlink: /home/ray/ros2_ws/install/ydlidar_ros2_driver/share/ydlidar_ros2_driver/params/Tmini.yaml
[4.695s] -- Up-to-date symlink: /home/ray/ros2_ws/install/ydlidar_ros2_driver/share/ydlidar_ros2_driver/params/X2.yaml
[4.695s] -- Up-to-date symlink: /home/ray/ros2_ws/install/ydlidar_ros2_driver/share/ydlidar_ros2_driver/params/X3.yaml
[4.695s] -- Up-to-date symlink: /home/ray/ros2_ws/install/ydlidar_ros2_driver/share/ydlidar_ros2_driver/params/X4-Pro.yaml
[4.696s] -- Up-to-date symlink: /home/ray/ros2_ws/install/ydlidar_ros2_driver/share/ydlidar_ros2_driver/params/X4.yaml
[4.696s] -- Up-to-date symlink: /home/ray/ros2_ws/install/ydlidar_ros2_driver/share/ydlidar_ros2_driver/params/sdm15.yaml
[4.697s] -- Up-to-date symlink: /home/ray/ros2_ws/install/ydlidar_ros2_driver/share/ydlidar_ros2_driver/params/ydlidar.yaml
[4.699s] -- Up-to-date symlink: /home/ray/ros2_ws/install/ydlidar_ros2_driver/share/ydlidar_ros2_driver/startup/initenv.sh
[4.700s] -- Up-to-date symlink: /home/ray/ros2_ws/install/ydlidar_ros2_driver/share/ydlidar_ros2_driver/config/ydlidar.rviz
[4.701s] -- Up-to-date symlink: /home/ray/ros2_ws/install/ydlidar_ros2_driver/share/ament_index/resource_index/package_run_dependencies/ydlidar_ros2_driver
[4.702s] -- Up-to-date symlink: /home/ray/ros2_ws/install/ydlidar_ros2_driver/share/ament_index/resource_index/parent_prefix_path/ydlidar_ros2_driver
[4.703s] -- Up-to-date symlink: /home/ray/ros2_ws/install/ydlidar_ros2_driver/share/ydlidar_ros2_driver/environment/ament_prefix_path.sh
[4.704s] -- Up-to-date symlink: /home/ray/ros2_ws/install/ydlidar_ros2_driver/share/ydlidar_ros2_driver/environment/ament_prefix_path.dsv
[4.705s] -- Up-to-date symlink: /home/ray/ros2_ws/install/ydlidar_ros2_driver/share/ydlidar_ros2_driver/environment/path.sh
[4.706s] -- Up-to-date symlink: /home/ray/ros2_ws/install/ydlidar_ros2_driver/share/ydlidar_ros2_driver/environment/path.dsv
[4.706s] -- Up-to-date symlink: /home/ray/ros2_ws/install/ydlidar_ros2_driver/share/ydlidar_ros2_driver/local_setup.bash
[4.707s] -- Up-to-date symlink: /home/ray/ros2_ws/install/ydlidar_ros2_driver/share/ydlidar_ros2_driver/local_setup.sh
[4.708s] -- Up-to-date symlink: /home/ray/ros2_ws/install/ydlidar_ros2_driver/share/ydlidar_ros2_driver/local_setup.zsh
[4.709s] -- Up-to-date symlink: /home/ray/ros2_ws/install/ydlidar_ros2_driver/share/ydlidar_ros2_driver/local_setup.dsv
[4.710s] -- Symlinking: /home/ray/ros2_ws/install/ydlidar_ros2_driver/share/ydlidar_ros2_driver/package.dsv
[4.741s] -- Up-to-date symlink: /home/ray/ros2_ws/install/ydlidar_ros2_driver/share/ament_index/resource_index/packages/ydlidar_ros2_driver
[4.742s] -- Up-to-date symlink: /home/ray/ros2_ws/install/ydlidar_ros2_driver/share/ydlidar_ros2_driver/cmake/ydlidar_ros2_driverConfig.cmake
[4.742s] -- Up-to-date symlink: /home/ray/ros2_ws/install/ydlidar_ros2_driver/share/ydlidar_ros2_driver/cmake/ydlidar_ros2_driverConfig-version.cmake
[4.743s] -- Up-to-date symlink: /home/ray/ros2_ws/install/ydlidar_ros2_driver/share/ydlidar_ros2_driver/package.xml
[4.750s] Invoked command in '/home/ray/ros2_ws/build/ydlidar_ros2_driver' returned '0': CMAKE_PREFIX_PATH=/opt/ros/humble /usr/bin/cmake --install /home/ray/ros2_ws/build/ydlidar_ros2_driver
