running egg_info
creating ../build/robot_monitor/robot_monitor.egg-info
writing ../build/robot_monitor/robot_monitor.egg-info/PKG-INFO
writing dependency_links to ../build/robot_monitor/robot_monitor.egg-info/dependency_links.txt
writing entry points to ../build/robot_monitor/robot_monitor.egg-info/entry_points.txt
writing requirements to ../build/robot_monitor/robot_monitor.egg-info/requires.txt
writing top-level names to ../build/robot_monitor/robot_monitor.egg-info/top_level.txt
writing manifest file '../build/robot_monitor/robot_monitor.egg-info/SOURCES.txt'
reading manifest file '../build/robot_monitor/robot_monitor.egg-info/SOURCES.txt'
writing manifest file '../build/robot_monitor/robot_monitor.egg-info/SOURCES.txt'
running build
running build_py
creating /home/ray/ros2_ws/build/robot_monitor/build
creating /home/ray/ros2_ws/build/robot_monitor/build/lib
creating /home/ray/ros2_ws/build/robot_monitor/build/lib/robot_monitor
copying robot_monitor/__init__.py -> /home/ray/ros2_ws/build/robot_monitor/build/lib/robot_monitor
running install
running install_lib
creating /home/ray/ros2_ws/install/robot_monitor/lib/python3.10/site-packages/robot_monitor
copying /home/ray/ros2_ws/build/robot_monitor/build/lib/robot_monitor/__init__.py -> /home/ray/ros2_ws/install/robot_monitor/lib/python3.10/site-packages/robot_monitor
byte-compiling /home/ray/ros2_ws/install/robot_monitor/lib/python3.10/site-packages/robot_monitor/__init__.py to __init__.cpython-310.pyc
running install_data
creating /home/ray/ros2_ws/install/robot_monitor/share/ament_index
creating /home/ray/ros2_ws/install/robot_monitor/share/ament_index/resource_index
creating /home/ray/ros2_ws/install/robot_monitor/share/ament_index/resource_index/packages
copying resource/robot_monitor -> /home/ray/ros2_ws/install/robot_monitor/share/ament_index/resource_index/packages
copying package.xml -> /home/ray/ros2_ws/install/robot_monitor/share/robot_monitor
running install_egg_info
Copying ../build/robot_monitor/robot_monitor.egg-info to /home/ray/ros2_ws/install/robot_monitor/lib/python3.10/site-packages/robot_monitor-0.0.0-py3.10.egg-info
running install_scripts
writing list of installed files to '/home/ray/ros2_ws/build/robot_monitor/install.log'
