running egg_info
writing ../build/robot_monitor/robot_monitor.egg-info/PKG-INFO
writing dependency_links to ../build/robot_monitor/robot_monitor.egg-info/dependency_links.txt
writing entry points to ../build/robot_monitor/robot_monitor.egg-info/entry_points.txt
writing requirements to ../build/robot_monitor/robot_monitor.egg-info/requires.txt
writing top-level names to ../build/robot_monitor/robot_monitor.egg-info/top_level.txt
reading manifest file '../build/robot_monitor/robot_monitor.egg-info/SOURCES.txt'
writing manifest file '../build/robot_monitor/robot_monitor.egg-info/SOURCES.txt'
running build
running build_py
running install
running install_lib
running install_data
creating /home/ray/ros2_ws/install/robot_monitor/share/robot_monitor/launch
copying launch/pc_monitor_launch.py -> /home/ray/ros2_ws/install/robot_monitor/share/robot_monitor/launch
running install_egg_info
removing '/home/ray/ros2_ws/install/robot_monitor/lib/python3.10/site-packages/robot_monitor-0.0.0-py3.10.egg-info' (and everything under it)
Copying ../build/robot_monitor/robot_monitor.egg-info to /home/ray/ros2_ws/install/robot_monitor/lib/python3.10/site-packages/robot_monitor-0.0.0-py3.10.egg-info
running install_scripts
writing list of installed files to '/home/ray/ros2_ws/build/robot_monitor/install.log'
