[1.030s] Invoking command in '/home/ray/ros2_ws/robot_monitor': PYTHONPATH=/home/ray/ros2_ws/build/robot_monitor/prefix_override:/usr/lib/python3/dist-packages/colcon_core/task/python/colcon_distutils_commands:/home/ray/ros2_ws/install/robot_monitor/lib/python3.10/site-packages:${PYTHONPATH} /usr/bin/python3 -W ignore:setup.py install is deprecated -W ignore:easy_install command is deprecated setup.py egg_info --egg-base ../build/robot_monitor build --build-base /home/ray/ros2_ws/build/robot_monitor/build install --record /home/ray/ros2_ws/build/robot_monitor/install.log --single-version-externally-managed install_data
[1.236s] running egg_info
[1.237s] writing ../build/robot_monitor/robot_monitor.egg-info/PKG-INFO
[1.238s] writing dependency_links to ../build/robot_monitor/robot_monitor.egg-info/dependency_links.txt
[1.238s] writing entry points to ../build/robot_monitor/robot_monitor.egg-info/entry_points.txt
[1.239s] writing requirements to ../build/robot_monitor/robot_monitor.egg-info/requires.txt
[1.239s] writing top-level names to ../build/robot_monitor/robot_monitor.egg-info/top_level.txt
[1.241s] reading manifest file '../build/robot_monitor/robot_monitor.egg-info/SOURCES.txt'
[1.243s] writing manifest file '../build/robot_monitor/robot_monitor.egg-info/SOURCES.txt'
[1.243s] running build
[1.243s] running build_py
[1.243s] running install
[1.244s] running install_lib
[1.246s] running install_data
[1.246s] creating /home/ray/ros2_ws/install/robot_monitor/share/robot_monitor/launch
[1.247s] copying launch/pc_monitor_launch.py -> /home/ray/ros2_ws/install/robot_monitor/share/robot_monitor/launch
[1.248s] running install_egg_info
[1.250s] removing '/home/ray/ros2_ws/install/robot_monitor/lib/python3.10/site-packages/robot_monitor-0.0.0-py3.10.egg-info' (and everything under it)
[1.251s] Copying ../build/robot_monitor/robot_monitor.egg-info to /home/ray/ros2_ws/install/robot_monitor/lib/python3.10/site-packages/robot_monitor-0.0.0-py3.10.egg-info
[1.252s] running install_scripts
[1.273s] writing list of installed files to '/home/ray/ros2_ws/build/robot_monitor/install.log'
[1.302s] Invoked command in '/home/ray/ros2_ws/robot_monitor' returned '0': PYTHONPATH=/home/ray/ros2_ws/build/robot_monitor/prefix_override:/usr/lib/python3/dist-packages/colcon_core/task/python/colcon_distutils_commands:/home/ray/ros2_ws/install/robot_monitor/lib/python3.10/site-packages:${PYTHONPATH} /usr/bin/python3 -W ignore:setup.py install is deprecated -W ignore:easy_install command is deprecated setup.py egg_info --egg-base ../build/robot_monitor build --build-base /home/ray/ros2_ws/build/robot_monitor/build install --record /home/ray/ros2_ws/build/robot_monitor/install.log --single-version-externally-managed install_data
