[0.056s] Invoking command in '/home/ray/ros2_ws/build/ydlidar_ros2_driver': CMAKE_PREFIX_PATH=/opt/ros/humble /usr/bin/cmake --build /home/ray/ros2_ws/build/ydlidar_ros2_driver -- -j4 -l4
[0.271s] -- Found ament_cmake: 1.3.12 (/opt/ros/humble/share/ament_cmake/cmake)
[0.865s] -- Override CMake install command with custom implementation using symlinks instead of copying resources
[0.939s] -- Found rclcpp: 16.0.15 (/opt/ros/humble/share/rclcpp/cmake)
[1.165s] -- Found rosidl_generator_c: 3.1.7 (/opt/ros/humble/share/rosidl_generator_c/cmake)
[1.181s] -- Found rosidl_adapter: 3.1.7 (/opt/ros/humble/share/rosidl_adapter/cmake)
[1.220s] -- Found rosidl_generator_cpp: 3.1.7 (/opt/ros/humble/share/rosidl_generator_cpp/cmake)
[1.279s] -- Using all available rosidl_typesupport_c: rosidl_typesupport_fastrtps_c;rosidl_typesupport_introspection_c
[1.354s] -- Using all available rosidl_typesupport_cpp: rosidl_typesupport_fastrtps_cpp;rosidl_typesupport_introspection_cpp
[1.547s] -- Found rmw_implementation_cmake: 6.1.2 (/opt/ros/humble/share/rmw_implementation_cmake/cmake)
[1.557s] -- Found rmw_fastrtps_cpp: 6.2.9 (/opt/ros/humble/share/rmw_fastrtps_cpp/cmake)
[2.557s] -- Using RMW implementation 'rmw_fastrtps_cpp' as default
[2.839s] -- Found sensor_msgs: 4.9.0 (/opt/ros/humble/share/sensor_msgs/cmake)
[2.991s] -- Found visualization_msgs: 4.9.0 (/opt/ros/humble/share/visualization_msgs/cmake)
[3.085s] -- Found std_srvs: 4.9.0 (/opt/ros/humble/share/std_srvs/cmake)
[3.159s] -- Found ament_lint_auto: 0.12.14 (/opt/ros/humble/share/ament_lint_auto/cmake)
[3.518s] -- Added test 'copyright' to check source files copyright and LICENSE
[3.580s] -- Added test 'cppcheck' to perform static code analysis on C / C++ code
[3.581s] -- Configured cppcheck include dirs: /home/ray/ros2_ws/src/ydlidar_ros2_driver/src
[3.582s] -- Configured cppcheck exclude dirs and/or files: 
[3.636s] -- Added test 'cpplint' to check C / C++ code against the Google style
[3.637s] -- Configured cpplint exclude dirs and/or files: 
[3.646s] -- Added test 'flake8' to check Python code syntax and style conventions
[3.665s] -- Added test 'lint_cmake' to check CMake code style
[3.675s] -- Added test 'pep257' to check Python code against some of the docstring style conventions in PEP 257
[3.731s] -- Added test 'uncrustify' to check C / C++ code style
[3.732s] -- Configured uncrustify additional arguments: 
[3.741s] -- Added test 'xmllint' to check XML markup files
[3.751s] -- Configuring done
[3.884s] -- Generating done
[3.909s] -- Build files have been written to: /home/ray/ros2_ws/build/ydlidar_ros2_driver
[4.022s] [35m[1mConsolidate compiler generated dependencies of target ydlidar_ros2_driver_node[0m
[4.025s] [35m[1mConsolidate compiler generated dependencies of target ydlidar_ros2_driver_client[0m
[4.209s] [ 50%] Built target ydlidar_ros2_driver_client
[4.211s] [100%] Built target ydlidar_ros2_driver_node
[4.249s] Invoked command in '/home/ray/ros2_ws/build/ydlidar_ros2_driver' returned '0': CMAKE_PREFIX_PATH=/opt/ros/humble /usr/bin/cmake --build /home/ray/ros2_ws/build/ydlidar_ros2_driver -- -j4 -l4
[4.285s] Invoking command in '/home/ray/ros2_ws/build/ydlidar_ros2_driver': CMAKE_PREFIX_PATH=/opt/ros/humble /usr/bin/cmake --install /home/ray/ros2_ws/build/ydlidar_ros2_driver
[4.308s] -- Install configuration: ""
[4.310s] -- Execute custom install script
[4.311s] -- Up-to-date symlink: /home/ray/ros2_ws/install/ydlidar_ros2_driver/lib/ydlidar_ros2_driver/ydlidar_ros2_driver_node
[4.312s] -- Up-to-date symlink: /home/ray/ros2_ws/install/ydlidar_ros2_driver/lib/ydlidar_ros2_driver/ydlidar_ros2_driver_client
[4.315s] -- Up-to-date symlink: /home/ray/ros2_ws/install/ydlidar_ros2_driver/share/ydlidar_ros2_driver/launch/robot_control_launch.py
[4.315s] -- Up-to-date symlink: /home/ray/ros2_ws/install/ydlidar_ros2_driver/share/ydlidar_ros2_driver/launch/ydlidar.py
[4.316s] -- Up-to-date symlink: /home/ray/ros2_ws/install/ydlidar_ros2_driver/share/ydlidar_ros2_driver/launch/ydlidar_launch.py
[4.317s] -- Up-to-date symlink: /home/ray/ros2_ws/install/ydlidar_ros2_driver/share/ydlidar_ros2_driver/launch/ydlidar_launch_view.py
[4.318s] -- Up-to-date symlink: /home/ray/ros2_ws/install/ydlidar_ros2_driver/share/ydlidar_ros2_driver/params/G1.yaml
[4.319s] -- Up-to-date symlink: /home/ray/ros2_ws/install/ydlidar_ros2_driver/share/ydlidar_ros2_driver/params/G2.yaml
[4.321s] -- Up-to-date symlink: /home/ray/ros2_ws/install/ydlidar_ros2_driver/share/ydlidar_ros2_driver/params/G4.yaml
[4.321s] -- Up-to-date symlink: /home/ray/ros2_ws/install/ydlidar_ros2_driver/share/ydlidar_ros2_driver/params/G6.yaml
[4.322s] -- Up-to-date symlink: /home/ray/ros2_ws/install/ydlidar_ros2_driver/share/ydlidar_ros2_driver/params/GS2.yaml
[4.322s] -- Up-to-date symlink: /home/ray/ros2_ws/install/ydlidar_ros2_driver/share/ydlidar_ros2_driver/params/GS5.yaml
[4.323s] -- Up-to-date symlink: /home/ray/ros2_ws/install/ydlidar_ros2_driver/share/ydlidar_ros2_driver/params/TEA.yaml
[4.324s] -- Up-to-date symlink: /home/ray/ros2_ws/install/ydlidar_ros2_driver/share/ydlidar_ros2_driver/params/TG.yaml
[4.324s] -- Up-to-date symlink: /home/ray/ros2_ws/install/ydlidar_ros2_driver/share/ydlidar_ros2_driver/params/Tmini-Plus-SH.yaml
[4.325s] -- Up-to-date symlink: /home/ray/ros2_ws/install/ydlidar_ros2_driver/share/ydlidar_ros2_driver/params/Tmini.yaml
[4.327s] -- Up-to-date symlink: /home/ray/ros2_ws/install/ydlidar_ros2_driver/share/ydlidar_ros2_driver/params/X2.yaml
[4.327s] -- Up-to-date symlink: /home/ray/ros2_ws/install/ydlidar_ros2_driver/share/ydlidar_ros2_driver/params/X3.yaml
[4.328s] -- Up-to-date symlink: /home/ray/ros2_ws/install/ydlidar_ros2_driver/share/ydlidar_ros2_driver/params/X4-Pro.yaml
[4.329s] -- Up-to-date symlink: /home/ray/ros2_ws/install/ydlidar_ros2_driver/share/ydlidar_ros2_driver/params/X4.yaml
[4.329s] -- Up-to-date symlink: /home/ray/ros2_ws/install/ydlidar_ros2_driver/share/ydlidar_ros2_driver/params/sdm15.yaml
[4.330s] -- Up-to-date symlink: /home/ray/ros2_ws/install/ydlidar_ros2_driver/share/ydlidar_ros2_driver/params/ydlidar.yaml
[4.331s] -- Up-to-date symlink: /home/ray/ros2_ws/install/ydlidar_ros2_driver/share/ydlidar_ros2_driver/startup/initenv.sh
[4.333s] -- Up-to-date symlink: /home/ray/ros2_ws/install/ydlidar_ros2_driver/share/ydlidar_ros2_driver/config/ydlidar.rviz
[4.334s] -- Up-to-date symlink: /home/ray/ros2_ws/install/ydlidar_ros2_driver/share/ament_index/resource_index/package_run_dependencies/ydlidar_ros2_driver
[4.335s] -- Up-to-date symlink: /home/ray/ros2_ws/install/ydlidar_ros2_driver/share/ament_index/resource_index/parent_prefix_path/ydlidar_ros2_driver
[4.336s] -- Up-to-date symlink: /home/ray/ros2_ws/install/ydlidar_ros2_driver/share/ydlidar_ros2_driver/environment/ament_prefix_path.sh
[4.337s] -- Up-to-date symlink: /home/ray/ros2_ws/install/ydlidar_ros2_driver/share/ydlidar_ros2_driver/environment/ament_prefix_path.dsv
[4.338s] -- Up-to-date symlink: /home/ray/ros2_ws/install/ydlidar_ros2_driver/share/ydlidar_ros2_driver/environment/path.sh
[4.339s] -- Up-to-date symlink: /home/ray/ros2_ws/install/ydlidar_ros2_driver/share/ydlidar_ros2_driver/environment/path.dsv
[4.340s] -- Up-to-date symlink: /home/ray/ros2_ws/install/ydlidar_ros2_driver/share/ydlidar_ros2_driver/local_setup.bash
[4.341s] -- Up-to-date symlink: /home/ray/ros2_ws/install/ydlidar_ros2_driver/share/ydlidar_ros2_driver/local_setup.sh
[4.341s] -- Up-to-date symlink: /home/ray/ros2_ws/install/ydlidar_ros2_driver/share/ydlidar_ros2_driver/local_setup.zsh
[4.343s] -- Up-to-date symlink: /home/ray/ros2_ws/install/ydlidar_ros2_driver/share/ydlidar_ros2_driver/local_setup.dsv
[4.343s] -- Symlinking: /home/ray/ros2_ws/install/ydlidar_ros2_driver/share/ydlidar_ros2_driver/package.dsv
[4.373s] -- Up-to-date symlink: /home/ray/ros2_ws/install/ydlidar_ros2_driver/share/ament_index/resource_index/packages/ydlidar_ros2_driver
[4.374s] -- Up-to-date symlink: /home/ray/ros2_ws/install/ydlidar_ros2_driver/share/ydlidar_ros2_driver/cmake/ydlidar_ros2_driverConfig.cmake
[4.375s] -- Up-to-date symlink: /home/ray/ros2_ws/install/ydlidar_ros2_driver/share/ydlidar_ros2_driver/cmake/ydlidar_ros2_driverConfig-version.cmake
[4.376s] -- Up-to-date symlink: /home/ray/ros2_ws/install/ydlidar_ros2_driver/share/ydlidar_ros2_driver/package.xml
[4.381s] Invoked command in '/home/ray/ros2_ws/build/ydlidar_ros2_driver' returned '0': CMAKE_PREFIX_PATH=/opt/ros/humble /usr/bin/cmake --install /home/ray/ros2_ws/build/ydlidar_ros2_driver
